[ 2017-06-26T21:29:58+08:00 ] ::1 /myshop/index.php/admin/index/adminmain
INFO: [ app_init ] --START--
INFO: Run Behavior\BuildLiteBehavior [ RunTime:0.000014s ]
INFO: [ app_init ] --END-- [ RunTime:0.000394s ]
INFO: [ app_begin ] --START--
INFO: Run Behavior\ReadHtmlCacheBehavior [ RunTime:0.000651s ]
INFO: [ app_begin ] --END-- [ RunTime:0.000697s ]
NOTIC: [8] Undefined index: admin_name E:\Workspace\php\www\myshop\Admin\Controller\IndexController.class.php 第 6 行.
INFO: [ view_parse ] --START--
INFO: [ template_filter ] --START--
INFO: Run Behavior\ContentReplaceBehavior [ RunTime:0.000045s ]
INFO: [ template_filter ] --END-- [ RunTime:0.000097s ]
INFO: Run Behavior\ParseTemplateBehavior [ RunTime:0.007765s ]
INFO: [ view_parse ] --END-- [ RunTime:0.007812s ]
INFO: [ view_filter ] --START--
INFO: Run Behavior\WriteHtmlCacheBehavior [ RunTime:0.000372s ]
INFO: [ view_filter ] --END-- [ RunTime:0.000407s ]

[ 2017-06-26T21:30:00+08:00 ] ::1 /myshop/index.php/Admin/Useradmin/adminlogin
INFO: [ app_init ] --START--
INFO: Run Behavior\BuildLiteBehavior [ RunTime:0.000015s ]
INFO: [ app_init ] --END-- [ RunTime:0.000348s ]
INFO: [ app_begin ] --START--
INFO: Run Behavior\ReadHtmlCacheBehavior [ RunTime:0.000520s ]
INFO: [ app_begin ] --END-- [ RunTime:0.000566s ]
INFO: [ view_parse ] --START--
INFO: [ template_filter ] --START--
INFO: Run Behavior\ContentReplaceBehavior [ RunTime:0.000041s ]
INFO: [ template_filter ] --END-- [ RunTime:0.000092s ]
INFO: Run Behavior\ParseTemplateBehavior [ RunTime:0.005564s ]
INFO: [ view_parse ] --END-- [ RunTime:0.005610s ]
INFO: [ view_filter ] --START--
INFO: Run Behavior\WriteHtmlCacheBehavior [ RunTime:0.000229s ]
INFO: [ view_filter ] --END-- [ RunTime:0.000266s ]
INFO: [ app_end ] --START--
INFO: Run Behavior\ShowPageTraceBehavior [ RunTime:0.000638s ]
INFO: [ app_end ] --END-- [ RunTime:0.000678s ]

[ 2017-06-26T21:30:07+08:00 ] ::1 /myshop/index.php/Admin/Useradmin/adlogin.html
INFO: [ app_init ] --START--
INFO: Run Behavior\BuildLiteBehavior [ RunTime:0.000018s ]
INFO: [ app_init ] --END-- [ RunTime:0.000512s ]
INFO: [ app_begin ] --START--
INFO: Run Behavior\ReadHtmlCacheBehavior [ RunTime:0.000690s ]
INFO: [ app_begin ] --END-- [ RunTime:0.000745s ]

[ 2017-06-26T21:30:07+08:00 ] ::1 /myshop/index.php/admin/index/adminmain.html
INFO: [ app_init ] --START--
INFO: Run Behavior\BuildLiteBehavior [ RunTime:0.000013s ]
INFO: [ app_init ] --END-- [ RunTime:0.000380s ]
INFO: [ app_begin ] --START--
INFO: Run Behavior\ReadHtmlCacheBehavior [ RunTime:0.000548s ]
INFO: [ app_begin ] --END-- [ RunTime:0.000593s ]
INFO: [ view_parse ] --START--
INFO: [ template_filter ] --START--
INFO: Run Behavior\ContentReplaceBehavior [ RunTime:0.000053s ]
INFO: [ template_filter ] --END-- [ RunTime:0.000106s ]
INFO: Run Behavior\ParseTemplateBehavior [ RunTime:0.009688s ]
INFO: [ view_parse ] --END-- [ RunTime:0.009811s ]
INFO: [ view_filter ] --START--
INFO: Run Behavior\WriteHtmlCacheBehavior [ RunTime:0.000337s ]
INFO: [ view_filter ] --END-- [ RunTime:0.000372s ]
INFO: [ app_end ] --START--
INFO: Run Behavior\ShowPageTraceBehavior [ RunTime:0.000618s ]
INFO: [ app_end ] --END-- [ RunTime:0.000659s ]

[ 2017-06-26T21:30:07+08:00 ] ::1 /myshop/index.php/admin/index/welcomeAdmin.html
INFO: [ app_init ] --START--
INFO: Run Behavior\BuildLiteBehavior [ RunTime:0.000021s ]
INFO: [ app_init ] --END-- [ RunTime:0.000539s ]
INFO: [ app_begin ] --START--
INFO: Run Behavior\ReadHtmlCacheBehavior [ RunTime:0.000729s ]
INFO: [ app_begin ] --END-- [ RunTime:0.000886s ]
INFO: [ view_parse ] --START--
INFO: [ template_filter ] --START--
INFO: Run Behavior\ContentReplaceBehavior [ RunTime:0.000073s ]
INFO: [ template_filter ] --END-- [ RunTime:0.000165s ]
INFO: Run Behavior\ParseTemplateBehavior [ RunTime:0.007074s ]
INFO: [ view_parse ] --END-- [ RunTime:0.007142s ]
INFO: [ view_filter ] --START--
INFO: Run Behavior\WriteHtmlCacheBehavior [ RunTime:0.000303s ]
INFO: [ view_filter ] --END-- [ RunTime:0.000347s ]
INFO: [ app_end ] --START--
INFO: Run Behavior\ShowPageTraceBehavior [ RunTime:0.000661s ]
INFO: [ app_end ] --END-- [ RunTime:0.000717s ]

[ 2017-06-26T21:30:13+08:00 ] ::1 /myshop/index.php/admin/Goods/goods_list.html
INFO: [ app_init ] --START--
INFO: Run Behavior\BuildLiteBehavior [ RunTime:0.000013s ]
INFO: [ app_init ] --END-- [ RunTime:0.000349s ]
INFO: [ app_begin ] --START--
INFO: Run Behavior\ReadHtmlCacheBehavior [ RunTime:0.000528s ]
INFO: [ app_begin ] --END-- [ RunTime:0.000573s ]
SQL: SHOW COLUMNS FROM `goods` [ RunTime:0.0509s ]
SQL: SELECT * FROM `goods` ORDER BY goods_id desc LIMIT 0,5   [ RunTime:0.0009s ]
SQL: SELECT COUNT(*) AS tp_count FROM `goods` LIMIT 1   [ RunTime:0.0006s ]
INFO: [ view_parse ] --START--
INFO: [ template_filter ] --START--
INFO: Run Behavior\ContentReplaceBehavior [ RunTime:0.000232s ]
INFO: [ template_filter ] --END-- [ RunTime:0.000463s ]
INFO: Run Behavior\ParseTemplateBehavior [ RunTime:0.024977s ]
INFO: [ view_parse ] --END-- [ RunTime:0.025139s ]
INFO: [ view_filter ] --START--
INFO: Run Behavior\WriteHtmlCacheBehavior [ RunTime:0.000732s ]
INFO: [ view_filter ] --END-- [ RunTime:0.000843s ]
INFO: [ app_end ] --START--
INFO: Run Behavior\ShowPageTraceBehavior [ RunTime:0.001330s ]
INFO: [ app_end ] --END-- [ RunTime:0.001415s ]

[ 2017-06-26T21:30:24+08:00 ] ::1 /myshop/index.php/admin/Category/cat_list.html
INFO: [ app_init ] --START--
INFO: Run Behavior\BuildLiteBehavior [ RunTime:0.000017s ]
INFO: [ app_init ] --END-- [ RunTime:0.000406s ]
INFO: [ app_begin ] --START--
INFO: Run Behavior\ReadHtmlCacheBehavior [ RunTime:0.000574s ]
INFO: [ app_begin ] --END-- [ RunTime:0.000626s ]
SQL: SHOW COLUMNS FROM `category` [ RunTime:0.0721s ]
SQL: SELECT * FROM `category` ORDER BY cat_id LIMIT 0,5   [ RunTime:0.0008s ]
SQL: SELECT COUNT(*) AS tp_count FROM `category` LIMIT 1   [ RunTime:0.0005s ]
INFO: [ view_parse ] --START--
INFO: [ template_filter ] --START--
INFO: Run Behavior\ContentReplaceBehavior [ RunTime:0.000199s ]
INFO: [ template_filter ] --END-- [ RunTime:0.000335s ]
INFO: Run Behavior\ParseTemplateBehavior [ RunTime:0.023430s ]
INFO: [ view_parse ] --END-- [ RunTime:0.023578s ]
INFO: [ view_filter ] --START--
INFO: Run Behavior\WriteHtmlCacheBehavior [ RunTime:0.000551s ]
INFO: [ view_filter ] --END-- [ RunTime:0.000629s ]
INFO: [ app_end ] --START--
INFO: Run Behavior\ShowPageTraceBehavior [ RunTime:0.001475s ]
INFO: [ app_end ] --END-- [ RunTime:0.001642s ]

[ 2017-06-26T21:30:26+08:00 ] ::1 /myshop/index.php/admin/category/resultCategory.html
INFO: [ app_init ] --START--
INFO: Run Behavior\BuildLiteBehavior [ RunTime:0.000013s ]
INFO: [ app_init ] --END-- [ RunTime:0.000342s ]
INFO: [ app_begin ] --START--
INFO: Run Behavior\ReadHtmlCacheBehavior [ RunTime:0.000775s ]
INFO: [ app_begin ] --END-- [ RunTime:0.000895s ]
SQL: SHOW COLUMNS FROM `category` [ RunTime:0.0051s ]
SQL: SELECT * FROM `category`  [ RunTime:0.0004s ]
SQL: SELECT * FROM `category`  [ RunTime:0.0004s ]
SQL: SELECT * FROM `category`  [ RunTime:0.0004s ]
SQL: SELECT * FROM `category`  [ RunTime:0.0004s ]
SQL: SELECT * FROM `category`  [ RunTime:0.0004s ]
SQL: SELECT * FROM `category`  [ RunTime:0.0004s ]
SQL: SELECT * FROM `category`  [ RunTime:0.0004s ]
SQL: SELECT * FROM `category`  [ RunTime:0.0004s ]
SQL: SELECT * FROM `category`  [ RunTime:0.0004s ]
SQL: SELECT * FROM `category`  [ RunTime:0.0004s ]
SQL: SELECT * FROM `category`  [ RunTime:0.0004s ]
SQL: SELECT * FROM `category`  [ RunTime:0.0004s ]
SQL: SELECT * FROM `category`  [ RunTime:0.0004s ]
SQL: SELECT * FROM `category`  [ RunTime:0.0004s ]

[ 2017-06-26T22:21:00+08:00 ] ::1 /myshop/index.php/admin/Goods/goods_list.html
INFO: [ app_init ] --START--
INFO: Run Behavior\BuildLiteBehavior [ RunTime:0.000024s ]
INFO: [ app_init ] --END-- [ RunTime:0.000647s ]
INFO: [ app_begin ] --START--
INFO: Run Behavior\ReadHtmlCacheBehavior [ RunTime:0.001289s ]
INFO: [ app_begin ] --END-- [ RunTime:0.001403s ]
SQL: SHOW COLUMNS FROM `goods` [ RunTime:0.0755s ]
SQL: SELECT * FROM `goods` ORDER BY goods_id desc LIMIT 0,5   [ RunTime:0.0008s ]
SQL: SELECT COUNT(*) AS tp_count FROM `goods` LIMIT 1   [ RunTime:0.0005s ]
INFO: [ view_parse ] --START--
INFO: [ template_filter ] --START--
INFO: Run Behavior\ContentReplaceBehavior [ RunTime:0.000184s ]
INFO: [ template_filter ] --END-- [ RunTime:0.000327s ]
INFO: Run Behavior\ParseTemplateBehavior [ RunTime:0.027775s ]
INFO: [ view_parse ] --END-- [ RunTime:0.027924s ]
INFO: [ view_filter ] --START--
INFO: Run Behavior\WriteHtmlCacheBehavior [ RunTime:0.001080s ]
INFO: [ view_filter ] --END-- [ RunTime:0.001194s ]
INFO: [ app_end ] --START--
INFO: Run Behavior\ShowPageTraceBehavior [ RunTime:0.001937s ]
INFO: [ app_end ] --END-- [ RunTime:0.002058s ]

[ 2017-06-26T22:21:06+08:00 ] ::1 /myshop/index.php/admin/goods/goods_add.html
INFO: [ app_init ] --START--
INFO: Run Behavior\BuildLiteBehavior [ RunTime:0.000015s ]
INFO: [ app_init ] --END-- [ RunTime:0.000356s ]
INFO: [ app_begin ] --START--
INFO: Run Behavior\ReadHtmlCacheBehavior [ RunTime:0.000498s ]
INFO: [ app_begin ] --END-- [ RunTime:0.000560s ]
SQL: SHOW COLUMNS FROM `goods` [ RunTime:0.0353s ]
SQL: SHOW COLUMNS FROM `category` [ RunTime:0.0101s ]
SQL: SELECT * FROM `category`  [ RunTime:0.0008s ]
SQL: SELECT * FROM `category`  [ RunTime:0.0006s ]
SQL: SELECT * FROM `category`  [ RunTime:0.0007s ]
SQL: SELECT * FROM `category`  [ RunTime:0.0007s ]
SQL: SELECT * FROM `category`  [ RunTime:0.0007s ]
SQL: SELECT * FROM `category`  [ RunTime:0.0006s ]
SQL: SELECT * FROM `category`  [ RunTime:0.0007s ]
SQL: SELECT * FROM `category`  [ RunTime:0.0007s ]
SQL: SELECT * FROM `category`  [ RunTime:0.0008s ]
SQL: SELECT * FROM `category`  [ RunTime:0.0007s ]
SQL: SELECT * FROM `category`  [ RunTime:0.0006s ]
SQL: SELECT * FROM `category`  [ RunTime:0.0008s ]
SQL: SELECT * FROM `category`  [ RunTime:0.0010s ]
SQL: SELECT * FROM `category`  [ RunTime:0.0009s ]
INFO: [ view_parse ] --START--
INFO: [ template_filter ] --START--
INFO: Run Behavior\ContentReplaceBehavior [ RunTime:0.000238s ]
INFO: [ template_filter ] --END-- [ RunTime:0.000332s ]
INFO: Run Behavior\ParseTemplateBehavior [ RunTime:0.021574s ]
INFO: [ view_parse ] --END-- [ RunTime:0.021696s ]
INFO: [ view_filter ] --START--
INFO: Run Behavior\WriteHtmlCacheBehavior [ RunTime:0.000471s ]
INFO: [ view_filter ] --END-- [ RunTime:0.000543s ]
INFO: [ app_end ] --START--
INFO: Run Behavior\ShowPageTraceBehavior [ RunTime:0.001056s ]
INFO: [ app_end ] --END-- [ RunTime:0.001162s ]

[ 2017-06-26T22:27:55+08:00 ] ::1 /myshop/index.php/admin/Category/cat_list.html
INFO: [ app_init ] --START--
INFO: Run Behavior\BuildLiteBehavior [ RunTime:0.000016s ]
INFO: [ app_init ] --END-- [ RunTime:0.000476s ]
INFO: [ app_begin ] --START--
INFO: Run Behavior\ReadHtmlCacheBehavior [ RunTime:0.001211s ]
INFO: [ app_begin ] --END-- [ RunTime:0.001322s ]
SQL: SHOW COLUMNS FROM `category` [ RunTime:0.0131s ]
SQL: SELECT * FROM `category` ORDER BY cat_id LIMIT 0,5   [ RunTime:0.0008s ]
SQL: SELECT COUNT(*) AS tp_count FROM `category` LIMIT 1   [ RunTime:0.0005s ]
INFO: [ view_parse ] --START--
INFO: [ template_filter ] --START--
INFO: Run Behavior\ContentReplaceBehavior [ RunTime:0.000088s ]
INFO: [ template_filter ] --END-- [ RunTime:0.000149s ]
INFO: Run Behavior\ParseTemplateBehavior [ RunTime:0.022444s ]
INFO: [ view_parse ] --END-- [ RunTime:0.022586s ]
INFO: [ view_filter ] --START--
INFO: Run Behavior\WriteHtmlCacheBehavior [ RunTime:0.000539s ]
INFO: [ view_filter ] --END-- [ RunTime:0.000594s ]
INFO: [ app_end ] --START--
INFO: Run Behavior\ShowPageTraceBehavior [ RunTime:0.000951s ]
INFO: [ app_end ] --END-- [ RunTime:0.001012s ]

[ 2017-06-26T22:27:56+08:00 ] ::1 /myshop/index.php/admin/category/resultCategory.html
INFO: [ app_init ] --START--
INFO: Run Behavior\BuildLiteBehavior [ RunTime:0.000030s ]
INFO: [ app_init ] --END-- [ RunTime:0.000473s ]
INFO: [ app_begin ] --START--
INFO: Run Behavior\ReadHtmlCacheBehavior [ RunTime:0.000520s ]
INFO: [ app_begin ] --END-- [ RunTime:0.000584s ]
SQL: SHOW COLUMNS FROM `category` [ RunTime:0.0106s ]
SQL: SELECT * FROM `category`  [ RunTime:0.0008s ]
SQL: SELECT * FROM `category`  [ RunTime:0.0006s ]
SQL: SELECT * FROM `category`  [ RunTime:0.0007s ]
SQL: SELECT * FROM `category`  [ RunTime:0.0006s ]
SQL: SELECT * FROM `category`  [ RunTime:0.0007s ]
SQL: SELECT * FROM `category`  [ RunTime:0.0006s ]
SQL: SELECT * FROM `category`  [ RunTime:0.0007s ]
SQL: SELECT * FROM `category`  [ RunTime:0.0006s ]
SQL: SELECT * FROM `category`  [ RunTime:0.0006s ]
SQL: SELECT * FROM `category`  [ RunTime:0.0007s ]
SQL: SELECT * FROM `category`  [ RunTime:0.0007s ]
SQL: SELECT * FROM `category`  [ RunTime:0.0006s ]
SQL: SELECT * FROM `category`  [ RunTime:0.0007s ]
SQL: SELECT * FROM `category`  [ RunTime:0.0006s ]

[ 2017-06-26T22:28:02+08:00 ] ::1 /myshop/index.php/admin/category/cat_add.html
INFO: [ app_init ] --START--
INFO: Run Behavior\BuildLiteBehavior [ RunTime:0.000014s ]
INFO: [ app_init ] --END-- [ RunTime:0.000381s ]
INFO: [ app_begin ] --START--
INFO: Run Behavior\ReadHtmlCacheBehavior [ RunTime:0.000526s ]
INFO: [ app_begin ] --END-- [ RunTime:0.000573s ]
SQL: SHOW COLUMNS FROM `category` [ RunTime:0.0110s ]
SQL: SELECT * FROM `category`  [ RunTime:0.0008s ]
SQL: SELECT * FROM `category`  [ RunTime:0.0006s ]
SQL: SELECT * FROM `category`  [ RunTime:0.0006s ]
SQL: SELECT * FROM `category`  [ RunTime:0.0008s ]
SQL: SELECT * FROM `category`  [ RunTime:0.0008s ]
SQL: SELECT * FROM `category`  [ RunTime:0.0007s ]
SQL: SELECT * FROM `category`  [ RunTime:0.0006s ]
SQL: SELECT * FROM `category`  [ RunTime:0.0007s ]
SQL: SELECT * FROM `category`  [ RunTime:0.0007s ]
SQL: SELECT * FROM `category`  [ RunTime:0.0007s ]
SQL: SELECT * FROM `category`  [ RunTime:0.0007s ]
SQL: SELECT * FROM `category`  [ RunTime:0.0007s ]
SQL: SELECT * FROM `category`  [ RunTime:0.0007s ]
SQL: SELECT * FROM `category`  [ RunTime:0.0007s ]
INFO: [ view_parse ] --START--
INFO: [ template_filter ] --START--
INFO: Run Behavior\ContentReplaceBehavior [ RunTime:0.000107s ]
INFO: [ template_filter ] --END-- [ RunTime:0.000194s ]
INFO: Run Behavior\ParseTemplateBehavior [ RunTime:0.016800s ]
INFO: [ view_parse ] --END-- [ RunTime:0.016944s ]
INFO: [ view_filter ] --START--
INFO: Run Behavior\WriteHtmlCacheBehavior [ RunTime:0.000449s ]
INFO: [ view_filter ] --END-- [ RunTime:0.000517s ]
INFO: [ app_end ] --START--
INFO: Run Behavior\ShowPageTraceBehavior [ RunTime:0.000967s ]
INFO: [ app_end ] --END-- [ RunTime:0.001065s ]

[ 2017-06-26T22:28:39+08:00 ] ::1 /myshop/index.php/admin/category/cat_add.html
INFO: [ app_init ] --START--
INFO: Run Behavior\BuildLiteBehavior [ RunTime:0.000017s ]
INFO: [ app_init ] --END-- [ RunTime:0.000468s ]
INFO: [ app_begin ] --START--
INFO: Run Behavior\ReadHtmlCacheBehavior [ RunTime:0.000656s ]
INFO: [ app_begin ] --END-- [ RunTime:0.000752s ]
SQL: SHOW COLUMNS FROM `category` [ RunTime:0.0104s ]
SQL: INSERT INTO `category` (`cat_name`,`parent_id`,`cat_desc`) VALUES ('礼盒花','3','用礼盒装住的鲜花，搭配鲜艳美丽') [ RunTime:0.0619s ]

[ 2017-06-26T22:28:41+08:00 ] ::1 /myshop/index.php/admin/category/cat_list.html
INFO: [ app_init ] --START--
INFO: Run Behavior\BuildLiteBehavior [ RunTime:0.000025s ]
INFO: [ app_init ] --END-- [ RunTime:0.000645s ]
INFO: [ app_begin ] --START--
INFO: Run Behavior\ReadHtmlCacheBehavior [ RunTime:0.001208s ]
INFO: [ app_begin ] --END-- [ RunTime:0.001310s ]
SQL: SHOW COLUMNS FROM `category` [ RunTime:0.0125s ]
SQL: SELECT * FROM `category` ORDER BY cat_id LIMIT 0,5   [ RunTime:0.0007s ]
SQL: SELECT COUNT(*) AS tp_count FROM `category` LIMIT 1   [ RunTime:0.0006s ]
INFO: [ view_parse ] --START--
INFO: [ template_filter ] --START--
INFO: Run Behavior\ContentReplaceBehavior [ RunTime:0.000194s ]
INFO: [ template_filter ] --END-- [ RunTime:0.000328s ]
INFO: Run Behavior\ParseTemplateBehavior [ RunTime:0.023306s ]
INFO: [ view_parse ] --END-- [ RunTime:0.023445s ]
INFO: [ view_filter ] --START--
INFO: Run Behavior\WriteHtmlCacheBehavior [ RunTime:0.000342s ]
INFO: [ view_filter ] --END-- [ RunTime:0.000393s ]
INFO: [ app_end ] --START--
INFO: Run Behavior\ShowPageTraceBehavior [ RunTime:0.000885s ]
INFO: [ app_end ] --END-- [ RunTime:0.000948s ]

[ 2017-06-26T22:28:42+08:00 ] ::1 /myshop/index.php/admin/category/resultCategory.html
INFO: [ app_init ] --START--
INFO: Run Behavior\BuildLiteBehavior [ RunTime:0.000023s ]
INFO: [ app_init ] --END-- [ RunTime:0.000458s ]
INFO: [ app_begin ] --START--
INFO: Run Behavior\ReadHtmlCacheBehavior [ RunTime:0.000771s ]
INFO: [ app_begin ] --END-- [ RunTime:0.000841s ]
SQL: SHOW COLUMNS FROM `category` [ RunTime:0.0260s ]
SQL: SELECT * FROM `category`  [ RunTime:0.0008s ]
SQL: SELECT * FROM `category`  [ RunTime:0.0007s ]
SQL: SELECT * FROM `category`  [ RunTime:0.0007s ]
SQL: SELECT * FROM `category`  [ RunTime:0.0007s ]
SQL: SELECT * FROM `category`  [ RunTime:0.0007s ]
SQL: SELECT * FROM `category`  [ RunTime:0.0007s ]
SQL: SELECT * FROM `category`  [ RunTime:0.0007s ]
SQL: SELECT * FROM `category`  [ RunTime:0.0007s ]
SQL: SELECT * FROM `category`  [ RunTime:0.0007s ]
SQL: SELECT * FROM `category`  [ RunTime:0.0007s ]
SQL: SELECT * FROM `category`  [ RunTime:0.0007s ]
SQL: SELECT * FROM `category`  [ RunTime:0.0007s ]
SQL: SELECT * FROM `category`  [ RunTime:0.0007s ]
SQL: SELECT * FROM `category`  [ RunTime:0.0007s ]
SQL: SELECT * FROM `category`  [ RunTime:0.0007s ]

[ 2017-06-26T22:34:07+08:00 ] ::1 /myshop/index.php/admin/Goods/goods_list.html
INFO: [ app_init ] --START--
INFO: Run Behavior\BuildLiteBehavior [ RunTime:0.000014s ]
INFO: [ app_init ] --END-- [ RunTime:0.000396s ]
INFO: [ app_begin ] --START--
INFO: Run Behavior\ReadHtmlCacheBehavior [ RunTime:0.000653s ]
INFO: [ app_begin ] --END-- [ RunTime:0.000698s ]
SQL: SHOW COLUMNS FROM `goods` [ RunTime:0.0150s ]
SQL: SELECT * FROM `goods` ORDER BY goods_id desc LIMIT 0,5   [ RunTime:0.0009s ]
SQL: SELECT COUNT(*) AS tp_count FROM `goods` LIMIT 1   [ RunTime:0.0006s ]
INFO: [ view_parse ] --START--
INFO: [ template_filter ] --START--
INFO: Run Behavior\ContentReplaceBehavior [ RunTime:0.000113s ]
INFO: [ template_filter ] --END-- [ RunTime:0.000203s ]
INFO: Run Behavior\ParseTemplateBehavior [ RunTime:0.018813s ]
INFO: [ view_parse ] --END-- [ RunTime:0.018974s ]
INFO: [ view_filter ] --START--
INFO: Run Behavior\WriteHtmlCacheBehavior [ RunTime:0.000690s ]
INFO: [ view_filter ] --END-- [ RunTime:0.000763s ]
INFO: [ app_end ] --START--
INFO: Run Behavior\ShowPageTraceBehavior [ RunTime:0.001190s ]
INFO: [ app_end ] --END-- [ RunTime:0.001265s ]

[ 2017-06-26T22:34:09+08:00 ] ::1 /myshop/index.php/admin/goods/goods_add.html
INFO: [ app_init ] --START--
INFO: Run Behavior\BuildLiteBehavior [ RunTime:0.000015s ]
INFO: [ app_init ] --END-- [ RunTime:0.000376s ]
INFO: [ app_begin ] --START--
INFO: Run Behavior\ReadHtmlCacheBehavior [ RunTime:0.000503s ]
INFO: [ app_begin ] --END-- [ RunTime:0.000549s ]
SQL: SHOW COLUMNS FROM `goods` [ RunTime:0.2131s ]
SQL: SHOW COLUMNS FROM `category` [ RunTime:0.0113s ]
SQL: SELECT * FROM `category`  [ RunTime:0.0008s ]
SQL: SELECT * FROM `category`  [ RunTime:0.0007s ]
SQL: SELECT * FROM `category`  [ RunTime:0.0007s ]
SQL: SELECT * FROM `category`  [ RunTime:0.0007s ]
SQL: SELECT * FROM `category`  [ RunTime:0.0007s ]
SQL: SELECT * FROM `category`  [ RunTime:0.0007s ]
SQL: SELECT * FROM `category`  [ RunTime:0.0009s ]
SQL: SELECT * FROM `category`  [ RunTime:0.0009s ]
SQL: SELECT * FROM `category`  [ RunTime:0.0007s ]
SQL: SELECT * FROM `category`  [ RunTime:0.0007s ]
SQL: SELECT * FROM `category`  [ RunTime:0.0007s ]
SQL: SELECT * FROM `category`  [ RunTime:0.0007s ]
SQL: SELECT * FROM `category`  [ RunTime:0.0007s ]
SQL: SELECT * FROM `category`  [ RunTime:0.0007s ]
SQL: SELECT * FROM `category`  [ RunTime:0.0007s ]
INFO: [ view_parse ] --START--
INFO: [ template_filter ] --START--
INFO: Run Behavior\ContentReplaceBehavior [ RunTime:0.000222s ]
INFO: [ template_filter ] --END-- [ RunTime:0.000310s ]
INFO: Run Behavior\ParseTemplateBehavior [ RunTime:0.020509s ]
INFO: [ view_parse ] --END-- [ RunTime:0.020620s ]
INFO: [ view_filter ] --START--
INFO: Run Behavior\WriteHtmlCacheBehavior [ RunTime:0.000449s ]
INFO: [ view_filter ] --END-- [ RunTime:0.000517s ]
INFO: [ app_end ] --START--
INFO: Run Behavior\ShowPageTraceBehavior [ RunTime:0.001079s ]
INFO: [ app_end ] --END-- [ RunTime:0.001181s ]

[ 2017-06-26T22:48:51+08:00 ] ::1 /myshop/index.php/admin/goods/goods_add.html
INFO: [ app_init ] --START--
INFO: Run Behavior\BuildLiteBehavior [ RunTime:0.000014s ]
INFO: [ app_init ] --END-- [ RunTime:0.000445s ]
INFO: [ app_begin ] --START--
INFO: Run Behavior\ReadHtmlCacheBehavior [ RunTime:0.001009s ]
INFO: [ app_begin ] --END-- [ RunTime:0.001120s ]
SQL: SHOW COLUMNS FROM `goods` [ RunTime:0.0122s ]
NOTIC: [2] call_user_func() expects parameter 1 to be a valid callback, no array or string given E:\Workspace\php\www\ThinkPHP\Library\Think\Upload.class.php 第 170 行.
SQL: INSERT INTO `goods` (`goods_name`,`cat_id`,`buying_price`,`shop_price`,`market_price`,`goods_summary`,`goods_desc`,`goods_place`,`goods_weight`,`warehouse_num`,`goods_save`,`goods_img`,`ori_img`) VALUES ('紫陌芳菲','14','200','500','760','红绣球，蓝绣球，桃红色玫瑰，红色蕙兰，紫色蝴蝶兰 ，蓝色小飞燕 ，翡翠珠','抢眼的紫红蓝搭配，配色大胆漂亮，给人一种很大方舒适的感觉','广东省广州市','长36cm 宽36cm 高12cm','10','1.打开花盒，您可用手轻轻拨弄花瓣，让花朵恢复立体感
2.尽量避免太热的环境。每隔一天，从花盒的边缘或缝隙轻轻倒入约50ml的水
3.请勿直接向花心喷水，应保持距离，以雾状喷洒的方式
4.花盒需保持打开状态以供欣赏，切勿倒立斜置，只需让花盛放在盒中静静观赏就好','/myshop/Public/Upload/thumb/59511ed34b353.jpg','/myshop/Public/Upload/2017-06-26/59511ed34b353.jpg') [ RunTime:0.0861s ]

[ 2017-06-26T22:48:52+08:00 ] ::1 /myshop/index.php/admin/goods/goods_list.html
INFO: [ app_init ] --START--
INFO: Run Behavior\BuildLiteBehavior [ RunTime:0.000017s ]
INFO: [ app_init ] --END-- [ RunTime:0.000713s ]
INFO: [ app_begin ] --START--
INFO: Run Behavior\ReadHtmlCacheBehavior [ RunTime:0.001642s ]
INFO: [ app_begin ] --END-- [ RunTime:0.001711s ]
SQL: SHOW COLUMNS FROM `goods` [ RunTime:0.0397s ]
SQL: SELECT * FROM `goods` ORDER BY goods_id desc LIMIT 0,5   [ RunTime:0.0010s ]
SQL: SELECT COUNT(*) AS tp_count FROM `goods` LIMIT 1   [ RunTime:0.0007s ]
INFO: [ view_parse ] --START--
INFO: [ template_filter ] --START--
INFO: Run Behavior\ContentReplaceBehavior [ RunTime:0.000105s ]
INFO: [ template_filter ] --END-- [ RunTime:0.000196s ]
INFO: Run Behavior\ParseTemplateBehavior [ RunTime:0.026387s ]
INFO: [ view_parse ] --END-- [ RunTime:0.026511s ]
INFO: [ view_filter ] --START--
INFO: Run Behavior\WriteHtmlCacheBehavior [ RunTime:0.001511s ]
INFO: [ view_filter ] --END-- [ RunTime:0.001602s ]
INFO: [ app_end ] --START--
INFO: Run Behavior\ShowPageTraceBehavior [ RunTime:0.002117s ]
INFO: [ app_end ] --END-- [ RunTime:0.002220s ]

[ 2017-06-26T23:03:01+08:00 ] ::1 /myshop/index.php/admin/index/adminmain.html
INFO: [ app_init ] --START--
INFO: Run Behavior\BuildLiteBehavior [ RunTime:0.000073s ]
INFO: [ app_init ] --END-- [ RunTime:0.000740s ]
INFO: [ app_begin ] --START--
INFO: Run Behavior\ReadHtmlCacheBehavior [ RunTime:0.000980s ]
INFO: [ app_begin ] --END-- [ RunTime:0.001101s ]
INFO: [ view_parse ] --START--
INFO: [ template_filter ] --START--
INFO: Run Behavior\ContentReplaceBehavior [ RunTime:0.000054s ]
INFO: [ template_filter ] --END-- [ RunTime:0.000102s ]
INFO: Run Behavior\ParseTemplateBehavior [ RunTime:0.006491s ]
INFO: [ view_parse ] --END-- [ RunTime:0.006556s ]
INFO: [ view_filter ] --START--
INFO: Run Behavior\WriteHtmlCacheBehavior [ RunTime:0.000332s ]
INFO: [ view_filter ] --END-- [ RunTime:0.000370s ]
INFO: [ app_end ] --START--
INFO: Run Behavior\ShowPageTraceBehavior [ RunTime:0.000631s ]
INFO: [ app_end ] --END-- [ RunTime:0.000673s ]

[ 2017-06-26T23:03:01+08:00 ] ::1 /myshop/index.php/admin/index/welcomeAdmin.html
INFO: [ app_init ] --START--
INFO: Run Behavior\BuildLiteBehavior [ RunTime:0.000015s ]
INFO: [ app_init ] --END-- [ RunTime:0.000359s ]
INFO: [ app_begin ] --START--
INFO: Run Behavior\ReadHtmlCacheBehavior [ RunTime:0.000527s ]
INFO: [ app_begin ] --END-- [ RunTime:0.000574s ]
INFO: [ view_parse ] --START--
INFO: [ template_filter ] --START--
INFO: Run Behavior\ContentReplaceBehavior [ RunTime:0.000038s ]
INFO: [ template_filter ] --END-- [ RunTime:0.000111s ]
INFO: Run Behavior\ParseTemplateBehavior [ RunTime:0.007489s ]
INFO: [ view_parse ] --END-- [ RunTime:0.007545s ]
INFO: [ view_filter ] --START--
INFO: Run Behavior\WriteHtmlCacheBehavior [ RunTime:0.000245s ]
INFO: [ view_filter ] --END-- [ RunTime:0.000284s ]
INFO: [ app_end ] --START--
INFO: Run Behavior\ShowPageTraceBehavior [ RunTime:0.000512s ]
INFO: [ app_end ] --END-- [ RunTime:0.000555s ]

[ 2017-06-26T23:03:03+08:00 ] ::1 /myshop/index.php/admin/Category/cat_list.html
INFO: [ app_init ] --START--
INFO: Run Behavior\BuildLiteBehavior [ RunTime:0.000016s ]
INFO: [ app_init ] --END-- [ RunTime:0.000397s ]
INFO: [ app_begin ] --START--
INFO: Run Behavior\ReadHtmlCacheBehavior [ RunTime:0.000622s ]
INFO: [ app_begin ] --END-- [ RunTime:0.000688s ]
SQL: SHOW COLUMNS FROM `category` [ RunTime:0.0113s ]
SQL: SELECT * FROM `category` ORDER BY cat_id LIMIT 0,5   [ RunTime:0.0008s ]
SQL: SELECT COUNT(*) AS tp_count FROM `category` LIMIT 1   [ RunTime:0.0005s ]
INFO: [ view_parse ] --START--
INFO: [ template_filter ] --START--
INFO: Run Behavior\ContentReplaceBehavior [ RunTime:0.000143s ]
INFO: [ template_filter ] --END-- [ RunTime:0.000257s ]
INFO: Run Behavior\ParseTemplateBehavior [ RunTime:0.023707s ]
INFO: [ view_parse ] --END-- [ RunTime:0.023875s ]
INFO: [ view_filter ] --START--
INFO: Run Behavior\WriteHtmlCacheBehavior [ RunTime:0.000527s ]
INFO: [ view_filter ] --END-- [ RunTime:0.000609s ]
INFO: [ app_end ] --START--
INFO: Run Behavior\ShowPageTraceBehavior [ RunTime:0.001356s ]
INFO: [ app_end ] --END-- [ RunTime:0.001455s ]

[ 2017-06-26T23:03:05+08:00 ] ::1 /myshop/index.php/admin/category/resultCategory.html
INFO: [ app_init ] --START--
INFO: Run Behavior\BuildLiteBehavior [ RunTime:0.000016s ]
INFO: [ app_init ] --END-- [ RunTime:0.000397s ]
INFO: [ app_begin ] --START--
INFO: Run Behavior\ReadHtmlCacheBehavior [ RunTime:0.000504s ]
INFO: [ app_begin ] --END-- [ RunTime:0.000550s ]
SQL: SHOW COLUMNS FROM `category` [ RunTime:0.0110s ]
SQL: SELECT * FROM `category`  [ RunTime:0.0009s ]
SQL: SELECT * FROM `category`  [ RunTime:0.0007s ]
SQL: SELECT * FROM `category`  [ RunTime:0.0008s ]
SQL: SELECT * FROM `category`  [ RunTime:0.0007s ]
SQL: SELECT * FROM `category`  [ RunTime:0.0006s ]
SQL: SELECT * FROM `category`  [ RunTime:0.0006s ]
SQL: SELECT * FROM `category`  [ RunTime:0.0007s ]
SQL: SELECT * FROM `category`  [ RunTime:0.0007s ]
SQL: SELECT * FROM `category`  [ RunTime:0.0008s ]
SQL: SELECT * FROM `category`  [ RunTime:0.0007s ]
SQL: SELECT * FROM `category`  [ RunTime:0.0007s ]
SQL: SELECT * FROM `category`  [ RunTime:0.0007s ]
SQL: SELECT * FROM `category`  [ RunTime:0.0007s ]
SQL: SELECT * FROM `category`  [ RunTime:0.0006s ]
SQL: SELECT * FROM `category`  [ RunTime:0.0004s ]

[ 2017-06-26T23:03:08+08:00 ] ::1 /myshop/index.php/admin/Goods/goods_list.html
INFO: [ app_init ] --START--
INFO: Run Behavior\BuildLiteBehavior [ RunTime:0.000015s ]
INFO: [ app_init ] --END-- [ RunTime:0.000351s ]
INFO: [ app_begin ] --START--
INFO: Run Behavior\ReadHtmlCacheBehavior [ RunTime:0.000501s ]
INFO: [ app_begin ] --END-- [ RunTime:0.000550s ]
SQL: SHOW COLUMNS FROM `goods` [ RunTime:0.0101s ]
SQL: SELECT * FROM `goods` ORDER BY goods_id desc LIMIT 0,5   [ RunTime:0.0009s ]
SQL: SELECT COUNT(*) AS tp_count FROM `goods` LIMIT 1   [ RunTime:0.0005s ]
INFO: [ view_parse ] --START--
INFO: [ template_filter ] --START--
INFO: Run Behavior\ContentReplaceBehavior [ RunTime:0.000093s ]
INFO: [ template_filter ] --END-- [ RunTime:0.000177s ]
INFO: Run Behavior\ParseTemplateBehavior [ RunTime:0.018370s ]
INFO: [ view_parse ] --END-- [ RunTime:0.018486s ]
INFO: [ view_filter ] --START--
INFO: Run Behavior\WriteHtmlCacheBehavior [ RunTime:0.000439s ]
INFO: [ view_filter ] --END-- [ RunTime:0.000506s ]
INFO: [ app_end ] --START--
INFO: Run Behavior\ShowPageTraceBehavior [ RunTime:0.000875s ]
INFO: [ app_end ] --END-- [ RunTime:0.000944s ]

[ 2017-06-26T23:03:10+08:00 ] ::1 /myshop/index.php/admin/goods/goods_add.html
INFO: [ app_init ] --START--
INFO: Run Behavior\BuildLiteBehavior [ RunTime:0.000022s ]
INFO: [ app_init ] --END-- [ RunTime:0.000538s ]
INFO: [ app_begin ] --START--
INFO: Run Behavior\ReadHtmlCacheBehavior [ RunTime:0.000762s ]
INFO: [ app_begin ] --END-- [ RunTime:0.000833s ]
SQL: SHOW COLUMNS FROM `goods` [ RunTime:0.0131s ]
SQL: SHOW COLUMNS FROM `category` [ RunTime:0.0125s ]
SQL: SELECT * FROM `category`  [ RunTime:0.0009s ]
SQL: SELECT * FROM `category`  [ RunTime:0.0007s ]
SQL: SELECT * FROM `category`  [ RunTime:0.0007s ]
SQL: SELECT * FROM `category`  [ RunTime:0.0007s ]
SQL: SELECT * FROM `category`  [ RunTime:0.0007s ]
SQL: SELECT * FROM `category`  [ RunTime:0.0007s ]
SQL: SELECT * FROM `category`  [ RunTime:0.0007s ]
SQL: SELECT * FROM `category`  [ RunTime:0.0007s ]
SQL: SELECT * FROM `category`  [ RunTime:0.0007s ]
SQL: SELECT * FROM `category`  [ RunTime:0.0008s ]
SQL: SELECT * FROM `category`  [ RunTime:0.0008s ]
SQL: SELECT * FROM `category`  [ RunTime:0.0007s ]
SQL: SELECT * FROM `category`  [ RunTime:0.0007s ]
SQL: SELECT * FROM `category`  [ RunTime:0.0007s ]
SQL: SELECT * FROM `category`  [ RunTime:0.0007s ]
INFO: [ view_parse ] --START--
INFO: [ template_filter ] --START--
INFO: Run Behavior\ContentReplaceBehavior [ RunTime:0.000191s ]
INFO: [ template_filter ] --END-- [ RunTime:0.000276s ]
INFO: Run Behavior\ParseTemplateBehavior [ RunTime:0.016430s ]
INFO: [ view_parse ] --END-- [ RunTime:0.016540s ]
INFO: [ view_filter ] --START--
INFO: Run Behavior\WriteHtmlCacheBehavior [ RunTime:0.000409s ]
INFO: [ view_filter ] --END-- [ RunTime:0.000470s ]
INFO: [ app_end ] --START--
INFO: Run Behavior\ShowPageTraceBehavior [ RunTime:0.000996s ]
INFO: [ app_end ] --END-- [ RunTime:0.001075s ]

[ 2017-06-26T23:03:17+08:00 ] ::1 /myshop/index.php/admin/goods/goods_list.html
INFO: [ app_init ] --START--
INFO: Run Behavior\BuildLiteBehavior [ RunTime:0.000015s ]
INFO: [ app_init ] --END-- [ RunTime:0.000378s ]
INFO: [ app_begin ] --START--
INFO: Run Behavior\ReadHtmlCacheBehavior [ RunTime:0.000554s ]
INFO: [ app_begin ] --END-- [ RunTime:0.000606s ]
SQL: SHOW COLUMNS FROM `goods` [ RunTime:0.0113s ]
SQL: SELECT * FROM `goods` ORDER BY goods_id desc LIMIT 0,5   [ RunTime:0.0014s ]
SQL: SELECT COUNT(*) AS tp_count FROM `goods` LIMIT 1   [ RunTime:0.0006s ]
INFO: [ view_parse ] --START--
INFO: [ template_filter ] --START--
INFO: Run Behavior\ContentReplaceBehavior [ RunTime:0.000100s ]
INFO: [ template_filter ] --END-- [ RunTime:0.000196s ]
INFO: Run Behavior\ParseTemplateBehavior [ RunTime:0.021657s ]
INFO: [ view_parse ] --END-- [ RunTime:0.021772s ]
INFO: [ view_filter ] --START--
INFO: Run Behavior\WriteHtmlCacheBehavior [ RunTime:0.000441s ]
INFO: [ view_filter ] --END-- [ RunTime:0.000510s ]
INFO: [ app_end ] --START--
INFO: Run Behavior\ShowPageTraceBehavior [ RunTime:0.000926s ]
INFO: [ app_end ] --END-- [ RunTime:0.000998s ]

[ 2017-06-26T23:03:22+08:00 ] ::1 /myshop/index.php/admin/goods/goods_change/goods_id/1.html
INFO: [ app_init ] --START--
INFO: Run Behavior\BuildLiteBehavior [ RunTime:0.000017s ]
INFO: [ app_init ] --END-- [ RunTime:0.000359s ]
INFO: [ app_begin ] --START--
INFO: Run Behavior\ReadHtmlCacheBehavior [ RunTime:0.000543s ]
INFO: [ app_begin ] --END-- [ RunTime:0.000592s ]
SQL: SHOW COLUMNS FROM `goods` [ RunTime:0.0133s ]
SQL: SHOW COLUMNS FROM `category` [ RunTime:0.0103s ]
SQL: SELECT * FROM `category`  [ RunTime:0.0009s ]
SQL: SELECT * FROM `category`  [ RunTime:0.0007s ]
SQL: SELECT * FROM `category`  [ RunTime:0.0007s ]
SQL: SELECT * FROM `category`  [ RunTime:0.0007s ]
SQL: SELECT * FROM `category`  [ RunTime:0.0007s ]
SQL: SELECT * FROM `category`  [ RunTime:0.0007s ]
SQL: SELECT * FROM `category`  [ RunTime:0.0004s ]
SQL: SELECT * FROM `category`  [ RunTime:0.0005s ]
SQL: SELECT * FROM `category`  [ RunTime:0.0005s ]
SQL: SELECT * FROM `category`  [ RunTime:0.0005s ]
SQL: SELECT * FROM `category`  [ RunTime:0.0005s ]
SQL: SELECT * FROM `category`  [ RunTime:0.0004s ]
SQL: SELECT * FROM `category`  [ RunTime:0.0005s ]
SQL: SELECT * FROM `category`  [ RunTime:0.0005s ]
SQL: SELECT * FROM `category`  [ RunTime:0.0004s ]
SQL: SELECT * FROM `goods` WHERE `goods_id` = 1 LIMIT 1   [ RunTime:0.0006s ]
INFO: [ view_parse ] --START--
INFO: [ template_filter ] --START--
INFO: Run Behavior\ContentReplaceBehavior [ RunTime:0.000252s ]
INFO: [ template_filter ] --END-- [ RunTime:0.000356s ]
NOTIC: [8] Undefined index: goods_place E:\Workspace\php\www\myshop\Runtime\Cache\Admin\7cf0271a48710e53dd001d50f4d2a07e.php 第 77 行.
INFO: Run Behavior\ParseTemplateBehavior [ RunTime:0.020325s ]
INFO: [ view_parse ] --END-- [ RunTime:0.020436s ]
INFO: [ view_filter ] --START--
INFO: Run Behavior\WriteHtmlCacheBehavior [ RunTime:0.000522s ]
INFO: [ view_filter ] --END-- [ RunTime:0.000607s ]
INFO: [ app_end ] --START--
INFO: Run Behavior\ShowPageTraceBehavior [ RunTime:0.000589s ]
INFO: [ app_end ] --END-- [ RunTime:0.000641s ]

[ 2017-06-26T23:03:43+08:00 ] ::1 /myshop/index.php/admin/goods/goods_change.html
INFO: [ app_init ] --START--
INFO: Run Behavior\BuildLiteBehavior [ RunTime:0.000031s ]
INFO: [ app_init ] --END-- [ RunTime:0.000585s ]
INFO: [ app_begin ] --START--
INFO: Run Behavior\ReadHtmlCacheBehavior [ RunTime:0.001015s ]
INFO: [ app_begin ] --END-- [ RunTime:0.001201s ]
SQL: SHOW COLUMNS FROM `goods` [ RunTime:0.0134s ]
SQL: UPDATE `goods` SET `goods_name`='紫陌芳菲',`cat_id`='14',`buying_price`='200.00',`shop_price`='500.00',`market_price`='760.00',`goods_summary`='红绣球，蓝绣球，桃红色玫瑰，红色蕙兰，紫色蝴蝶兰 ，蓝色小飞燕 ，翡翠珠',`goods_desc`='抢眼的紫红蓝搭配，配色大胆漂亮，给人一种很大方舒适的感觉',`goods_weight`='长36cm 宽36cm 高12cm',`warehouse_num`='10',`goods_save`='1.打开花盒，您可用手轻轻拨弄花瓣，让花朵恢复立体感&nbsp;
2.尽量避免太热的环境。每隔一天，从花盒的边缘或缝隙轻轻倒入约50ml的水
3.请勿直接向花心喷水，应保持距离，以雾状喷洒的方式
4.花盒需保持打开状态以供欣赏，切勿倒立斜置，只需让花盛放在盒中静静观赏就好',`goods_img`='/myshop/Public/Upload/thumb/59511ed34b353.jpg',`ori_img`='/myshop/Public/Upload/2017-06-26/59511ed34b353.jpg' WHERE ( goods_id=1 ) [ RunTime:0.1115s ]

[ 2017-06-26T23:03:44+08:00 ] ::1 /myshop/index.php/admin/goods/goods_list.html
INFO: [ app_init ] --START--
INFO: Run Behavior\BuildLiteBehavior [ RunTime:0.000024s ]
INFO: [ app_init ] --END-- [ RunTime:0.000868s ]
INFO: [ app_begin ] --START--
INFO: Run Behavior\ReadHtmlCacheBehavior [ RunTime:0.002060s ]
INFO: [ app_begin ] --END-- [ RunTime:0.002138s ]
SQL: SHOW COLUMNS FROM `goods` [ RunTime:0.0428s ]
SQL: SELECT * FROM `goods` ORDER BY goods_id desc LIMIT 0,5   [ RunTime:0.0009s ]
SQL: SELECT COUNT(*) AS tp_count FROM `goods` LIMIT 1   [ RunTime:0.0004s ]
INFO: [ view_parse ] --START--
INFO: [ template_filter ] --START--
INFO: Run Behavior\ContentReplaceBehavior [ RunTime:0.000137s ]
INFO: [ template_filter ] --END-- [ RunTime:0.000260s ]
INFO: Run Behavior\ParseTemplateBehavior [ RunTime:0.026682s ]
INFO: [ view_parse ] --END-- [ RunTime:0.026829s ]
INFO: [ view_filter ] --START--
INFO: Run Behavior\WriteHtmlCacheBehavior [ RunTime:0.002261s ]
INFO: [ view_filter ] --END-- [ RunTime:0.002336s ]
INFO: [ app_end ] --START--
INFO: Run Behavior\ShowPageTraceBehavior [ RunTime:0.002355s ]
INFO: [ app_end ] --END-- [ RunTime:0.002425s ]

[ 2017-06-26T23:09:05+08:00 ] ::1 /myshop/index.php/admin/goods/goods_change/goods_id/1.html
INFO: [ app_init ] --START--
INFO: Run Behavior\BuildLiteBehavior [ RunTime:0.000015s ]
INFO: [ app_init ] --END-- [ RunTime:0.000416s ]
INFO: [ app_begin ] --START--
INFO: Run Behavior\ReadHtmlCacheBehavior [ RunTime:0.000681s ]
INFO: [ app_begin ] --END-- [ RunTime:0.000728s ]
SQL: SHOW COLUMNS FROM `goods` [ RunTime:0.0130s ]
SQL: SHOW COLUMNS FROM `category` [ RunTime:0.0110s ]
SQL: SELECT * FROM `category`  [ RunTime:0.0009s ]
SQL: SELECT * FROM `category`  [ RunTime:0.0005s ]
SQL: SELECT * FROM `category`  [ RunTime:0.0005s ]
SQL: SELECT * FROM `category`  [ RunTime:0.0005s ]
SQL: SELECT * FROM `category`  [ RunTime:0.0004s ]
SQL: SELECT * FROM `category`  [ RunTime:0.0004s ]
SQL: SELECT * FROM `category`  [ RunTime:0.0004s ]
SQL: SELECT * FROM `category`  [ RunTime:0.0004s ]
SQL: SELECT * FROM `category`  [ RunTime:0.0005s ]
SQL: SELECT * FROM `category`  [ RunTime:0.0005s ]
SQL: SELECT * FROM `category`  [ RunTime:0.0005s ]
SQL: SELECT * FROM `category`  [ RunTime:0.0004s ]
SQL: SELECT * FROM `category`  [ RunTime:0.0005s ]
SQL: SELECT * FROM `category`  [ RunTime:0.0004s ]
SQL: SELECT * FROM `category`  [ RunTime:0.0004s ]
SQL: SELECT * FROM `goods` WHERE `goods_id` = 1 LIMIT 1   [ RunTime:0.0008s ]
INFO: [ view_parse ] --START--
INFO: [ template_filter ] --START--
INFO: Run Behavior\ContentReplaceBehavior [ RunTime:0.000136s ]
INFO: [ template_filter ] --END-- [ RunTime:0.000198s ]
NOTIC: [8] Undefined index: goods_place E:\Workspace\php\www\myshop\Runtime\Cache\Admin\7cf0271a48710e53dd001d50f4d2a07e.php 第 77 行.
INFO: Run Behavior\ParseTemplateBehavior [ RunTime:0.019487s ]
INFO: [ view_parse ] --END-- [ RunTime:0.019569s ]
INFO: [ view_filter ] --START--
INFO: Run Behavior\WriteHtmlCacheBehavior [ RunTime:0.000359s ]
INFO: [ view_filter ] --END-- [ RunTime:0.000399s ]
INFO: [ app_end ] --START--
INFO: Run Behavior\ShowPageTraceBehavior [ RunTime:0.000783s ]
INFO: [ app_end ] --END-- [ RunTime:0.000841s ]

[ 2017-06-26T23:09:31+08:00 ] ::1 /myshop/index.php/admin/goods/goods_change.html
INFO: [ app_init ] --START--
INFO: Run Behavior\BuildLiteBehavior [ RunTime:0.000016s ]
INFO: [ app_init ] --END-- [ RunTime:0.000373s ]
INFO: [ app_begin ] --START--
INFO: Run Behavior\ReadHtmlCacheBehavior [ RunTime:0.000524s ]
INFO: [ app_begin ] --END-- [ RunTime:0.000573s ]
SQL: SHOW COLUMNS FROM `goods` [ RunTime:0.0137s ]
SQL: UPDATE `goods` SET `goods_name`='紫陌芳菲',`cat_id`='14',`buying_price`='200.00',`shop_price`='500.00',`market_price`='760.00',`goods_summary`='红绣球，蓝绣球，桃红色玫瑰，红色蕙兰，紫色蝴蝶兰 ，蓝色小飞燕 ，翡翠珠',`goods_desc`='抢眼的紫红蓝搭配，配色大胆漂亮，给人一种很大方舒适的感觉',`goods_weight`='长36cm 宽36cm 高12cm',`warehouse_num`='10',`goods_save`='1.打开花盒，您可用手轻轻拨弄花瓣，让花朵恢复立体感&#10;
2.尽量避免太热的环境。每隔一天，从花盒的边缘或缝隙轻轻倒入约50ml的水
3.请勿直接向花心喷水，应保持距离，以雾状喷洒的方式
4.花盒需保持打开状态以供欣赏，切勿倒立斜置，只需让花盛放在盒中静静观赏就好',`goods_img`='/myshop/Public/Upload/thumb/59511ed34b353.jpg',`ori_img`='/myshop/Public/Upload/2017-06-26/59511ed34b353.jpg' WHERE ( goods_id=1 ) [ RunTime:0.0757s ]

[ 2017-06-26T23:09:32+08:00 ] ::1 /myshop/index.php/admin/goods/goods_list.html
INFO: [ app_init ] --START--
INFO: Run Behavior\BuildLiteBehavior [ RunTime:0.000029s ]
INFO: [ app_init ] --END-- [ RunTime:0.000971s ]
INFO: [ app_begin ] --START--
INFO: Run Behavior\ReadHtmlCacheBehavior [ RunTime:0.001634s ]
INFO: [ app_begin ] --END-- [ RunTime:0.001731s ]
SQL: SHOW COLUMNS FROM `goods` [ RunTime:0.0542s ]
SQL: SELECT * FROM `goods` ORDER BY goods_id desc LIMIT 0,5   [ RunTime:0.0011s ]
SQL: SELECT COUNT(*) AS tp_count FROM `goods` LIMIT 1   [ RunTime:0.0005s ]
INFO: [ view_parse ] --START--
INFO: [ template_filter ] --START--
INFO: Run Behavior\ContentReplaceBehavior [ RunTime:0.000134s ]
INFO: [ template_filter ] --END-- [ RunTime:0.000253s ]
INFO: Run Behavior\ParseTemplateBehavior [ RunTime:0.017825s ]
INFO: [ view_parse ] --END-- [ RunTime:0.017958s ]
INFO: [ view_filter ] --START--
INFO: Run Behavior\WriteHtmlCacheBehavior [ RunTime:0.001252s ]
INFO: [ view_filter ] --END-- [ RunTime:0.001344s ]
INFO: [ app_end ] --START--
INFO: Run Behavior\ShowPageTraceBehavior [ RunTime:0.001828s ]
INFO: [ app_end ] --END-- [ RunTime:0.001918s ]

[ 2017-06-26T23:09:40+08:00 ] ::1 /myshop/index.php/admin/goods/goods_change/goods_id/1.html
INFO: [ app_init ] --START--
INFO: Run Behavior\BuildLiteBehavior [ RunTime:0.000029s ]
INFO: [ app_init ] --END-- [ RunTime:0.000435s ]
INFO: [ app_begin ] --START--
INFO: Run Behavior\ReadHtmlCacheBehavior [ RunTime:0.000843s ]
INFO: [ app_begin ] --END-- [ RunTime:0.000892s ]
SQL: SHOW COLUMNS FROM `goods` [ RunTime:0.0136s ]
SQL: SHOW COLUMNS FROM `category` [ RunTime:0.0107s ]
SQL: SELECT * FROM `category`  [ RunTime:0.0010s ]
SQL: SELECT * FROM `category`  [ RunTime:0.0008s ]
SQL: SELECT * FROM `category`  [ RunTime:0.0007s ]
SQL: SELECT * FROM `category`  [ RunTime:0.0007s ]
SQL: SELECT * FROM `category`  [ RunTime:0.0008s ]
SQL: SELECT * FROM `category`  [ RunTime:0.0008s ]
SQL: SELECT * FROM `category`  [ RunTime:0.0007s ]
SQL: SELECT * FROM `category`  [ RunTime:0.0007s ]
SQL: SELECT * FROM `category`  [ RunTime:0.0008s ]
SQL: SELECT * FROM `category`  [ RunTime:0.0009s ]
SQL: SELECT * FROM `category`  [ RunTime:0.0010s ]
SQL: SELECT * FROM `category`  [ RunTime:0.0007s ]
SQL: SELECT * FROM `category`  [ RunTime:0.0007s ]
SQL: SELECT * FROM `category`  [ RunTime:0.0004s ]
SQL: SELECT * FROM `category`  [ RunTime:0.0004s ]
SQL: SELECT * FROM `goods` WHERE `goods_id` = 1 LIMIT 1   [ RunTime:0.0004s ]
INFO: [ view_parse ] --START--
INFO: [ template_filter ] --START--
INFO: Run Behavior\ContentReplaceBehavior [ RunTime:0.000212s ]
INFO: [ template_filter ] --END-- [ RunTime:0.000298s ]
NOTIC: [8] Undefined index: goods_place E:\Workspace\php\www\myshop\Runtime\Cache\Admin\7cf0271a48710e53dd001d50f4d2a07e.php 第 77 行.
INFO: Run Behavior\ParseTemplateBehavior [ RunTime:0.019385s ]
INFO: [ view_parse ] --END-- [ RunTime:0.019471s ]
INFO: [ view_filter ] --START--
INFO: Run Behavior\WriteHtmlCacheBehavior [ RunTime:0.001095s ]
INFO: [ view_filter ] --END-- [ RunTime:0.001173s ]
INFO: [ app_end ] --START--
INFO: Run Behavior\ShowPageTraceBehavior [ RunTime:0.004002s ]
INFO: [ app_end ] --END-- [ RunTime:0.004182s ]

[ 2017-06-26T23:10:32+08:00 ] ::1 /myshop/index.php/admin/goods/goods_change.html
INFO: [ app_init ] --START--
INFO: Run Behavior\BuildLiteBehavior [ RunTime:0.000015s ]
INFO: [ app_init ] --END-- [ RunTime:0.000406s ]
INFO: [ app_begin ] --START--
INFO: Run Behavior\ReadHtmlCacheBehavior [ RunTime:0.000653s ]
INFO: [ app_begin ] --END-- [ RunTime:0.000701s ]
SQL: SHOW COLUMNS FROM `goods` [ RunTime:0.0481s ]
SQL: UPDATE `goods` SET `goods_name`='紫陌芳菲',`cat_id`='14',`buying_price`='200.00',`shop_price`='500.00',`market_price`='760.00',`goods_summary`='红绣球，蓝绣球，桃红色玫瑰，红色蕙兰，紫色蝴蝶兰 ，蓝色小飞燕 ，翡翠珠',`goods_desc`='抢眼的紫红蓝搭配，配色大胆漂亮，给人一种很大方舒适的感觉',`goods_weight`='长36cm 宽36cm 高12cm',`warehouse_num`='10',`goods_save`='1.打开花盒，您可用手轻轻拨弄花瓣，让花朵恢复立体感<hr>
2.尽量避免太热的环境。每隔一天，从花盒的边缘或缝隙轻轻倒入约50ml的水
3.请勿直接向花心喷水，应保持距离，以雾状喷洒的方式
4.花盒需保持打开状态以供欣赏，切勿倒立斜置，只需让花盛放在盒中静静观赏就好',`goods_img`='/myshop/Public/Upload/thumb/59511ed34b353.jpg',`ori_img`='/myshop/Public/Upload/2017-06-26/59511ed34b353.jpg' WHERE ( goods_id=1 ) [ RunTime:0.0609s ]

[ 2017-06-26T23:10:33+08:00 ] ::1 /myshop/index.php/admin/goods/goods_list.html
INFO: [ app_init ] --START--
INFO: Run Behavior\BuildLiteBehavior [ RunTime:0.000016s ]
INFO: [ app_init ] --END-- [ RunTime:0.000620s ]
INFO: [ app_begin ] --START--
INFO: Run Behavior\ReadHtmlCacheBehavior [ RunTime:0.001422s ]
INFO: [ app_begin ] --END-- [ RunTime:0.001472s ]
SQL: SHOW COLUMNS FROM `goods` [ RunTime:0.0479s ]
SQL: SELECT * FROM `goods` ORDER BY goods_id desc LIMIT 0,5   [ RunTime:0.0010s ]
SQL: SELECT COUNT(*) AS tp_count FROM `goods` LIMIT 1   [ RunTime:0.0007s ]
INFO: [ view_parse ] --START--
INFO: [ template_filter ] --START--
INFO: Run Behavior\ContentReplaceBehavior [ RunTime:0.000125s ]
INFO: [ template_filter ] --END-- [ RunTime:0.000241s ]
INFO: Run Behavior\ParseTemplateBehavior [ RunTime:0.028477s ]
INFO: [ view_parse ] --END-- [ RunTime:0.028643s ]
INFO: [ view_filter ] --START--
INFO: Run Behavior\WriteHtmlCacheBehavior [ RunTime:0.001575s ]
INFO: [ view_filter ] --END-- [ RunTime:0.001664s ]
INFO: [ app_end ] --START--
INFO: Run Behavior\ShowPageTraceBehavior [ RunTime:0.001942s ]
INFO: [ app_end ] --END-- [ RunTime:0.002033s ]

[ 2017-06-26T23:11:13+08:00 ] ::1 /myshop/index.php/admin/goods/goods_change/goods_id/1.html
INFO: [ app_init ] --START--
INFO: Run Behavior\BuildLiteBehavior [ RunTime:0.000015s ]
INFO: [ app_init ] --END-- [ RunTime:0.000363s ]
INFO: [ app_begin ] --START--
INFO: Run Behavior\ReadHtmlCacheBehavior [ RunTime:0.000500s ]
INFO: [ app_begin ] --END-- [ RunTime:0.000546s ]
SQL: SHOW COLUMNS FROM `goods` [ RunTime:0.0130s ]
SQL: SHOW COLUMNS FROM `category` [ RunTime:0.0094s ]
SQL: SELECT * FROM `category`  [ RunTime:0.0007s ]
SQL: SELECT * FROM `category`  [ RunTime:0.0005s ]
SQL: SELECT * FROM `category`  [ RunTime:0.0004s ]
SQL: SELECT * FROM `category`  [ RunTime:0.0004s ]
SQL: SELECT * FROM `category`  [ RunTime:0.0004s ]
SQL: SELECT * FROM `category`  [ RunTime:0.0004s ]
SQL: SELECT * FROM `category`  [ RunTime:0.0004s ]
SQL: SELECT * FROM `category`  [ RunTime:0.0004s ]
SQL: SELECT * FROM `category`  [ RunTime:0.0004s ]
SQL: SELECT * FROM `category`  [ RunTime:0.0004s ]
SQL: SELECT * FROM `category`  [ RunTime:0.0004s ]
SQL: SELECT * FROM `category`  [ RunTime:0.0004s ]
SQL: SELECT * FROM `category`  [ RunTime:0.0004s ]
SQL: SELECT * FROM `category`  [ RunTime:0.0004s ]
SQL: SELECT * FROM `category`  [ RunTime:0.0005s ]
SQL: SELECT * FROM `goods` WHERE `goods_id` = 1 LIMIT 1   [ RunTime:0.0005s ]
INFO: [ view_parse ] --START--
INFO: [ template_filter ] --START--
INFO: Run Behavior\ContentReplaceBehavior [ RunTime:0.000210s ]
INFO: [ template_filter ] --END-- [ RunTime:0.000296s ]
NOTIC: [8] Undefined index: goods_place E:\Workspace\php\www\myshop\Runtime\Cache\Admin\7cf0271a48710e53dd001d50f4d2a07e.php 第 77 行.
INFO: Run Behavior\ParseTemplateBehavior [ RunTime:0.016535s ]
INFO: [ view_parse ] --END-- [ RunTime:0.016617s ]
INFO: [ view_filter ] --START--
INFO: Run Behavior\WriteHtmlCacheBehavior [ RunTime:0.000433s ]
INFO: [ view_filter ] --END-- [ RunTime:0.000502s ]
INFO: [ app_end ] --START--
INFO: Run Behavior\ShowPageTraceBehavior [ RunTime:0.000942s ]
INFO: [ app_end ] --END-- [ RunTime:0.001007s ]

[ 2017-06-26T23:11:56+08:00 ] ::1 /myshop/index.php/admin/goods/goods_change.html
INFO: [ app_init ] --START--
INFO: Run Behavior\BuildLiteBehavior [ RunTime:0.000015s ]
INFO: [ app_init ] --END-- [ RunTime:0.000361s ]
INFO: [ app_begin ] --START--
INFO: Run Behavior\ReadHtmlCacheBehavior [ RunTime:0.000494s ]
INFO: [ app_begin ] --END-- [ RunTime:0.000542s ]
SQL: SHOW COLUMNS FROM `goods` [ RunTime:0.0212s ]
SQL: UPDATE `goods` SET `goods_name`='紫陌芳菲',`cat_id`='14',`buying_price`='200.00',`shop_price`='500.00',`market_price`='760.00',`goods_summary`='红绣球，蓝绣球，桃红色玫瑰，红色蕙兰，紫色蝴蝶兰 ，蓝色小飞燕 ，翡翠珠',`goods_desc`='抢眼的紫红蓝搭配，配色大胆漂亮，给人一种很大方舒适的感觉',`goods_weight`='长36cm 宽36cm 高12cm',`warehouse_num`='10',`goods_save`='打开花盒，您可用手轻轻拨弄花瓣，让花朵恢复立体感。尽量避免太热的环境。每隔一天，从花盒的边缘或缝隙轻轻倒入约50ml的水。请勿直接向花心喷水，应保持距离，以雾状喷洒的方式。花盒需保持打开状态以供欣赏，切勿倒立斜置，只需让花盛放在盒中静静观赏就好。',`goods_img`='/myshop/Public/Upload/thumb/59511ed34b353.jpg',`ori_img`='/myshop/Public/Upload/2017-06-26/59511ed34b353.jpg' WHERE ( goods_id=1 ) [ RunTime:0.0781s ]

[ 2017-06-26T23:11:58+08:00 ] ::1 /myshop/index.php/admin/goods/goods_list.html
INFO: [ app_init ] --START--
INFO: Run Behavior\BuildLiteBehavior [ RunTime:0.000016s ]
INFO: [ app_init ] --END-- [ RunTime:0.000626s ]
INFO: [ app_begin ] --START--
INFO: Run Behavior\ReadHtmlCacheBehavior [ RunTime:0.001579s ]
INFO: [ app_begin ] --END-- [ RunTime:0.001633s ]
SQL: SHOW COLUMNS FROM `goods` [ RunTime:0.3490s ]
SQL: SELECT * FROM `goods` ORDER BY goods_id desc LIMIT 0,5   [ RunTime:0.0009s ]
SQL: SELECT COUNT(*) AS tp_count FROM `goods` LIMIT 1   [ RunTime:0.0006s ]
INFO: [ view_parse ] --START--
INFO: [ template_filter ] --START--
INFO: Run Behavior\ContentReplaceBehavior [ RunTime:0.000071s ]
INFO: [ template_filter ] --END-- [ RunTime:0.000136s ]
INFO: Run Behavior\ParseTemplateBehavior [ RunTime:0.026587s ]
INFO: [ view_parse ] --END-- [ RunTime:0.026697s ]
INFO: [ view_filter ] --START--
INFO: Run Behavior\WriteHtmlCacheBehavior [ RunTime:0.001417s ]
INFO: [ view_filter ] --END-- [ RunTime:0.001469s ]
INFO: [ app_end ] --START--
INFO: Run Behavior\ShowPageTraceBehavior [ RunTime:0.001447s ]
INFO: [ app_end ] --END-- [ RunTime:0.001501s ]

[ 2017-06-26T23:15:04+08:00 ] ::1 /myshop/index.php/admin/index/adminmain.html
INFO: [ app_init ] --START--
INFO: Run Behavior\BuildLiteBehavior [ RunTime:0.000015s ]
INFO: [ app_init ] --END-- [ RunTime:0.000446s ]
INFO: [ app_begin ] --START--
INFO: Run Behavior\ReadHtmlCacheBehavior [ RunTime:0.000807s ]
INFO: [ app_begin ] --END-- [ RunTime:0.000868s ]
INFO: [ view_parse ] --START--
INFO: [ template_filter ] --START--
INFO: Run Behavior\ContentReplaceBehavior [ RunTime:0.000076s ]
INFO: [ template_filter ] --END-- [ RunTime:0.000145s ]
INFO: Run Behavior\ParseTemplateBehavior [ RunTime:0.009859s ]
INFO: [ view_parse ] --END-- [ RunTime:0.009909s ]
INFO: [ view_filter ] --START--
INFO: Run Behavior\WriteHtmlCacheBehavior [ RunTime:0.000433s ]
INFO: [ view_filter ] --END-- [ RunTime:0.000472s ]
INFO: [ app_end ] --START--
INFO: Run Behavior\ShowPageTraceBehavior [ RunTime:0.000706s ]
INFO: [ app_end ] --END-- [ RunTime:0.000754s ]

[ 2017-06-26T23:15:04+08:00 ] ::1 /myshop/index.php/admin/index/welcomeAdmin.html
INFO: [ app_init ] --START--
INFO: Run Behavior\BuildLiteBehavior [ RunTime:0.000015s ]
INFO: [ app_init ] --END-- [ RunTime:0.000471s ]
INFO: [ app_begin ] --START--
INFO: Run Behavior\ReadHtmlCacheBehavior [ RunTime:0.000675s ]
INFO: [ app_begin ] --END-- [ RunTime:0.000739s ]
INFO: [ view_parse ] --START--
INFO: [ template_filter ] --START--
INFO: Run Behavior\ContentReplaceBehavior [ RunTime:0.000038s ]
INFO: [ template_filter ] --END-- [ RunTime:0.000094s ]
INFO: Run Behavior\ParseTemplateBehavior [ RunTime:0.010425s ]
INFO: [ view_parse ] --END-- [ RunTime:0.010477s ]
INFO: [ view_filter ] --START--
INFO: Run Behavior\WriteHtmlCacheBehavior [ RunTime:0.000503s ]
INFO: [ view_filter ] --END-- [ RunTime:0.000542s ]
INFO: [ app_end ] --START--
INFO: Run Behavior\ShowPageTraceBehavior [ RunTime:0.000712s ]
INFO: [ app_end ] --END-- [ RunTime:0.000769s ]

[ 2017-06-26T23:15:08+08:00 ] ::1 /myshop/index.php/admin/Goods/goods_list.html
INFO: [ app_init ] --START--
INFO: Run Behavior\BuildLiteBehavior [ RunTime:0.000015s ]
INFO: [ app_init ] --END-- [ RunTime:0.000452s ]
INFO: [ app_begin ] --START--
INFO: Run Behavior\ReadHtmlCacheBehavior [ RunTime:0.000707s ]
INFO: [ app_begin ] --END-- [ RunTime:0.000757s ]
SQL: SHOW COLUMNS FROM `goods` [ RunTime:0.0043s ]
SQL: SELECT * FROM `goods` ORDER BY goods_id desc LIMIT 0,5   [ RunTime:0.0005s ]
SQL: SELECT COUNT(*) AS tp_count FROM `goods` LIMIT 1   [ RunTime:0.0003s ]
INFO: [ view_parse ] --START--
INFO: [ template_filter ] --START--
INFO: Run Behavior\ContentReplaceBehavior [ RunTime:0.000057s ]
INFO: [ template_filter ] --END-- [ RunTime:0.000112s ]
INFO: Run Behavior\ParseTemplateBehavior [ RunTime:0.009528s ]
INFO: [ view_parse ] --END-- [ RunTime:0.009580s ]
INFO: [ view_filter ] --START--
INFO: Run Behavior\WriteHtmlCacheBehavior [ RunTime:0.000431s ]
INFO: [ view_filter ] --END-- [ RunTime:0.000470s ]
INFO: [ app_end ] --START--
INFO: Run Behavior\ShowPageTraceBehavior [ RunTime:0.000710s ]
INFO: [ app_end ] --END-- [ RunTime:0.000750s ]

[ 2017-06-26T23:15:10+08:00 ] ::1 /myshop/index.php/admin/goods/goods_add.html
INFO: [ app_init ] --START--
INFO: Run Behavior\BuildLiteBehavior [ RunTime:0.000016s ]
INFO: [ app_init ] --END-- [ RunTime:0.000470s ]
INFO: [ app_begin ] --START--
INFO: Run Behavior\ReadHtmlCacheBehavior [ RunTime:0.000702s ]
INFO: [ app_begin ] --END-- [ RunTime:0.000752s ]
SQL: SHOW COLUMNS FROM `goods` [ RunTime:0.0049s ]
SQL: SHOW COLUMNS FROM `category` [ RunTime:0.0040s ]
SQL: SELECT * FROM `category`  [ RunTime:0.0005s ]
SQL: SELECT * FROM `category`  [ RunTime:0.0003s ]
SQL: SELECT * FROM `category`  [ RunTime:0.0002s ]
SQL: SELECT * FROM `category`  [ RunTime:0.0002s ]
SQL: SELECT * FROM `category`  [ RunTime:0.0002s ]
SQL: SELECT * FROM `category`  [ RunTime:0.0002s ]
SQL: SELECT * FROM `category`  [ RunTime:0.0002s ]
SQL: SELECT * FROM `category`  [ RunTime:0.0002s ]
SQL: SELECT * FROM `category`  [ RunTime:0.0002s ]
SQL: SELECT * FROM `category`  [ RunTime:0.0002s ]
SQL: SELECT * FROM `category`  [ RunTime:0.0002s ]
SQL: SELECT * FROM `category`  [ RunTime:0.0002s ]
SQL: SELECT * FROM `category`  [ RunTime:0.0002s ]
SQL: SELECT * FROM `category`  [ RunTime:0.0002s ]
SQL: SELECT * FROM `category`  [ RunTime:0.0002s ]
INFO: [ view_parse ] --START--
INFO: [ template_filter ] --START--
INFO: Run Behavior\ContentReplaceBehavior [ RunTime:0.000195s ]
INFO: [ template_filter ] --END-- [ RunTime:0.000287s ]
INFO: Run Behavior\ParseTemplateBehavior [ RunTime:0.012860s ]
INFO: [ view_parse ] --END-- [ RunTime:0.012926s ]
INFO: [ view_filter ] --START--
INFO: Run Behavior\WriteHtmlCacheBehavior [ RunTime:0.000555s ]
INFO: [ view_filter ] --END-- [ RunTime:0.000606s ]
INFO: [ app_end ] --START--
INFO: Run Behavior\ShowPageTraceBehavior [ RunTime:0.001134s ]
INFO: [ app_end ] --END-- [ RunTime:0.001206s ]

