[ 2017-06-23T22:26:33+08:00 ] ::1 /myshop/index.php/admin/category/cat_list
INFO: [ app_init ] --START--
INFO: Run Behavior\BuildLiteBehavior [ RunTime:0.000014s ]
INFO: [ app_init ] --END-- [ RunTime:0.000374s ]
INFO: [ app_begin ] --START--
INFO: Run Behavior\ReadHtmlCacheBehavior [ RunTime:0.000561s ]
INFO: [ app_begin ] --END-- [ RunTime:0.000609s ]
SQL: SHOW COLUMNS FROM `category` [ RunTime:0.0100s ]
SQL: SELECT * FROM `category` ORDER BY cat_id LIMIT 0,5   [ RunTime:0.0008s ]
SQL: SELECT COUNT(*) AS tp_count FROM `category` LIMIT 1   [ RunTime:0.0005s ]
INFO: [ view_parse ] --START--
INFO: [ template_filter ] --START--
INFO: Run Behavior\ContentReplaceBehavior [ RunTime:0.000193s ]
INFO: [ template_filter ] --END-- [ RunTime:0.000341s ]
INFO: Run Behavior\ParseTemplateBehavior [ RunTime:0.068658s ]
INFO: [ view_parse ] --END-- [ RunTime:0.068838s ]
INFO: [ view_filter ] --START--
INFO: Run Behavior\WriteHtmlCacheBehavior [ RunTime:0.000875s ]
INFO: [ view_filter ] --END-- [ RunTime:0.001038s ]
INFO: [ app_end ] --START--
INFO: Run Behavior\ShowPageTraceBehavior [ RunTime:0.002078s ]
INFO: [ app_end ] --END-- [ RunTime:0.002222s ]

[ 2017-06-23T22:26:34+08:00 ] ::1 /myshop/index.php/admin/category/resultCategory.html
INFO: [ app_init ] --START--
INFO: Run Behavior\BuildLiteBehavior [ RunTime:0.000017s ]
INFO: [ app_init ] --END-- [ RunTime:0.000497s ]
INFO: [ app_begin ] --START--
INFO: Run Behavior\ReadHtmlCacheBehavior [ RunTime:0.001987s ]
INFO: [ app_begin ] --END-- [ RunTime:0.002342s ]
SQL: SHOW COLUMNS FROM `category` [ RunTime:0.0379s ]
SQL: SELECT * FROM `category`  [ RunTime:0.0004s ]
SQL: SELECT * FROM `category`  [ RunTime:0.0002s ]
SQL: SELECT * FROM `category`  [ RunTime:0.0002s ]
SQL: SELECT * FROM `category`  [ RunTime:0.0002s ]
SQL: SELECT * FROM `category`  [ RunTime:0.0002s ]
SQL: SELECT * FROM `category`  [ RunTime:0.0002s ]
SQL: SELECT * FROM `category`  [ RunTime:0.0002s ]
SQL: SELECT * FROM `category`  [ RunTime:0.0003s ]
SQL: SELECT * FROM `category`  [ RunTime:0.0002s ]
SQL: SELECT * FROM `category`  [ RunTime:0.0002s ]
SQL: SELECT * FROM `category`  [ RunTime:0.0002s ]
SQL: SELECT * FROM `category`  [ RunTime:0.0002s ]
SQL: SELECT * FROM `category`  [ RunTime:0.0002s ]
SQL: SELECT * FROM `category`  [ RunTime:0.0002s ]

[ 2017-06-23T22:26:44+08:00 ] ::1 /myshop/index.php/admin/index/adminmain
INFO: [ app_init ] --START--
INFO: Run Behavior\BuildLiteBehavior [ RunTime:0.000014s ]
INFO: [ app_init ] --END-- [ RunTime:0.000349s ]
INFO: [ app_begin ] --START--
INFO: Run Behavior\ReadHtmlCacheBehavior [ RunTime:0.000540s ]
INFO: [ app_begin ] --END-- [ RunTime:0.000591s ]
INFO: [ view_parse ] --START--
INFO: [ template_filter ] --START--
INFO: Run Behavior\ContentReplaceBehavior [ RunTime:0.000052s ]
INFO: [ template_filter ] --END-- [ RunTime:0.000100s ]
INFO: Run Behavior\ParseTemplateBehavior [ RunTime:0.080177s ]
INFO: [ view_parse ] --END-- [ RunTime:0.080230s ]
INFO: [ view_filter ] --START--
INFO: Run Behavior\WriteHtmlCacheBehavior [ RunTime:0.000356s ]
INFO: [ view_filter ] --END-- [ RunTime:0.000391s ]
INFO: [ app_end ] --START--
INFO: Run Behavior\ShowPageTraceBehavior [ RunTime:0.000744s ]
INFO: [ app_end ] --END-- [ RunTime:0.000830s ]

[ 2017-06-23T22:26:44+08:00 ] ::1 /myshop/index.php/admin/index/welcomeAdmin.html
INFO: [ app_init ] --START--
INFO: Run Behavior\BuildLiteBehavior [ RunTime:0.000022s ]
INFO: [ app_init ] --END-- [ RunTime:0.000636s ]
INFO: [ app_begin ] --START--
INFO: Run Behavior\ReadHtmlCacheBehavior [ RunTime:0.000961s ]
INFO: [ app_begin ] --END-- [ RunTime:0.001075s ]
INFO: [ view_parse ] --START--
INFO: [ template_filter ] --START--
INFO: Run Behavior\ContentReplaceBehavior [ RunTime:0.000037s ]
INFO: [ template_filter ] --END-- [ RunTime:0.000100s ]
INFO: Run Behavior\ParseTemplateBehavior [ RunTime:0.010155s ]
INFO: [ view_parse ] --END-- [ RunTime:0.010248s ]
INFO: [ view_filter ] --START--
INFO: Run Behavior\WriteHtmlCacheBehavior [ RunTime:0.000456s ]
INFO: [ view_filter ] --END-- [ RunTime:0.000513s ]
INFO: [ app_end ] --START--
INFO: Run Behavior\ShowPageTraceBehavior [ RunTime:0.000682s ]
INFO: [ app_end ] --END-- [ RunTime:0.000786s ]

[ 2017-06-23T22:26:47+08:00 ] ::1 /myshop/index.php/admin/Category/cat_list.html
INFO: [ app_init ] --START--
INFO: Run Behavior\BuildLiteBehavior [ RunTime:0.000014s ]
INFO: [ app_init ] --END-- [ RunTime:0.000378s ]
INFO: [ app_begin ] --START--
INFO: Run Behavior\ReadHtmlCacheBehavior [ RunTime:0.000529s ]
INFO: [ app_begin ] --END-- [ RunTime:0.000573s ]
SQL: SHOW COLUMNS FROM `category` [ RunTime:0.0135s ]
SQL: SELECT * FROM `category` ORDER BY cat_id LIMIT 0,5   [ RunTime:0.0008s ]
SQL: SELECT COUNT(*) AS tp_count FROM `category` LIMIT 1   [ RunTime:0.0005s ]
INFO: [ view_parse ] --START--
INFO: [ template_filter ] --START--
INFO: Run Behavior\ContentReplaceBehavior [ RunTime:0.000194s ]
INFO: [ template_filter ] --END-- [ RunTime:0.000344s ]
INFO: Run Behavior\ParseTemplateBehavior [ RunTime:0.028176s ]
INFO: [ view_parse ] --END-- [ RunTime:0.028350s ]
INFO: [ view_filter ] --START--
INFO: Run Behavior\WriteHtmlCacheBehavior [ RunTime:0.000771s ]
INFO: [ view_filter ] --END-- [ RunTime:0.000886s ]
INFO: [ app_end ] --START--
INFO: Run Behavior\ShowPageTraceBehavior [ RunTime:0.001692s ]
INFO: [ app_end ] --END-- [ RunTime:0.001826s ]

[ 2017-06-23T22:26:48+08:00 ] ::1 /myshop/index.php/admin/category/resultCategory.html
INFO: [ app_init ] --START--
INFO: Run Behavior\BuildLiteBehavior [ RunTime:0.000015s ]
INFO: [ app_init ] --END-- [ RunTime:0.000412s ]
INFO: [ app_begin ] --START--
INFO: Run Behavior\ReadHtmlCacheBehavior [ RunTime:0.000501s ]
INFO: [ app_begin ] --END-- [ RunTime:0.000544s ]
SQL: SHOW COLUMNS FROM `category` [ RunTime:0.0290s ]
SQL: SELECT * FROM `category`  [ RunTime:0.0009s ]
SQL: SELECT * FROM `category`  [ RunTime:0.0008s ]
SQL: SELECT * FROM `category`  [ RunTime:0.0007s ]
SQL: SELECT * FROM `category`  [ RunTime:0.0007s ]
SQL: SELECT * FROM `category`  [ RunTime:0.0009s ]
SQL: SELECT * FROM `category`  [ RunTime:0.0009s ]
SQL: SELECT * FROM `category`  [ RunTime:0.0009s ]
SQL: SELECT * FROM `category`  [ RunTime:0.0009s ]
SQL: SELECT * FROM `category`  [ RunTime:0.0008s ]
SQL: SELECT * FROM `category`  [ RunTime:0.0007s ]
SQL: SELECT * FROM `category`  [ RunTime:0.0007s ]
SQL: SELECT * FROM `category`  [ RunTime:0.0007s ]
SQL: SELECT * FROM `category`  [ RunTime:0.0009s ]
SQL: SELECT * FROM `category`  [ RunTime:0.0008s ]

[ 2017-06-23T22:35:16+08:00 ] ::1 /myshop/index.php/admin/category/cat_change/cat_id/2.html
INFO: [ app_init ] --START--
INFO: Run Behavior\BuildLiteBehavior [ RunTime:0.000013s ]
INFO: [ app_init ] --END-- [ RunTime:0.000348s ]
INFO: [ app_begin ] --START--
INFO: Run Behavior\ReadHtmlCacheBehavior [ RunTime:0.000494s ]
INFO: [ app_begin ] --END-- [ RunTime:0.000538s ]
SQL: SHOW COLUMNS FROM `category` [ RunTime:0.0110s ]
SQL: SELECT * FROM `category`  [ RunTime:0.0013s ]
SQL: SELECT * FROM `category`  [ RunTime:0.0009s ]
SQL: SELECT * FROM `category`  [ RunTime:0.0007s ]
SQL: SELECT * FROM `category`  [ RunTime:0.0007s ]
SQL: SELECT * FROM `category`  [ RunTime:0.0007s ]
SQL: SELECT * FROM `category`  [ RunTime:0.0007s ]
SQL: SELECT * FROM `category`  [ RunTime:0.0007s ]
SQL: SELECT * FROM `category`  [ RunTime:0.0007s ]
SQL: SELECT * FROM `category`  [ RunTime:0.0008s ]
SQL: SELECT * FROM `category`  [ RunTime:0.0007s ]
SQL: SELECT * FROM `category`  [ RunTime:0.0007s ]
SQL: SELECT * FROM `category`  [ RunTime:0.0007s ]
SQL: SELECT * FROM `category`  [ RunTime:0.0008s ]
SQL: SELECT * FROM `category`  [ RunTime:0.0009s ]
SQL: SELECT * FROM `category` WHERE `cat_id` = 2 LIMIT 1   [ RunTime:0.0009s ]
INFO: [ view_parse ] --START--
INFO: [ template_filter ] --START--
INFO: Run Behavior\ContentReplaceBehavior [ RunTime:0.000113s ]
INFO: [ template_filter ] --END-- [ RunTime:0.000197s ]
INFO: Run Behavior\ParseTemplateBehavior [ RunTime:0.048985s ]
INFO: [ view_parse ] --END-- [ RunTime:0.049140s ]
INFO: [ view_filter ] --START--
INFO: Run Behavior\WriteHtmlCacheBehavior [ RunTime:0.000513s ]
INFO: [ view_filter ] --END-- [ RunTime:0.000588s ]
INFO: [ app_end ] --START--
INFO: Run Behavior\ShowPageTraceBehavior [ RunTime:0.000999s ]
INFO: [ app_end ] --END-- [ RunTime:0.001078s ]

[ 2017-06-23T22:35:19+08:00 ] ::1 /myshop/index.php/admin/category/cat_list.html
INFO: [ app_init ] --START--
INFO: Run Behavior\BuildLiteBehavior [ RunTime:0.000019s ]
INFO: [ app_init ] --END-- [ RunTime:0.000504s ]
INFO: [ app_begin ] --START--
INFO: Run Behavior\ReadHtmlCacheBehavior [ RunTime:0.000730s ]
INFO: [ app_begin ] --END-- [ RunTime:0.000784s ]
SQL: SHOW COLUMNS FROM `category` [ RunTime:0.0104s ]
SQL: SELECT * FROM `category` ORDER BY cat_id LIMIT 0,5   [ RunTime:0.0007s ]
SQL: SELECT COUNT(*) AS tp_count FROM `category` LIMIT 1   [ RunTime:0.0005s ]
INFO: [ view_parse ] --START--
INFO: [ template_filter ] --START--
INFO: Run Behavior\ContentReplaceBehavior [ RunTime:0.000166s ]
INFO: [ template_filter ] --END-- [ RunTime:0.000286s ]
INFO: Run Behavior\ParseTemplateBehavior [ RunTime:0.022354s ]
INFO: [ view_parse ] --END-- [ RunTime:0.022489s ]
INFO: [ view_filter ] --START--
INFO: Run Behavior\WriteHtmlCacheBehavior [ RunTime:0.000506s ]
INFO: [ view_filter ] --END-- [ RunTime:0.000584s ]
INFO: [ app_end ] --START--
INFO: Run Behavior\ShowPageTraceBehavior [ RunTime:0.001107s ]
INFO: [ app_end ] --END-- [ RunTime:0.001217s ]

[ 2017-06-23T22:35:20+08:00 ] ::1 /myshop/index.php/admin/category/resultCategory.html
INFO: [ app_init ] --START--
INFO: Run Behavior\BuildLiteBehavior [ RunTime:0.000014s ]
INFO: [ app_init ] --END-- [ RunTime:0.000349s ]
INFO: [ app_begin ] --START--
INFO: Run Behavior\ReadHtmlCacheBehavior [ RunTime:0.000491s ]
INFO: [ app_begin ] --END-- [ RunTime:0.000534s ]
SQL: SHOW COLUMNS FROM `category` [ RunTime:0.0102s ]
SQL: SELECT * FROM `category`  [ RunTime:0.0008s ]
SQL: SELECT * FROM `category`  [ RunTime:0.0009s ]
SQL: SELECT * FROM `category`  [ RunTime:0.0007s ]
SQL: SELECT * FROM `category`  [ RunTime:0.0008s ]
SQL: SELECT * FROM `category`  [ RunTime:0.0008s ]
SQL: SELECT * FROM `category`  [ RunTime:0.0009s ]
SQL: SELECT * FROM `category`  [ RunTime:0.0008s ]
SQL: SELECT * FROM `category`  [ RunTime:0.0008s ]
SQL: SELECT * FROM `category`  [ RunTime:0.0009s ]
SQL: SELECT * FROM `category`  [ RunTime:0.0007s ]
SQL: SELECT * FROM `category`  [ RunTime:0.0007s ]
SQL: SELECT * FROM `category`  [ RunTime:0.0007s ]
SQL: SELECT * FROM `category`  [ RunTime:0.0007s ]
SQL: SELECT * FROM `category`  [ RunTime:0.0008s ]

[ 2017-06-23T22:35:21+08:00 ] ::1 /myshop/index.php/admin/Goods/goods_list.html
INFO: [ app_init ] --START--
INFO: Run Behavior\BuildLiteBehavior [ RunTime:0.000015s ]
INFO: [ app_init ] --END-- [ RunTime:0.000410s ]
INFO: [ app_begin ] --START--
INFO: Run Behavior\ReadHtmlCacheBehavior [ RunTime:0.000664s ]
INFO: [ app_begin ] --END-- [ RunTime:0.000731s ]
SQL: SHOW COLUMNS FROM `goods` [ RunTime:0.0141s ]
SQL: SELECT * FROM `goods` ORDER BY goods_id desc LIMIT 0,5   [ RunTime:0.0010s ]
SQL: SELECT COUNT(*) AS tp_count FROM `goods` LIMIT 1   [ RunTime:0.0005s ]
INFO: [ view_parse ] --START--
INFO: [ template_filter ] --START--
INFO: Run Behavior\ContentReplaceBehavior [ RunTime:0.000170s ]
INFO: [ template_filter ] --END-- [ RunTime:0.000318s ]
INFO: Run Behavior\ParseTemplateBehavior [ RunTime:0.060563s ]
INFO: [ view_parse ] --END-- [ RunTime:0.060684s ]
INFO: [ view_filter ] --START--
INFO: Run Behavior\WriteHtmlCacheBehavior [ RunTime:0.000685s ]
INFO: [ view_filter ] --END-- [ RunTime:0.000760s ]
INFO: [ app_end ] --START--
INFO: Run Behavior\ShowPageTraceBehavior [ RunTime:0.001700s ]
INFO: [ app_end ] --END-- [ RunTime:0.001823s ]

[ 2017-06-23T22:35:25+08:00 ] ::1 /myshop/index.php/admin/goods/goods_change/goods_id/22.html
INFO: [ app_init ] --START--
INFO: Run Behavior\BuildLiteBehavior [ RunTime:0.000014s ]
INFO: [ app_init ] --END-- [ RunTime:0.000345s ]
INFO: [ app_begin ] --START--
INFO: Run Behavior\ReadHtmlCacheBehavior [ RunTime:0.000549s ]
INFO: [ app_begin ] --END-- [ RunTime:0.000594s ]
SQL: SHOW COLUMNS FROM `goods` [ RunTime:0.0127s ]
SQL: SHOW COLUMNS FROM `category` [ RunTime:0.0102s ]
SQL: SELECT * FROM `category`  [ RunTime:0.0008s ]
SQL: SELECT * FROM `category`  [ RunTime:0.0007s ]
SQL: SELECT * FROM `category`  [ RunTime:0.0008s ]
SQL: SELECT * FROM `category`  [ RunTime:0.0007s ]
SQL: SELECT * FROM `category`  [ RunTime:0.0008s ]
SQL: SELECT * FROM `category`  [ RunTime:0.0007s ]
SQL: SELECT * FROM `category`  [ RunTime:0.0007s ]
SQL: SELECT * FROM `category`  [ RunTime:0.0008s ]
SQL: SELECT * FROM `category`  [ RunTime:0.0008s ]
SQL: SELECT * FROM `category`  [ RunTime:0.0007s ]
SQL: SELECT * FROM `category`  [ RunTime:0.0008s ]
SQL: SELECT * FROM `category`  [ RunTime:0.0007s ]
SQL: SELECT * FROM `category`  [ RunTime:0.0007s ]
SQL: SELECT * FROM `category`  [ RunTime:0.0008s ]
SQL: SELECT * FROM `goods` WHERE `goods_id` = 22 LIMIT 1   [ RunTime:0.0008s ]
INFO: [ view_parse ] --START--
INFO: [ template_filter ] --START--
INFO: Run Behavior\ContentReplaceBehavior [ RunTime:0.000202s ]
INFO: [ template_filter ] --END-- [ RunTime:0.000278s ]
INFO: Run Behavior\ParseTemplateBehavior [ RunTime:0.059136s ]
INFO: [ view_parse ] --END-- [ RunTime:0.059200s ]
INFO: [ view_filter ] --START--
INFO: Run Behavior\WriteHtmlCacheBehavior [ RunTime:0.000303s ]
INFO: [ view_filter ] --END-- [ RunTime:0.000342s ]
INFO: [ app_end ] --START--
INFO: Run Behavior\ShowPageTraceBehavior [ RunTime:0.000628s ]
INFO: [ app_end ] --END-- [ RunTime:0.000683s ]

[ 2017-06-23T22:35:33+08:00 ] ::1 /myshop/index.php/admin/goods/goods_list.html
INFO: [ app_init ] --START--
INFO: Run Behavior\BuildLiteBehavior [ RunTime:0.000022s ]
INFO: [ app_init ] --END-- [ RunTime:0.000511s ]
INFO: [ app_begin ] --START--
INFO: Run Behavior\ReadHtmlCacheBehavior [ RunTime:0.000815s ]
INFO: [ app_begin ] --END-- [ RunTime:0.000879s ]
SQL: SHOW COLUMNS FROM `goods` [ RunTime:0.0073s ]
SQL: SELECT * FROM `goods` ORDER BY goods_id desc LIMIT 0,5   [ RunTime:0.0007s ]
SQL: SELECT COUNT(*) AS tp_count FROM `goods` LIMIT 1   [ RunTime:0.0004s ]
INFO: [ view_parse ] --START--
INFO: [ template_filter ] --START--
INFO: Run Behavior\ContentReplaceBehavior [ RunTime:0.000171s ]
INFO: [ template_filter ] --END-- [ RunTime:0.000321s ]
INFO: Run Behavior\ParseTemplateBehavior [ RunTime:0.018341s ]
INFO: [ view_parse ] --END-- [ RunTime:0.018442s ]
INFO: [ view_filter ] --START--
INFO: Run Behavior\WriteHtmlCacheBehavior [ RunTime:0.000309s ]
INFO: [ view_filter ] --END-- [ RunTime:0.000349s ]
INFO: [ app_end ] --START--
INFO: Run Behavior\ShowPageTraceBehavior [ RunTime:0.000810s ]
INFO: [ app_end ] --END-- [ RunTime:0.000866s ]

[ 2017-06-23T22:35:36+08:00 ] ::1 /myshop/index.php/Admin/Goods/goods_list/p/2.html
INFO: [ app_init ] --START--
INFO: Run Behavior\BuildLiteBehavior [ RunTime:0.000015s ]
INFO: [ app_init ] --END-- [ RunTime:0.000407s ]
INFO: [ app_begin ] --START--
INFO: Run Behavior\ReadHtmlCacheBehavior [ RunTime:0.000555s ]
INFO: [ app_begin ] --END-- [ RunTime:0.000600s ]
SQL: SHOW COLUMNS FROM `goods` [ RunTime:0.0115s ]
SQL: SELECT * FROM `goods` ORDER BY goods_id desc LIMIT 5,5   [ RunTime:0.0012s ]
SQL: SELECT COUNT(*) AS tp_count FROM `goods` LIMIT 1   [ RunTime:0.0008s ]
INFO: [ view_parse ] --START--
INFO: [ template_filter ] --START--
INFO: Run Behavior\ContentReplaceBehavior [ RunTime:0.000167s ]
INFO: [ template_filter ] --END-- [ RunTime:0.000317s ]
INFO: Run Behavior\ParseTemplateBehavior [ RunTime:0.028914s ]
INFO: [ view_parse ] --END-- [ RunTime:0.029069s ]
INFO: [ view_filter ] --START--
INFO: Run Behavior\WriteHtmlCacheBehavior [ RunTime:0.000788s ]
INFO: [ view_filter ] --END-- [ RunTime:0.000903s ]
INFO: [ app_end ] --START--
INFO: Run Behavior\ShowPageTraceBehavior [ RunTime:0.001910s ]
INFO: [ app_end ] --END-- [ RunTime:0.002051s ]

[ 2017-06-23T22:35:38+08:00 ] ::1 /myshop/index.php/Admin/Goods/goods_list/p/3.html
INFO: [ app_init ] --START--
INFO: Run Behavior\BuildLiteBehavior [ RunTime:0.000016s ]
INFO: [ app_init ] --END-- [ RunTime:0.000400s ]
INFO: [ app_begin ] --START--
INFO: Run Behavior\ReadHtmlCacheBehavior [ RunTime:0.000576s ]
INFO: [ app_begin ] --END-- [ RunTime:0.000624s ]
SQL: SHOW COLUMNS FROM `goods` [ RunTime:0.0043s ]
SQL: SELECT * FROM `goods` ORDER BY goods_id desc LIMIT 10,5   [ RunTime:0.0004s ]
SQL: SELECT COUNT(*) AS tp_count FROM `goods` LIMIT 1   [ RunTime:0.0002s ]
INFO: [ view_parse ] --START--
INFO: [ template_filter ] --START--
INFO: Run Behavior\ContentReplaceBehavior [ RunTime:0.000069s ]
INFO: [ template_filter ] --END-- [ RunTime:0.000127s ]
INFO: Run Behavior\ParseTemplateBehavior [ RunTime:0.011153s ]
INFO: [ view_parse ] --END-- [ RunTime:0.011240s ]
INFO: [ view_filter ] --START--
INFO: Run Behavior\WriteHtmlCacheBehavior [ RunTime:0.000335s ]
INFO: [ view_filter ] --END-- [ RunTime:0.000401s ]
INFO: [ app_end ] --START--
INFO: Run Behavior\ShowPageTraceBehavior [ RunTime:0.000721s ]
INFO: [ app_end ] --END-- [ RunTime:0.000769s ]

[ 2017-06-23T22:35:40+08:00 ] ::1 /myshop/index.php/Admin/Goods/goods_list/p/2.html
INFO: [ app_init ] --START--
INFO: Run Behavior\BuildLiteBehavior [ RunTime:0.000015s ]
INFO: [ app_init ] --END-- [ RunTime:0.000402s ]
INFO: [ app_begin ] --START--
INFO: Run Behavior\ReadHtmlCacheBehavior [ RunTime:0.000674s ]
INFO: [ app_begin ] --END-- [ RunTime:0.000726s ]
SQL: SHOW COLUMNS FROM `goods` [ RunTime:0.0129s ]
SQL: SELECT * FROM `goods` ORDER BY goods_id desc LIMIT 5,5   [ RunTime:0.0010s ]
SQL: SELECT COUNT(*) AS tp_count FROM `goods` LIMIT 1   [ RunTime:0.0006s ]
INFO: [ view_parse ] --START--
INFO: [ template_filter ] --START--
INFO: Run Behavior\ContentReplaceBehavior [ RunTime:0.000168s ]
INFO: [ template_filter ] --END-- [ RunTime:0.000320s ]
INFO: Run Behavior\ParseTemplateBehavior [ RunTime:0.026728s ]
INFO: [ view_parse ] --END-- [ RunTime:0.026849s ]
INFO: [ view_filter ] --START--
INFO: Run Behavior\WriteHtmlCacheBehavior [ RunTime:0.000553s ]
INFO: [ view_filter ] --END-- [ RunTime:0.000639s ]
INFO: [ app_end ] --START--
INFO: Run Behavior\ShowPageTraceBehavior [ RunTime:0.001327s ]
INFO: [ app_end ] --END-- [ RunTime:0.001418s ]

[ 2017-06-23T22:35:49+08:00 ] ::1 /myshop/index.php/admin/zzzzuser/userMain.html
INFO: [ app_init ] --START--
INFO: Run Behavior\BuildLiteBehavior [ RunTime:0.000015s ]
INFO: [ app_init ] --END-- [ RunTime:0.000364s ]
INFO: [ app_begin ] --START--
INFO: Run Behavior\ReadHtmlCacheBehavior [ RunTime:0.000597s ]
INFO: [ app_begin ] --END-- [ RunTime:0.000650s ]
ERR: 无法加载控制器:Zzzzuser

[ 2017-06-23T22:36:47+08:00 ] ::1 /myshop/index.php/admin/index/adminmain
INFO: [ app_init ] --START--
INFO: Run Behavior\BuildLiteBehavior [ RunTime:0.000015s ]
INFO: [ app_init ] --END-- [ RunTime:0.000436s ]
INFO: [ app_begin ] --START--
INFO: Run Behavior\ReadHtmlCacheBehavior [ RunTime:0.000623s ]
INFO: [ app_begin ] --END-- [ RunTime:0.000669s ]
INFO: [ view_parse ] --START--
INFO: [ template_filter ] --START--
INFO: Run Behavior\ContentReplaceBehavior [ RunTime:0.000097s ]
INFO: [ template_filter ] --END-- [ RunTime:0.000207s ]
NOTIC: [8] Use of undefined constant Home - assumed 'Home' E:\Workspace\php\www\myshop\Runtime\Cache\Admin\40d2d217aa083197a8537bd83cfb4ef3.php 第 48 行.
NOTIC: [8] Use of undefined constant index - assumed 'index' E:\Workspace\php\www\myshop\Runtime\Cache\Admin\40d2d217aa083197a8537bd83cfb4ef3.php 第 48 行.
NOTIC: [2] Division by zero E:\Workspace\php\www\myshop\Runtime\Cache\Admin\40d2d217aa083197a8537bd83cfb4ef3.php 第 48 行.
NOTIC: [8] Use of undefined constant userMain - assumed 'userMain' E:\Workspace\php\www\myshop\Runtime\Cache\Admin\40d2d217aa083197a8537bd83cfb4ef3.php 第 48 行.
NOTIC: [2] Division by zero E:\Workspace\php\www\myshop\Runtime\Cache\Admin\40d2d217aa083197a8537bd83cfb4ef3.php 第 48 行.
INFO: Run Behavior\ParseTemplateBehavior [ RunTime:0.008579s ]
INFO: [ view_parse ] --END-- [ RunTime:0.008623s ]
INFO: [ view_filter ] --START--
INFO: Run Behavior\WriteHtmlCacheBehavior [ RunTime:0.000385s ]
INFO: [ view_filter ] --END-- [ RunTime:0.000421s ]
INFO: [ app_end ] --START--
INFO: Run Behavior\ShowPageTraceBehavior [ RunTime:0.000603s ]
INFO: [ app_end ] --END-- [ RunTime:0.000661s ]

[ 2017-06-23T22:36:47+08:00 ] ::1 /myshop/index.php/admin/index/welcomeAdmin.html
INFO: [ app_init ] --START--
INFO: Run Behavior\BuildLiteBehavior [ RunTime:0.000019s ]
INFO: [ app_init ] --END-- [ RunTime:0.000533s ]
INFO: [ app_begin ] --START--
INFO: Run Behavior\ReadHtmlCacheBehavior [ RunTime:0.001029s ]
INFO: [ app_begin ] --END-- [ RunTime:0.001097s ]
INFO: [ view_parse ] --START--
INFO: [ template_filter ] --START--
INFO: Run Behavior\ContentReplaceBehavior [ RunTime:0.000029s ]
INFO: [ template_filter ] --END-- [ RunTime:0.000072s ]
INFO: Run Behavior\ParseTemplateBehavior [ RunTime:0.005175s ]
INFO: [ view_parse ] --END-- [ RunTime:0.005235s ]
INFO: [ view_filter ] --START--
INFO: Run Behavior\WriteHtmlCacheBehavior [ RunTime:0.000223s ]
INFO: [ view_filter ] --END-- [ RunTime:0.000257s ]
INFO: [ app_end ] --START--
INFO: Run Behavior\ShowPageTraceBehavior [ RunTime:0.000553s ]
INFO: [ app_end ] --END-- [ RunTime:0.000591s ]

[ 2017-06-23T22:36:49+08:00 ] ::1 /myshop/index.php/Admin/Index/adminmain.html
INFO: [ app_init ] --START--
INFO: Run Behavior\BuildLiteBehavior [ RunTime:0.000016s ]
INFO: [ app_init ] --END-- [ RunTime:0.000395s ]
INFO: [ app_begin ] --START--
INFO: Run Behavior\ReadHtmlCacheBehavior [ RunTime:0.000569s ]
INFO: [ app_begin ] --END-- [ RunTime:0.000620s ]
INFO: [ view_parse ] --START--
INFO: [ template_filter ] --START--
INFO: Run Behavior\ContentReplaceBehavior [ RunTime:0.000060s ]
INFO: [ template_filter ] --END-- [ RunTime:0.000121s ]
NOTIC: [8] Use of undefined constant Home - assumed 'Home' E:\Workspace\php\www\myshop\Runtime\Cache\Admin\40d2d217aa083197a8537bd83cfb4ef3.php 第 48 行.
NOTIC: [8] Use of undefined constant index - assumed 'index' E:\Workspace\php\www\myshop\Runtime\Cache\Admin\40d2d217aa083197a8537bd83cfb4ef3.php 第 48 行.
NOTIC: [2] Division by zero E:\Workspace\php\www\myshop\Runtime\Cache\Admin\40d2d217aa083197a8537bd83cfb4ef3.php 第 48 行.
NOTIC: [8] Use of undefined constant userMain - assumed 'userMain' E:\Workspace\php\www\myshop\Runtime\Cache\Admin\40d2d217aa083197a8537bd83cfb4ef3.php 第 48 行.
NOTIC: [2] Division by zero E:\Workspace\php\www\myshop\Runtime\Cache\Admin\40d2d217aa083197a8537bd83cfb4ef3.php 第 48 行.
INFO: Run Behavior\ParseTemplateBehavior [ RunTime:0.009519s ]
INFO: [ view_parse ] --END-- [ RunTime:0.009590s ]
INFO: [ view_filter ] --START--
INFO: Run Behavior\WriteHtmlCacheBehavior [ RunTime:0.000587s ]
INFO: [ view_filter ] --END-- [ RunTime:0.000635s ]
INFO: [ app_end ] --START--
INFO: Run Behavior\ShowPageTraceBehavior [ RunTime:0.000598s ]
INFO: [ app_end ] --END-- [ RunTime:0.000642s ]

[ 2017-06-23T22:36:49+08:00 ] ::1 /myshop/index.php/Admin/Index/welcomeAdmin.html
INFO: [ app_init ] --START--
INFO: Run Behavior\BuildLiteBehavior [ RunTime:0.000024s ]
INFO: [ app_init ] --END-- [ RunTime:0.000609s ]
INFO: [ app_begin ] --START--
INFO: Run Behavior\ReadHtmlCacheBehavior [ RunTime:0.000868s ]
INFO: [ app_begin ] --END-- [ RunTime:0.000943s ]
INFO: [ view_parse ] --START--
INFO: [ template_filter ] --START--
INFO: Run Behavior\ContentReplaceBehavior [ RunTime:0.000033s ]
INFO: [ template_filter ] --END-- [ RunTime:0.000086s ]
INFO: Run Behavior\ParseTemplateBehavior [ RunTime:0.005925s ]
INFO: [ view_parse ] --END-- [ RunTime:0.005994s ]
INFO: [ view_filter ] --START--
INFO: Run Behavior\WriteHtmlCacheBehavior [ RunTime:0.000363s ]
INFO: [ view_filter ] --END-- [ RunTime:0.000423s ]
INFO: [ app_end ] --START--
INFO: Run Behavior\ShowPageTraceBehavior [ RunTime:0.000828s ]
INFO: [ app_end ] --END-- [ RunTime:0.000891s ]

[ 2017-06-23T22:36:50+08:00 ] ::1 /myshop/index.php/Admin/Index/adminmain.html
INFO: [ app_init ] --START--
INFO: Run Behavior\BuildLiteBehavior [ RunTime:0.000015s ]
INFO: [ app_init ] --END-- [ RunTime:0.000351s ]
INFO: [ app_begin ] --START--
INFO: Run Behavior\ReadHtmlCacheBehavior [ RunTime:0.000497s ]
INFO: [ app_begin ] --END-- [ RunTime:0.000540s ]
INFO: [ view_parse ] --START--
INFO: [ template_filter ] --START--
INFO: Run Behavior\ContentReplaceBehavior [ RunTime:0.000049s ]
INFO: [ template_filter ] --END-- [ RunTime:0.000092s ]
NOTIC: [8] Use of undefined constant Home - assumed 'Home' E:\Workspace\php\www\myshop\Runtime\Cache\Admin\40d2d217aa083197a8537bd83cfb4ef3.php 第 48 行.
NOTIC: [8] Use of undefined constant index - assumed 'index' E:\Workspace\php\www\myshop\Runtime\Cache\Admin\40d2d217aa083197a8537bd83cfb4ef3.php 第 48 行.
NOTIC: [2] Division by zero E:\Workspace\php\www\myshop\Runtime\Cache\Admin\40d2d217aa083197a8537bd83cfb4ef3.php 第 48 行.
NOTIC: [8] Use of undefined constant userMain - assumed 'userMain' E:\Workspace\php\www\myshop\Runtime\Cache\Admin\40d2d217aa083197a8537bd83cfb4ef3.php 第 48 行.
NOTIC: [2] Division by zero E:\Workspace\php\www\myshop\Runtime\Cache\Admin\40d2d217aa083197a8537bd83cfb4ef3.php 第 48 行.
INFO: Run Behavior\ParseTemplateBehavior [ RunTime:0.006104s ]
INFO: [ view_parse ] --END-- [ RunTime:0.006146s ]
INFO: [ view_filter ] --START--
INFO: Run Behavior\WriteHtmlCacheBehavior [ RunTime:0.000243s ]
INFO: [ view_filter ] --END-- [ RunTime:0.000288s ]
INFO: [ app_end ] --START--
INFO: Run Behavior\ShowPageTraceBehavior [ RunTime:0.000494s ]
INFO: [ app_end ] --END-- [ RunTime:0.000532s ]

[ 2017-06-23T22:36:50+08:00 ] ::1 /myshop/index.php/Admin/Index/welcomeAdmin.html
INFO: [ app_init ] --START--
INFO: Run Behavior\BuildLiteBehavior [ RunTime:0.000016s ]
INFO: [ app_init ] --END-- [ RunTime:0.000398s ]
INFO: [ app_begin ] --START--
INFO: Run Behavior\ReadHtmlCacheBehavior [ RunTime:0.000575s ]
INFO: [ app_begin ] --END-- [ RunTime:0.000625s ]
INFO: [ view_parse ] --START--
INFO: [ template_filter ] --START--
INFO: Run Behavior\ContentReplaceBehavior [ RunTime:0.000053s ]
INFO: [ template_filter ] --END-- [ RunTime:0.000142s ]
INFO: Run Behavior\ParseTemplateBehavior [ RunTime:0.008965s ]
INFO: [ view_parse ] --END-- [ RunTime:0.009048s ]
INFO: [ view_filter ] --START--
INFO: Run Behavior\WriteHtmlCacheBehavior [ RunTime:0.000530s ]
INFO: [ view_filter ] --END-- [ RunTime:0.000602s ]
INFO: [ app_end ] --START--
INFO: Run Behavior\ShowPageTraceBehavior [ RunTime:0.000870s ]
INFO: [ app_end ] --END-- [ RunTime:0.000940s ]

[ 2017-06-23T22:36:51+08:00 ] ::1 /myshop/index.php/Admin/Index/adminmain.html
INFO: [ app_init ] --START--
INFO: Run Behavior\BuildLiteBehavior [ RunTime:0.000013s ]
INFO: [ app_init ] --END-- [ RunTime:0.000371s ]
INFO: [ app_begin ] --START--
INFO: Run Behavior\ReadHtmlCacheBehavior [ RunTime:0.000867s ]
INFO: [ app_begin ] --END-- [ RunTime:0.001022s ]
INFO: [ view_parse ] --START--
INFO: [ template_filter ] --START--
INFO: Run Behavior\ContentReplaceBehavior [ RunTime:0.000049s ]
INFO: [ template_filter ] --END-- [ RunTime:0.000092s ]
NOTIC: [8] Use of undefined constant Home - assumed 'Home' E:\Workspace\php\www\myshop\Runtime\Cache\Admin\40d2d217aa083197a8537bd83cfb4ef3.php 第 48 行.
NOTIC: [8] Use of undefined constant index - assumed 'index' E:\Workspace\php\www\myshop\Runtime\Cache\Admin\40d2d217aa083197a8537bd83cfb4ef3.php 第 48 行.
NOTIC: [2] Division by zero E:\Workspace\php\www\myshop\Runtime\Cache\Admin\40d2d217aa083197a8537bd83cfb4ef3.php 第 48 行.
NOTIC: [8] Use of undefined constant userMain - assumed 'userMain' E:\Workspace\php\www\myshop\Runtime\Cache\Admin\40d2d217aa083197a8537bd83cfb4ef3.php 第 48 行.
NOTIC: [2] Division by zero E:\Workspace\php\www\myshop\Runtime\Cache\Admin\40d2d217aa083197a8537bd83cfb4ef3.php 第 48 行.
INFO: Run Behavior\ParseTemplateBehavior [ RunTime:0.006209s ]
INFO: [ view_parse ] --END-- [ RunTime:0.006263s ]
INFO: [ view_filter ] --START--
INFO: Run Behavior\WriteHtmlCacheBehavior [ RunTime:0.000228s ]
INFO: [ view_filter ] --END-- [ RunTime:0.000273s ]
INFO: [ app_end ] --START--
INFO: Run Behavior\ShowPageTraceBehavior [ RunTime:0.000513s ]
INFO: [ app_end ] --END-- [ RunTime:0.000551s ]

[ 2017-06-23T22:36:51+08:00 ] ::1 /myshop/index.php/Admin/Index/welcomeAdmin.html
INFO: [ app_init ] --START--
INFO: Run Behavior\BuildLiteBehavior [ RunTime:0.000017s ]
INFO: [ app_init ] --END-- [ RunTime:0.000550s ]
INFO: [ app_begin ] --START--
INFO: Run Behavior\ReadHtmlCacheBehavior [ RunTime:0.000599s ]
INFO: [ app_begin ] --END-- [ RunTime:0.000658s ]
INFO: [ view_parse ] --START--
INFO: [ template_filter ] --START--
INFO: Run Behavior\ContentReplaceBehavior [ RunTime:0.000058s ]
INFO: [ template_filter ] --END-- [ RunTime:0.000198s ]
INFO: Run Behavior\ParseTemplateBehavior [ RunTime:0.007517s ]
INFO: [ view_parse ] --END-- [ RunTime:0.007583s ]
INFO: [ view_filter ] --START--
INFO: Run Behavior\WriteHtmlCacheBehavior [ RunTime:0.000390s ]
INFO: [ view_filter ] --END-- [ RunTime:0.000446s ]
INFO: [ app_end ] --START--
INFO: Run Behavior\ShowPageTraceBehavior [ RunTime:0.000782s ]
INFO: [ app_end ] --END-- [ RunTime:0.000842s ]

[ 2017-06-23T22:36:52+08:00 ] ::1 /myshop/index.php/Admin/Index/adminmain.html
INFO: [ app_init ] --START--
INFO: Run Behavior\BuildLiteBehavior [ RunTime:0.000013s ]
INFO: [ app_init ] --END-- [ RunTime:0.000346s ]
INFO: [ app_begin ] --START--
INFO: Run Behavior\ReadHtmlCacheBehavior [ RunTime:0.000490s ]
INFO: [ app_begin ] --END-- [ RunTime:0.000534s ]
INFO: [ view_parse ] --START--
INFO: [ template_filter ] --START--
INFO: Run Behavior\ContentReplaceBehavior [ RunTime:0.000049s ]
INFO: [ template_filter ] --END-- [ RunTime:0.000107s ]
NOTIC: [8] Use of undefined constant Home - assumed 'Home' E:\Workspace\php\www\myshop\Runtime\Cache\Admin\40d2d217aa083197a8537bd83cfb4ef3.php 第 48 行.
NOTIC: [8] Use of undefined constant index - assumed 'index' E:\Workspace\php\www\myshop\Runtime\Cache\Admin\40d2d217aa083197a8537bd83cfb4ef3.php 第 48 行.
NOTIC: [2] Division by zero E:\Workspace\php\www\myshop\Runtime\Cache\Admin\40d2d217aa083197a8537bd83cfb4ef3.php 第 48 行.
NOTIC: [8] Use of undefined constant userMain - assumed 'userMain' E:\Workspace\php\www\myshop\Runtime\Cache\Admin\40d2d217aa083197a8537bd83cfb4ef3.php 第 48 行.
NOTIC: [2] Division by zero E:\Workspace\php\www\myshop\Runtime\Cache\Admin\40d2d217aa083197a8537bd83cfb4ef3.php 第 48 行.
INFO: Run Behavior\ParseTemplateBehavior [ RunTime:0.006102s ]
INFO: [ view_parse ] --END-- [ RunTime:0.006144s ]
INFO: [ view_filter ] --START--
INFO: Run Behavior\WriteHtmlCacheBehavior [ RunTime:0.000229s ]
INFO: [ view_filter ] --END-- [ RunTime:0.000263s ]
INFO: [ app_end ] --START--
INFO: Run Behavior\ShowPageTraceBehavior [ RunTime:0.000489s ]
INFO: [ app_end ] --END-- [ RunTime:0.000527s ]

[ 2017-06-23T22:36:52+08:00 ] ::1 /myshop/index.php/Admin/Index/welcomeAdmin.html
INFO: [ app_init ] --START--
INFO: Run Behavior\BuildLiteBehavior [ RunTime:0.000014s ]
INFO: [ app_init ] --END-- [ RunTime:0.000381s ]
INFO: [ app_begin ] --START--
INFO: Run Behavior\ReadHtmlCacheBehavior [ RunTime:0.000524s ]
INFO: [ app_begin ] --END-- [ RunTime:0.000567s ]
INFO: [ view_parse ] --START--
INFO: [ template_filter ] --START--
INFO: Run Behavior\ContentReplaceBehavior [ RunTime:0.000041s ]
INFO: [ template_filter ] --END-- [ RunTime:0.000109s ]
INFO: Run Behavior\ParseTemplateBehavior [ RunTime:0.007402s ]
INFO: [ view_parse ] --END-- [ RunTime:0.007487s ]
INFO: [ view_filter ] --START--
INFO: Run Behavior\WriteHtmlCacheBehavior [ RunTime:0.000574s ]
INFO: [ view_filter ] --END-- [ RunTime:0.000640s ]
INFO: [ app_end ] --START--
INFO: Run Behavior\ShowPageTraceBehavior [ RunTime:0.000904s ]
INFO: [ app_end ] --END-- [ RunTime:0.000991s ]

[ 2017-06-23T22:37:20+08:00 ] ::1 /myshop/index.php/Admin/Index/adminmain.html
INFO: [ app_init ] --START--
INFO: Run Behavior\BuildLiteBehavior [ RunTime:0.000014s ]
INFO: [ app_init ] --END-- [ RunTime:0.000376s ]
INFO: [ app_begin ] --START--
INFO: Run Behavior\ReadHtmlCacheBehavior [ RunTime:0.000525s ]
INFO: [ app_begin ] --END-- [ RunTime:0.000569s ]
INFO: [ view_parse ] --START--
INFO: [ template_filter ] --START--
INFO: Run Behavior\ContentReplaceBehavior [ RunTime:0.000054s ]
INFO: [ template_filter ] --END-- [ RunTime:0.000104s ]
INFO: Run Behavior\ParseTemplateBehavior [ RunTime:0.006448s ]
INFO: [ view_parse ] --END-- [ RunTime:0.006493s ]
INFO: [ view_filter ] --START--
INFO: Run Behavior\WriteHtmlCacheBehavior [ RunTime:0.000262s ]
INFO: [ view_filter ] --END-- [ RunTime:0.000301s ]
INFO: [ app_end ] --START--
INFO: Run Behavior\ShowPageTraceBehavior [ RunTime:0.000690s ]
INFO: [ app_end ] --END-- [ RunTime:0.000769s ]

[ 2017-06-23T22:37:20+08:00 ] ::1 /myshop/index.php/Admin/Index/welcomeAdmin.html
INFO: [ app_init ] --START--
INFO: Run Behavior\BuildLiteBehavior [ RunTime:0.000018s ]
INFO: [ app_init ] --END-- [ RunTime:0.000505s ]
INFO: [ app_begin ] --START--
INFO: Run Behavior\ReadHtmlCacheBehavior [ RunTime:0.000715s ]
INFO: [ app_begin ] --END-- [ RunTime:0.000778s ]
INFO: [ view_parse ] --START--
INFO: [ template_filter ] --START--
INFO: Run Behavior\ContentReplaceBehavior [ RunTime:0.000033s ]
INFO: [ template_filter ] --END-- [ RunTime:0.000085s ]
INFO: Run Behavior\ParseTemplateBehavior [ RunTime:0.008290s ]
INFO: [ view_parse ] --END-- [ RunTime:0.008367s ]
INFO: [ view_filter ] --START--
INFO: Run Behavior\WriteHtmlCacheBehavior [ RunTime:0.000234s ]
INFO: [ view_filter ] --END-- [ RunTime:0.000268s ]
INFO: [ app_end ] --START--
INFO: Run Behavior\ShowPageTraceBehavior [ RunTime:0.000525s ]
INFO: [ app_end ] --END-- [ RunTime:0.000576s ]

[ 2017-06-23T22:43:13+08:00 ] ::1 /myshop/index.php/Admin/Comment/comment_list.html
INFO: [ app_init ] --START--
INFO: Run Behavior\BuildLiteBehavior [ RunTime:0.000013s ]
INFO: [ app_init ] --END-- [ RunTime:0.000354s ]
INFO: [ app_begin ] --START--
INFO: Run Behavior\ReadHtmlCacheBehavior [ RunTime:0.000587s ]
INFO: [ app_begin ] --END-- [ RunTime:0.000637s ]
SQL: SHOW COLUMNS FROM `comment` [ RunTime:0.0124s ]
SQL: SELECT * FROM `comment` ORDER BY com_time desc LIMIT 0,5   [ RunTime:0.0009s ]
SQL: SELECT COUNT(*) AS tp_count FROM `comment` LIMIT 1   [ RunTime:0.0005s ]
INFO: [ view_parse ] --START--
INFO: [ template_filter ] --START--
INFO: Run Behavior\ContentReplaceBehavior [ RunTime:0.000204s ]
INFO: [ template_filter ] --END-- [ RunTime:0.000342s ]
INFO: Run Behavior\ParseTemplateBehavior [ RunTime:0.072501s ]
INFO: [ view_parse ] --END-- [ RunTime:0.072707s ]
INFO: [ view_filter ] --START--
INFO: Run Behavior\WriteHtmlCacheBehavior [ RunTime:0.001329s ]
INFO: [ view_filter ] --END-- [ RunTime:0.001625s ]
INFO: [ app_end ] --START--
INFO: Run Behavior\ShowPageTraceBehavior [ RunTime:0.001734s ]
INFO: [ app_end ] --END-- [ RunTime:0.001880s ]

[ 2017-06-23T22:43:40+08:00 ] ::1 /myshop/index.php/admin/comment/respond.html
INFO: [ app_init ] --START--
INFO: Run Behavior\BuildLiteBehavior [ RunTime:0.000026s ]
INFO: [ app_init ] --END-- [ RunTime:0.000596s ]
INFO: [ app_begin ] --START--
INFO: Run Behavior\ReadHtmlCacheBehavior [ RunTime:0.000904s ]
INFO: [ app_begin ] --END-- [ RunTime:0.000986s ]
SQL: SHOW COLUMNS FROM `comment` [ RunTime:0.0121s ]
SQL: SELECT * FROM `comment` WHERE `com_id` = 12 LIMIT 1   [ RunTime:0.0008s ]
SQL: SHOW COLUMNS FROM `goods` [ RunTime:0.0113s ]
SQL: SELECT * FROM `goods` WHERE `goods_id` = 12 LIMIT 1   [ RunTime:0.0008s ]

[ 2017-06-23T22:43:45+08:00 ] ::1 /myshop/index.php/admin/comment/respond.html
INFO: [ app_init ] --START--
INFO: Run Behavior\BuildLiteBehavior [ RunTime:0.000015s ]
INFO: [ app_init ] --END-- [ RunTime:0.000376s ]
INFO: [ app_begin ] --START--
INFO: Run Behavior\ReadHtmlCacheBehavior [ RunTime:0.000524s ]
INFO: [ app_begin ] --END-- [ RunTime:0.000578s ]
SQL: SHOW COLUMNS FROM `comment` [ RunTime:0.0117s ]
SQL: SELECT * FROM `comment` WHERE `com_id` = 9 LIMIT 1   [ RunTime:0.0008s ]
SQL: SHOW COLUMNS FROM `goods` [ RunTime:0.0104s ]
SQL: SELECT * FROM `goods` WHERE `goods_id` = 10 LIMIT 1   [ RunTime:0.0008s ]

[ 2017-06-23T22:43:51+08:00 ] ::1 /myshop/index.php/admin/comment/respond.html
INFO: [ app_init ] --START--
INFO: Run Behavior\BuildLiteBehavior [ RunTime:0.000025s ]
INFO: [ app_init ] --END-- [ RunTime:0.000609s ]
INFO: [ app_begin ] --START--
INFO: Run Behavior\ReadHtmlCacheBehavior [ RunTime:0.000716s ]
INFO: [ app_begin ] --END-- [ RunTime:0.000777s ]
SQL: SHOW COLUMNS FROM `comment` [ RunTime:0.0109s ]
SQL: SELECT * FROM `comment` WHERE `com_id` = 12 LIMIT 1   [ RunTime:0.0008s ]
SQL: SHOW COLUMNS FROM `goods` [ RunTime:0.0105s ]
SQL: SELECT * FROM `goods` WHERE `goods_id` = 12 LIMIT 1   [ RunTime:0.0008s ]

[ 2017-06-23T22:44:24+08:00 ] ::1 /myshop/index.php/admin/comment/respond.html
INFO: [ app_init ] --START--
INFO: Run Behavior\BuildLiteBehavior [ RunTime:0.000015s ]
INFO: [ app_init ] --END-- [ RunTime:0.000408s ]
INFO: [ app_begin ] --START--
INFO: Run Behavior\ReadHtmlCacheBehavior [ RunTime:0.000701s ]
INFO: [ app_begin ] --END-- [ RunTime:0.000765s ]
SQL: SHOW COLUMNS FROM `comment` [ RunTime:0.0939s ]
SQL: SELECT * FROM `comment` WHERE `com_id` = 12 LIMIT 1   [ RunTime:0.0014s ]
SQL: SHOW COLUMNS FROM `goods` [ RunTime:0.0110s ]
SQL: SELECT * FROM `goods` WHERE `goods_id` = 12 LIMIT 1   [ RunTime:0.0009s ]

[ 2017-06-23T22:44:29+08:00 ] ::1 /myshop/index.php/admin/comment/respond.html
INFO: [ app_init ] --START--
INFO: Run Behavior\BuildLiteBehavior [ RunTime:0.000014s ]
INFO: [ app_init ] --END-- [ RunTime:0.000407s ]
INFO: [ app_begin ] --START--
INFO: Run Behavior\ReadHtmlCacheBehavior [ RunTime:0.000521s ]
INFO: [ app_begin ] --END-- [ RunTime:0.000571s ]
SQL: SHOW COLUMNS FROM `comment` [ RunTime:0.0116s ]
SQL: SELECT * FROM `comment` WHERE `com_id` = 10 LIMIT 1   [ RunTime:0.0007s ]
SQL: SHOW COLUMNS FROM `goods` [ RunTime:0.0105s ]
SQL: SELECT * FROM `goods` WHERE `goods_id` = 10 LIMIT 1   [ RunTime:0.0008s ]

[ 2017-06-23T22:44:36+08:00 ] ::1 /myshop/index.php/Admin/Order/order_list.html
INFO: [ app_init ] --START--
INFO: Run Behavior\BuildLiteBehavior [ RunTime:0.000016s ]
INFO: [ app_init ] --END-- [ RunTime:0.000410s ]
INFO: [ app_begin ] --START--
INFO: Run Behavior\ReadHtmlCacheBehavior [ RunTime:0.000521s ]
INFO: [ app_begin ] --END-- [ RunTime:0.000571s ]
SQL: SHOW COLUMNS FROM `orderlist` [ RunTime:0.0127s ]
SQL: SELECT * FROM `orderlist` ORDER BY order_time desc LIMIT 0,5   [ RunTime:0.0010s ]
SQL: SELECT COUNT(*) AS tp_count FROM `orderlist` LIMIT 1   [ RunTime:0.0005s ]
INFO: [ view_parse ] --START--
INFO: [ template_filter ] --START--
INFO: Run Behavior\ContentReplaceBehavior [ RunTime:0.000146s ]
INFO: [ template_filter ] --END-- [ RunTime:0.000289s ]
INFO: Run Behavior\ParseTemplateBehavior [ RunTime:0.060845s ]
INFO: [ view_parse ] --END-- [ RunTime:0.060999s ]
INFO: [ view_filter ] --START--
INFO: Run Behavior\WriteHtmlCacheBehavior [ RunTime:0.000742s ]
INFO: [ view_filter ] --END-- [ RunTime:0.000853s ]
INFO: [ app_end ] --START--
INFO: Run Behavior\ShowPageTraceBehavior [ RunTime:0.001610s ]
INFO: [ app_end ] --END-- [ RunTime:0.001733s ]

[ 2017-06-23T22:44:46+08:00 ] ::1 /myshop/index.php/Admin/Order/order_details/order_id/28.html
INFO: [ app_init ] --START--
INFO: Run Behavior\BuildLiteBehavior [ RunTime:0.000014s ]
INFO: [ app_init ] --END-- [ RunTime:0.000392s ]
INFO: [ app_begin ] --START--
INFO: Run Behavior\ReadHtmlCacheBehavior [ RunTime:0.000549s ]
INFO: [ app_begin ] --END-- [ RunTime:0.000592s ]
SQL: SHOW COLUMNS FROM `orderdetail` [ RunTime:0.0120s ]
SQL: SELECT * FROM `orderdetail` WHERE ( order_id=28 )  [ RunTime:0.0009s ]
SQL: SHOW COLUMNS FROM `orderlist` [ RunTime:0.0111s ]
SQL: SELECT * FROM `orderlist` WHERE `order_id` = 28 LIMIT 1   [ RunTime:0.0010s ]
SQL: SELECT COUNT(*) AS tp_count FROM `orderdetail` WHERE ( order_id=28 ) LIMIT 1   [ RunTime:0.0008s ]
INFO: [ view_parse ] --START--
INFO: [ template_filter ] --START--
INFO: Run Behavior\ContentReplaceBehavior [ RunTime:0.000129s ]
INFO: [ template_filter ] --END-- [ RunTime:0.000301s ]
NOTIC: [8] Undefined index: goods_num E:\Workspace\php\www\myshop\Runtime\Cache\Admin\56399469303e00520eab029a5aa07b48.php 第 48 行.
NOTIC: [8] Undefined index: goods_num E:\Workspace\php\www\myshop\Runtime\Cache\Admin\56399469303e00520eab029a5aa07b48.php 第 49 行.
INFO: Run Behavior\ParseTemplateBehavior [ RunTime:0.043403s ]
INFO: [ view_parse ] --END-- [ RunTime:0.043539s ]
INFO: [ view_filter ] --START--
INFO: Run Behavior\WriteHtmlCacheBehavior [ RunTime:0.000747s ]
INFO: [ view_filter ] --END-- [ RunTime:0.000856s ]
INFO: [ app_end ] --START--
INFO: Run Behavior\ShowPageTraceBehavior [ RunTime:0.001619s ]
INFO: [ app_end ] --END-- [ RunTime:0.001742s ]

[ 2017-06-23T22:44:49+08:00 ] ::1 /myshop/index.php/Admin/Order/order_list.html
INFO: [ app_init ] --START--
INFO: Run Behavior\BuildLiteBehavior [ RunTime:0.000013s ]
INFO: [ app_init ] --END-- [ RunTime:0.000396s ]
INFO: [ app_begin ] --START--
INFO: Run Behavior\ReadHtmlCacheBehavior [ RunTime:0.000651s ]
INFO: [ app_begin ] --END-- [ RunTime:0.000696s ]
SQL: SHOW COLUMNS FROM `orderlist` [ RunTime:0.0130s ]
SQL: SELECT * FROM `orderlist` ORDER BY order_time desc LIMIT 0,5   [ RunTime:0.0010s ]
SQL: SELECT COUNT(*) AS tp_count FROM `orderlist` LIMIT 1   [ RunTime:0.0006s ]
INFO: [ view_parse ] --START--
INFO: [ template_filter ] --START--
INFO: Run Behavior\ContentReplaceBehavior [ RunTime:0.000139s ]
INFO: [ template_filter ] --END-- [ RunTime:0.000281s ]
INFO: Run Behavior\ParseTemplateBehavior [ RunTime:0.026006s ]
INFO: [ view_parse ] --END-- [ RunTime:0.026162s ]
INFO: [ view_filter ] --START--
INFO: Run Behavior\WriteHtmlCacheBehavior [ RunTime:0.001136s ]
INFO: [ view_filter ] --END-- [ RunTime:0.001255s ]
INFO: [ app_end ] --START--
INFO: Run Behavior\ShowPageTraceBehavior [ RunTime:0.002099s ]
INFO: [ app_end ] --END-- [ RunTime:0.002245s ]

[ 2017-06-23T22:44:52+08:00 ] ::1 /myshop/index.php/Admin/Order/order_details/order_id/25.html
INFO: [ app_init ] --START--
INFO: Run Behavior\BuildLiteBehavior [ RunTime:0.000015s ]
INFO: [ app_init ] --END-- [ RunTime:0.000399s ]
INFO: [ app_begin ] --START--
INFO: Run Behavior\ReadHtmlCacheBehavior [ RunTime:0.000584s ]
INFO: [ app_begin ] --END-- [ RunTime:0.000635s ]
SQL: SHOW COLUMNS FROM `orderdetail` [ RunTime:0.0101s ]
SQL: SELECT * FROM `orderdetail` WHERE ( order_id=25 )  [ RunTime:0.0011s ]
SQL: SHOW COLUMNS FROM `orderlist` [ RunTime:0.0115s ]
SQL: SELECT * FROM `orderlist` WHERE `order_id` = 25 LIMIT 1   [ RunTime:0.0008s ]
SQL: SELECT COUNT(*) AS tp_count FROM `orderdetail` WHERE ( order_id=25 ) LIMIT 1   [ RunTime:0.0006s ]
INFO: [ view_parse ] --START--
INFO: [ template_filter ] --START--
INFO: Run Behavior\ContentReplaceBehavior [ RunTime:0.000130s ]
INFO: [ template_filter ] --END-- [ RunTime:0.000299s ]
NOTIC: [8] Undefined index: goods_num E:\Workspace\php\www\myshop\Runtime\Cache\Admin\56399469303e00520eab029a5aa07b48.php 第 48 行.
NOTIC: [8] Undefined index: goods_num E:\Workspace\php\www\myshop\Runtime\Cache\Admin\56399469303e00520eab029a5aa07b48.php 第 49 行.
INFO: Run Behavior\ParseTemplateBehavior [ RunTime:0.024241s ]
INFO: [ view_parse ] --END-- [ RunTime:0.024375s ]
INFO: [ view_filter ] --START--
INFO: Run Behavior\WriteHtmlCacheBehavior [ RunTime:0.000743s ]
INFO: [ view_filter ] --END-- [ RunTime:0.000894s ]
INFO: [ app_end ] --START--
INFO: Run Behavior\ShowPageTraceBehavior [ RunTime:0.002309s ]
INFO: [ app_end ] --END-- [ RunTime:0.002568s ]

[ 2017-06-23T22:44:55+08:00 ] ::1 /myshop/index.php/Admin/Order/order_list.html
INFO: [ app_init ] --START--
INFO: Run Behavior\BuildLiteBehavior [ RunTime:0.000018s ]
INFO: [ app_init ] --END-- [ RunTime:0.000393s ]
INFO: [ app_begin ] --START--
INFO: Run Behavior\ReadHtmlCacheBehavior [ RunTime:0.001437s ]
INFO: [ app_begin ] --END-- [ RunTime:0.001587s ]
SQL: SHOW COLUMNS FROM `orderlist` [ RunTime:0.0285s ]
SQL: SELECT * FROM `orderlist` ORDER BY order_time desc LIMIT 0,5   [ RunTime:0.0009s ]
SQL: SELECT COUNT(*) AS tp_count FROM `orderlist` LIMIT 1   [ RunTime:0.0005s ]
INFO: [ view_parse ] --START--
INFO: [ template_filter ] --START--
INFO: Run Behavior\ContentReplaceBehavior [ RunTime:0.000138s ]
INFO: [ template_filter ] --END-- [ RunTime:0.000279s ]
INFO: Run Behavior\ParseTemplateBehavior [ RunTime:0.024067s ]
INFO: [ view_parse ] --END-- [ RunTime:0.024185s ]
INFO: [ view_filter ] --START--
INFO: Run Behavior\WriteHtmlCacheBehavior [ RunTime:0.000787s ]
INFO: [ view_filter ] --END-- [ RunTime:0.000929s ]
INFO: [ app_end ] --START--
INFO: Run Behavior\ShowPageTraceBehavior [ RunTime:0.001483s ]
INFO: [ app_end ] --END-- [ RunTime:0.001753s ]

[ 2017-06-23T22:46:07+08:00 ] ::1 /myshop/index.php/Admin/Index/welcomeAdmin
INFO: [ app_init ] --START--
INFO: Run Behavior\BuildLiteBehavior [ RunTime:0.000014s ]
INFO: [ app_init ] --END-- [ RunTime:0.000377s ]
INFO: [ app_begin ] --START--
INFO: Run Behavior\ReadHtmlCacheBehavior [ RunTime:0.000518s ]
INFO: [ app_begin ] --END-- [ RunTime:0.000562s ]
INFO: [ view_parse ] --START--
INFO: [ template_filter ] --START--
INFO: Run Behavior\ContentReplaceBehavior [ RunTime:0.000057s ]
INFO: [ template_filter ] --END-- [ RunTime:0.000139s ]
INFO: Run Behavior\ParseTemplateBehavior [ RunTime:0.005956s ]
INFO: [ view_parse ] --END-- [ RunTime:0.006006s ]
INFO: [ view_filter ] --START--
INFO: Run Behavior\WriteHtmlCacheBehavior [ RunTime:0.000265s ]
INFO: [ view_filter ] --END-- [ RunTime:0.000300s ]
INFO: [ app_end ] --START--
INFO: Run Behavior\ShowPageTraceBehavior [ RunTime:0.000502s ]
INFO: [ app_end ] --END-- [ RunTime:0.000541s ]

[ 2017-06-23T22:46:32+08:00 ] ::1 /myshop/index.php/Admin/Category/cat_list.html
INFO: [ app_init ] --START--
INFO: Run Behavior\BuildLiteBehavior [ RunTime:0.000013s ]
INFO: [ app_init ] --END-- [ RunTime:0.000343s ]
INFO: [ app_begin ] --START--
INFO: Run Behavior\ReadHtmlCacheBehavior [ RunTime:0.000522s ]
INFO: [ app_begin ] --END-- [ RunTime:0.000565s ]
SQL: SHOW COLUMNS FROM `category` [ RunTime:0.0051s ]
SQL: SELECT * FROM `category` ORDER BY cat_id LIMIT 0,5   [ RunTime:0.0003s ]
SQL: SELECT COUNT(*) AS tp_count FROM `category` LIMIT 1   [ RunTime:0.0002s ]
INFO: [ view_parse ] --START--
INFO: [ template_filter ] --START--
INFO: Run Behavior\ContentReplaceBehavior [ RunTime:0.000075s ]
INFO: [ template_filter ] --END-- [ RunTime:0.000132s ]
INFO: Run Behavior\ParseTemplateBehavior [ RunTime:0.010730s ]
INFO: [ view_parse ] --END-- [ RunTime:0.010812s ]
INFO: [ view_filter ] --START--
INFO: Run Behavior\WriteHtmlCacheBehavior [ RunTime:0.000263s ]
INFO: [ view_filter ] --END-- [ RunTime:0.000298s ]
INFO: [ app_end ] --START--
INFO: Run Behavior\ShowPageTraceBehavior [ RunTime:0.000503s ]
INFO: [ app_end ] --END-- [ RunTime:0.000544s ]

[ 2017-06-23T22:46:33+08:00 ] ::1 /myshop/index.php/Admin/Order/order_list.html
INFO: [ app_init ] --START--
INFO: Run Behavior\BuildLiteBehavior [ RunTime:0.000015s ]
INFO: [ app_init ] --END-- [ RunTime:0.000460s ]
INFO: [ app_begin ] --START--
INFO: Run Behavior\ReadHtmlCacheBehavior [ RunTime:0.000746s ]
INFO: [ app_begin ] --END-- [ RunTime:0.000813s ]
SQL: SHOW COLUMNS FROM `orderlist` [ RunTime:0.0152s ]
SQL: SELECT * FROM `orderlist` ORDER BY order_time desc LIMIT 0,5   [ RunTime:0.0010s ]
SQL: SELECT COUNT(*) AS tp_count FROM `orderlist` LIMIT 1   [ RunTime:0.0005s ]
INFO: [ view_parse ] --START--
INFO: [ template_filter ] --START--
INFO: Run Behavior\ContentReplaceBehavior [ RunTime:0.000138s ]
INFO: [ template_filter ] --END-- [ RunTime:0.000284s ]
INFO: Run Behavior\ParseTemplateBehavior [ RunTime:0.025894s ]
INFO: [ view_parse ] --END-- [ RunTime:0.026041s ]
INFO: [ view_filter ] --START--
INFO: Run Behavior\WriteHtmlCacheBehavior [ RunTime:0.001073s ]
INFO: [ view_filter ] --END-- [ RunTime:0.001197s ]
INFO: [ app_end ] --START--
INFO: Run Behavior\ShowPageTraceBehavior [ RunTime:0.001990s ]
INFO: [ app_end ] --END-- [ RunTime:0.002153s ]

[ 2017-06-23T22:46:50+08:00 ] ::1 /myshop/index.php/Admin/Goods/goods_list.html
INFO: [ app_init ] --START--
INFO: Run Behavior\BuildLiteBehavior [ RunTime:0.000022s ]
INFO: [ app_init ] --END-- [ RunTime:0.000542s ]
INFO: [ app_begin ] --START--
INFO: Run Behavior\ReadHtmlCacheBehavior [ RunTime:0.000510s ]
INFO: [ app_begin ] --END-- [ RunTime:0.000556s ]
SQL: SHOW COLUMNS FROM `goods` [ RunTime:0.0117s ]
SQL: SELECT * FROM `goods` ORDER BY goods_id desc LIMIT 0,5   [ RunTime:0.0010s ]
SQL: SELECT COUNT(*) AS tp_count FROM `goods` LIMIT 1   [ RunTime:0.0005s ]
INFO: [ view_parse ] --START--
INFO: [ template_filter ] --START--
INFO: Run Behavior\ContentReplaceBehavior [ RunTime:0.000176s ]
INFO: [ template_filter ] --END-- [ RunTime:0.000321s ]
INFO: Run Behavior\ParseTemplateBehavior [ RunTime:0.026837s ]
INFO: [ view_parse ] --END-- [ RunTime:0.026990s ]
INFO: [ view_filter ] --START--
INFO: Run Behavior\WriteHtmlCacheBehavior [ RunTime:0.000772s ]
INFO: [ view_filter ] --END-- [ RunTime:0.000894s ]
INFO: [ app_end ] --START--
INFO: Run Behavior\ShowPageTraceBehavior [ RunTime:0.002099s ]
INFO: [ app_end ] --END-- [ RunTime:0.002283s ]

[ 2017-06-23T22:46:57+08:00 ] ::1 /myshop/index.php/Admin/Category/cat_list.html
INFO: [ app_init ] --START--
INFO: Run Behavior\BuildLiteBehavior [ RunTime:0.000014s ]
INFO: [ app_init ] --END-- [ RunTime:0.000354s ]
INFO: [ app_begin ] --START--
INFO: Run Behavior\ReadHtmlCacheBehavior [ RunTime:0.000573s ]
INFO: [ app_begin ] --END-- [ RunTime:0.000662s ]
SQL: SHOW COLUMNS FROM `category` [ RunTime:0.0140s ]
SQL: SELECT * FROM `category` ORDER BY cat_id LIMIT 0,5   [ RunTime:0.0010s ]
SQL: SELECT COUNT(*) AS tp_count FROM `category` LIMIT 1   [ RunTime:0.0005s ]
INFO: [ view_parse ] --START--
INFO: [ template_filter ] --START--
INFO: Run Behavior\ContentReplaceBehavior [ RunTime:0.000119s ]
INFO: [ template_filter ] --END-- [ RunTime:0.000204s ]
INFO: Run Behavior\ParseTemplateBehavior [ RunTime:0.017290s ]
INFO: [ view_parse ] --END-- [ RunTime:0.017438s ]
INFO: [ view_filter ] --START--
INFO: Run Behavior\WriteHtmlCacheBehavior [ RunTime:0.000486s ]
INFO: [ view_filter ] --END-- [ RunTime:0.000555s ]
INFO: [ app_end ] --START--
INFO: Run Behavior\ShowPageTraceBehavior [ RunTime:0.001202s ]
INFO: [ app_end ] --END-- [ RunTime:0.001309s ]

[ 2017-06-23T22:46:58+08:00 ] ::1 /myshop/index.php/admin/category/resultCategory.html
INFO: [ app_init ] --START--
INFO: Run Behavior\BuildLiteBehavior [ RunTime:0.000014s ]
INFO: [ app_init ] --END-- [ RunTime:0.000375s ]
INFO: [ app_begin ] --START--
INFO: Run Behavior\ReadHtmlCacheBehavior [ RunTime:0.000516s ]
INFO: [ app_begin ] --END-- [ RunTime:0.000556s ]
SQL: SHOW COLUMNS FROM `category` [ RunTime:0.0121s ]
SQL: SELECT * FROM `category`  [ RunTime:0.0010s ]
SQL: SELECT * FROM `category`  [ RunTime:0.0008s ]
SQL: SELECT * FROM `category`  [ RunTime:0.0012s ]
SQL: SELECT * FROM `category`  [ RunTime:0.0007s ]
SQL: SELECT * FROM `category`  [ RunTime:0.0007s ]
SQL: SELECT * FROM `category`  [ RunTime:0.0007s ]
SQL: SELECT * FROM `category`  [ RunTime:0.0007s ]
SQL: SELECT * FROM `category`  [ RunTime:0.0007s ]
SQL: SELECT * FROM `category`  [ RunTime:0.0005s ]
SQL: SELECT * FROM `category`  [ RunTime:0.0012s ]
SQL: SELECT * FROM `category`  [ RunTime:0.0006s ]
SQL: SELECT * FROM `category`  [ RunTime:0.0005s ]
SQL: SELECT * FROM `category`  [ RunTime:0.0004s ]
SQL: SELECT * FROM `category`  [ RunTime:0.0005s ]

[ 2017-06-23T22:47:04+08:00 ] ::1 /myshop/index.php/Admin/Comment/comment_list.html
INFO: [ app_init ] --START--
INFO: Run Behavior\BuildLiteBehavior [ RunTime:0.000014s ]
INFO: [ app_init ] --END-- [ RunTime:0.000381s ]
INFO: [ app_begin ] --START--
INFO: Run Behavior\ReadHtmlCacheBehavior [ RunTime:0.000531s ]
INFO: [ app_begin ] --END-- [ RunTime:0.000574s ]
SQL: SHOW COLUMNS FROM `comment` [ RunTime:0.0128s ]
SQL: SELECT * FROM `comment` ORDER BY com_time desc LIMIT 0,5   [ RunTime:0.0009s ]
SQL: SELECT COUNT(*) AS tp_count FROM `comment` LIMIT 1   [ RunTime:0.0005s ]
INFO: [ view_parse ] --START--
INFO: [ template_filter ] --START--
INFO: Run Behavior\ContentReplaceBehavior [ RunTime:0.000126s ]
INFO: [ template_filter ] --END-- [ RunTime:0.000217s ]
INFO: Run Behavior\ParseTemplateBehavior [ RunTime:0.022727s ]
INFO: [ view_parse ] --END-- [ RunTime:0.022878s ]
INFO: [ view_filter ] --START--
INFO: Run Behavior\WriteHtmlCacheBehavior [ RunTime:0.000850s ]
INFO: [ view_filter ] --END-- [ RunTime:0.001005s ]
INFO: [ app_end ] --START--
INFO: Run Behavior\ShowPageTraceBehavior [ RunTime:0.001950s ]
INFO: [ app_end ] --END-- [ RunTime:0.002434s ]

[ 2017-06-23T22:47:55+08:00 ] ::1 /myshop/index.php/Admin/Goods/goods_list.html
INFO: [ app_init ] --START--
INFO: Run Behavior\BuildLiteBehavior [ RunTime:0.000021s ]
INFO: [ app_init ] --END-- [ RunTime:0.000460s ]
INFO: [ app_begin ] --START--
INFO: Run Behavior\ReadHtmlCacheBehavior [ RunTime:0.000523s ]
INFO: [ app_begin ] --END-- [ RunTime:0.000570s ]
SQL: SHOW COLUMNS FROM `goods` [ RunTime:0.0135s ]
SQL: SELECT * FROM `goods` ORDER BY goods_id desc LIMIT 0,5   [ RunTime:0.0011s ]
SQL: SELECT COUNT(*) AS tp_count FROM `goods` LIMIT 1   [ RunTime:0.0005s ]
INFO: [ view_parse ] --START--
INFO: [ template_filter ] --START--
INFO: Run Behavior\ContentReplaceBehavior [ RunTime:0.000164s ]
INFO: [ template_filter ] --END-- [ RunTime:0.000304s ]
INFO: Run Behavior\ParseTemplateBehavior [ RunTime:0.020157s ]
INFO: [ view_parse ] --END-- [ RunTime:0.020279s ]
INFO: [ view_filter ] --START--
INFO: Run Behavior\WriteHtmlCacheBehavior [ RunTime:0.000467s ]
INFO: [ view_filter ] --END-- [ RunTime:0.000547s ]
INFO: [ app_end ] --START--
INFO: Run Behavior\ShowPageTraceBehavior [ RunTime:0.001172s ]
INFO: [ app_end ] --END-- [ RunTime:0.001261s ]

