[ 2017-08-06T11:54:32+08:00 ] ::1 /myshop/
INFO: [ app_init ] --START--
INFO: Run Behavior\BuildLiteBehavior [ RunTime:0.000051s ]
INFO: [ app_init ] --END-- [ RunTime:0.031546s ]
INFO: [ app_begin ] --START--
INFO: Run Behavior\ReadHtmlCacheBehavior [ RunTime:0.013554s ]
INFO: [ app_begin ] --END-- [ RunTime:0.013723s ]
INFO: [ app_end ] --START--
INFO: Run Behavior\ShowPageTraceBehavior [ RunTime:0.009106s ]
INFO: [ app_end ] --END-- [ RunTime:0.009343s ]

[ 2017-08-06T11:54:34+08:00 ] ::1 /myshop/index.php
INFO: [ app_init ] --START--
INFO: Run Behavior\BuildLiteBehavior [ RunTime:0.000025s ]
INFO: [ app_init ] --END-- [ RunTime:0.001079s ]
INFO: [ app_begin ] --START--
INFO: Run Behavior\ReadHtmlCacheBehavior [ RunTime:0.002548s ]
INFO: [ app_begin ] --END-- [ RunTime:0.002634s ]
INFO: [ app_end ] --START--
INFO: Run Behavior\ShowPageTraceBehavior [ RunTime:0.003006s ]
INFO: [ app_end ] --END-- [ RunTime:0.003093s ]

[ 2017-08-06T11:56:12+08:00 ] ::1 /myshop/index.php/Home/Index/userMain
INFO: [ app_init ] --START--
INFO: Run Behavior\BuildLiteBehavior [ RunTime:0.000015s ]
INFO: [ app_init ] --END-- [ RunTime:0.000697s ]
INFO: [ app_begin ] --START--
INFO: Run Behavior\ReadHtmlCacheBehavior [ RunTime:0.001431s ]
INFO: [ app_begin ] --END-- [ RunTime:0.001486s ]
SQL: SHOW COLUMNS FROM `category` [ RunTime:0.0400s ]
NOTIC: [2] array_reverse() expects parameter 1 to be array, null given E:\Workspace\php\www\myshop\Home\Controller\IndexController.class.php 第 12 行.
SQL: SELECT * FROM `category`  [ RunTime:0.0014s ]
SQL: SELECT * FROM `category`  [ RunTime:0.0011s ]
SQL: SELECT * FROM `category`  [ RunTime:0.0008s ]
SQL: SELECT * FROM `category`  [ RunTime:0.0008s ]
SQL: SELECT * FROM `category`  [ RunTime:0.0007s ]
SQL: SELECT * FROM `category`  [ RunTime:0.0007s ]
SQL: SELECT * FROM `category`  [ RunTime:0.0008s ]
SQL: SELECT * FROM `category`  [ RunTime:0.0007s ]
SQL: SELECT * FROM `category`  [ RunTime:0.0007s ]
SQL: SELECT * FROM `category`  [ RunTime:0.0007s ]
SQL: SELECT * FROM `category`  [ RunTime:0.0007s ]
SQL: SELECT * FROM `category`  [ RunTime:0.0007s ]
SQL: SELECT * FROM `category`  [ RunTime:0.0007s ]
SQL: SELECT * FROM `category`  [ RunTime:0.0007s ]
SQL: SELECT * FROM `category`  [ RunTime:0.0007s ]
SQL: SHOW COLUMNS FROM `goods` [ RunTime:0.0536s ]
SQL: SELECT `goods_id`,`goods_name`,`goods_img`,`goods_summary`,`shop_price` FROM `goods` WHERE ( warehouse_num>0 ) ORDER BY goods_addtime desc LIMIT 0,4   [ RunTime:0.0018s ]
SQL: SELECT `goods_id`,`goods_name`,`goods_img`,`goods_summary`,`shop_price` FROM `goods` WHERE ( warehouse_num>0 ) ORDER BY sale_num desc LIMIT 0,4   [ RunTime:0.0009s ]
INFO: [ view_parse ] --START--
INFO: [ template_filter ] --START--
INFO: Run Behavior\ContentReplaceBehavior [ RunTime:0.002758s ]
INFO: [ template_filter ] --END-- [ RunTime:0.002937s ]
NOTIC: [8] Use of undefined constant cat_id - assumed 'cat_id' E:\Workspace\php\www\myshop\Runtime\Cache\Home\8a1d6be79fc900f44e45dbf87a765187.php 第 73 行.
NOTIC: [8] Use of undefined constant parent_id - assumed 'parent_id' E:\Workspace\php\www\myshop\Runtime\Cache\Home\8a1d6be79fc900f44e45dbf87a765187.php 第 73 行.
NOTIC: [8] Use of undefined constant cat_id - assumed 'cat_id' E:\Workspace\php\www\myshop\Runtime\Cache\Home\8a1d6be79fc900f44e45dbf87a765187.php 第 73 行.
NOTIC: [8] Use of undefined constant parent_id - assumed 'parent_id' E:\Workspace\php\www\myshop\Runtime\Cache\Home\8a1d6be79fc900f44e45dbf87a765187.php 第 73 行.
NOTIC: [8] Use of undefined constant cat_id - assumed 'cat_id' E:\Workspace\php\www\myshop\Runtime\Cache\Home\8a1d6be79fc900f44e45dbf87a765187.php 第 74 行.
NOTIC: [8] Use of undefined constant parent_id - assumed 'parent_id' E:\Workspace\php\www\myshop\Runtime\Cache\Home\8a1d6be79fc900f44e45dbf87a765187.php 第 74 行.
NOTIC: [8] Use of undefined constant cat_id - assumed 'cat_id' E:\Workspace\php\www\myshop\Runtime\Cache\Home\8a1d6be79fc900f44e45dbf87a765187.php 第 74 行.
NOTIC: [8] Use of undefined constant parent_id - assumed 'parent_id' E:\Workspace\php\www\myshop\Runtime\Cache\Home\8a1d6be79fc900f44e45dbf87a765187.php 第 74 行.
NOTIC: [8] Use of undefined constant cat_id - assumed 'cat_id' E:\Workspace\php\www\myshop\Runtime\Cache\Home\8a1d6be79fc900f44e45dbf87a765187.php 第 74 行.
NOTIC: [8] Use of undefined constant parent_id - assumed 'parent_id' E:\Workspace\php\www\myshop\Runtime\Cache\Home\8a1d6be79fc900f44e45dbf87a765187.php 第 74 行.
NOTIC: [8] Use of undefined constant cat_id - assumed 'cat_id' E:\Workspace\php\www\myshop\Runtime\Cache\Home\8a1d6be79fc900f44e45dbf87a765187.php 第 74 行.
NOTIC: [8] Use of undefined constant cat_id - assumed 'cat_id' E:\Workspace\php\www\myshop\Runtime\Cache\Home\8a1d6be79fc900f44e45dbf87a765187.php 第 74 行.
NOTIC: [8] Use of undefined constant parent_id - assumed 'parent_id' E:\Workspace\php\www\myshop\Runtime\Cache\Home\8a1d6be79fc900f44e45dbf87a765187.php 第 74 行.
NOTIC: [8] Use of undefined constant cat_id - assumed 'cat_id' E:\Workspace\php\www\myshop\Runtime\Cache\Home\8a1d6be79fc900f44e45dbf87a765187.php 第 74 行.
NOTIC: [8] Use of undefined constant cat_id - assumed 'cat_id' E:\Workspace\php\www\myshop\Runtime\Cache\Home\8a1d6be79fc900f44e45dbf87a765187.php 第 74 行.
NOTIC: [8] Use of undefined constant parent_id - assumed 'parent_id' E:\Workspace\php\www\myshop\Runtime\Cache\Home\8a1d6be79fc900f44e45dbf87a765187.php 第 74 行.
NOTIC: [8] Use of undefined constant cat_id - assumed 'cat_id' E:\Workspace\php\www\myshop\Runtime\Cache\Home\8a1d6be79fc900f44e45dbf87a765187.php 第 74 行.
NOTIC: [8] Use of undefined constant cat_id - assumed 'cat_id' E:\Workspace\php\www\myshop\Runtime\Cache\Home\8a1d6be79fc900f44e45dbf87a765187.php 第 74 行.
NOTIC: [8] Use of undefined constant parent_id - assumed 'parent_id' E:\Workspace\php\www\myshop\Runtime\Cache\Home\8a1d6be79fc900f44e45dbf87a765187.php 第 74 行.
NOTIC: [8] Use of undefined constant cat_id - assumed 'cat_id' E:\Workspace\php\www\myshop\Runtime\Cache\Home\8a1d6be79fc900f44e45dbf87a765187.php 第 74 行.
NOTIC: [8] Use of undefined constant cat_id - assumed 'cat_id' E:\Workspace\php\www\myshop\Runtime\Cache\Home\8a1d6be79fc900f44e45dbf87a765187.php 第 74 行.
NOTIC: [8] Use of undefined constant parent_id - assumed 'parent_id' E:\Workspace\php\www\myshop\Runtime\Cache\Home\8a1d6be79fc900f44e45dbf87a765187.php 第 74 行.
NOTIC: [8] Use of undefined constant cat_id - assumed 'cat_id' E:\Workspace\php\www\myshop\Runtime\Cache\Home\8a1d6be79fc900f44e45dbf87a765187.php 第 74 行.
NOTIC: [8] Use of undefined constant parent_id - assumed 'parent_id' E:\Workspace\php\www\myshop\Runtime\Cache\Home\8a1d6be79fc900f44e45dbf87a765187.php 第 74 行.
NOTIC: [8] Use of undefined constant cat_id - assumed 'cat_id' E:\Workspace\php\www\myshop\Runtime\Cache\Home\8a1d6be79fc900f44e45dbf87a765187.php 第 74 行.
NOTIC: [8] Use of undefined constant parent_id - assumed 'parent_id' E:\Workspace\php\www\myshop\Runtime\Cache\Home\8a1d6be79fc900f44e45dbf87a765187.php 第 74 行.
NOTIC: [8] Use of undefined constant cat_id - assumed 'cat_id' E:\Workspace\php\www\myshop\Runtime\Cache\Home\8a1d6be79fc900f44e45dbf87a765187.php 第 74 行.
NOTIC: [8] Use of undefined constant parent_id - assumed 'parent_id' E:\Workspace\php\www\myshop\Runtime\Cache\Home\8a1d6be79fc900f44e45dbf87a765187.php 第 74 行.
NOTIC: [8] Use of undefined constant cat_id - assumed 'cat_id' E:\Workspace\php\www\myshop\Runtime\Cache\Home\8a1d6be79fc900f44e45dbf87a765187.php 第 74 行.
NOTIC: [8] Use of undefined constant parent_id - assumed 'parent_id' E:\Workspace\php\www\myshop\Runtime\Cache\Home\8a1d6be79fc900f44e45dbf87a765187.php 第 74 行.
NOTIC: [8] Use of undefined constant cat_id - assumed 'cat_id' E:\Workspace\php\www\myshop\Runtime\Cache\Home\8a1d6be79fc900f44e45dbf87a765187.php 第 74 行.
NOTIC: [8] Use of undefined constant parent_id - assumed 'parent_id' E:\Workspace\php\www\myshop\Runtime\Cache\Home\8a1d6be79fc900f44e45dbf87a765187.php 第 74 行.
NOTIC: [8] Use of undefined constant cat_id - assumed 'cat_id' E:\Workspace\php\www\myshop\Runtime\Cache\Home\8a1d6be79fc900f44e45dbf87a765187.php 第 74 行.
NOTIC: [8] Use of undefined constant parent_id - assumed 'parent_id' E:\Workspace\php\www\myshop\Runtime\Cache\Home\8a1d6be79fc900f44e45dbf87a765187.php 第 74 行.
NOTIC: [8] Use of undefined constant cat_id - assumed 'cat_id' E:\Workspace\php\www\myshop\Runtime\Cache\Home\8a1d6be79fc900f44e45dbf87a765187.php 第 74 行.
NOTIC: [8] Use of undefined constant parent_id - assumed 'parent_id' E:\Workspace\php\www\myshop\Runtime\Cache\Home\8a1d6be79fc900f44e45dbf87a765187.php 第 74 行.
NOTIC: [8] Use of undefined constant cat_id - assumed 'cat_id' E:\Workspace\php\www\myshop\Runtime\Cache\Home\8a1d6be79fc900f44e45dbf87a765187.php 第 73 行.
NOTIC: [8] Use of undefined constant parent_id - assumed 'parent_id' E:\Workspace\php\www\myshop\Runtime\Cache\Home\8a1d6be79fc900f44e45dbf87a765187.php 第 73 行.
NOTIC: [8] Use of undefined constant cat_id - assumed 'cat_id' E:\Workspace\php\www\myshop\Runtime\Cache\Home\8a1d6be79fc900f44e45dbf87a765187.php 第 73 行.
NOTIC: [8] Use of undefined constant parent_id - assumed 'parent_id' E:\Workspace\php\www\myshop\Runtime\Cache\Home\8a1d6be79fc900f44e45dbf87a765187.php 第 73 行.
NOTIC: [8] Use of undefined constant cat_id - assumed 'cat_id' E:\Workspace\php\www\myshop\Runtime\Cache\Home\8a1d6be79fc900f44e45dbf87a765187.php 第 73 行.
NOTIC: [8] Use of undefined constant parent_id - assumed 'parent_id' E:\Workspace\php\www\myshop\Runtime\Cache\Home\8a1d6be79fc900f44e45dbf87a765187.php 第 73 行.
NOTIC: [8] Use of undefined constant cat_id - assumed 'cat_id' E:\Workspace\php\www\myshop\Runtime\Cache\Home\8a1d6be79fc900f44e45dbf87a765187.php 第 73 行.
NOTIC: [8] Use of undefined constant parent_id - assumed 'parent_id' E:\Workspace\php\www\myshop\Runtime\Cache\Home\8a1d6be79fc900f44e45dbf87a765187.php 第 73 行.
NOTIC: [8] Use of undefined constant cat_id - assumed 'cat_id' E:\Workspace\php\www\myshop\Runtime\Cache\Home\8a1d6be79fc900f44e45dbf87a765187.php 第 73 行.
NOTIC: [8] Use of undefined constant parent_id - assumed 'parent_id' E:\Workspace\php\www\myshop\Runtime\Cache\Home\8a1d6be79fc900f44e45dbf87a765187.php 第 73 行.
NOTIC: [8] Use of undefined constant cat_id - assumed 'cat_id' E:\Workspace\php\www\myshop\Runtime\Cache\Home\8a1d6be79fc900f44e45dbf87a765187.php 第 74 行.
NOTIC: [8] Use of undefined constant parent_id - assumed 'parent_id' E:\Workspace\php\www\myshop\Runtime\Cache\Home\8a1d6be79fc900f44e45dbf87a765187.php 第 74 行.
NOTIC: [8] Use of undefined constant cat_id - assumed 'cat_id' E:\Workspace\php\www\myshop\Runtime\Cache\Home\8a1d6be79fc900f44e45dbf87a765187.php 第 74 行.
NOTIC: [8] Use of undefined constant parent_id - assumed 'parent_id' E:\Workspace\php\www\myshop\Runtime\Cache\Home\8a1d6be79fc900f44e45dbf87a765187.php 第 74 行.
NOTIC: [8] Use of undefined constant cat_id - assumed 'cat_id' E:\Workspace\php\www\myshop\Runtime\Cache\Home\8a1d6be79fc900f44e45dbf87a765187.php 第 74 行.
NOTIC: [8] Use of undefined constant parent_id - assumed 'parent_id' E:\Workspace\php\www\myshop\Runtime\Cache\Home\8a1d6be79fc900f44e45dbf87a765187.php 第 74 行.
NOTIC: [8] Use of undefined constant cat_id - assumed 'cat_id' E:\Workspace\php\www\myshop\Runtime\Cache\Home\8a1d6be79fc900f44e45dbf87a765187.php 第 74 行.
NOTIC: [8] Use of undefined constant parent_id - assumed 'parent_id' E:\Workspace\php\www\myshop\Runtime\Cache\Home\8a1d6be79fc900f44e45dbf87a765187.php 第 74 行.
NOTIC: [8] Use of undefined constant cat_id - assumed 'cat_id' E:\Workspace\php\www\myshop\Runtime\Cache\Home\8a1d6be79fc900f44e45dbf87a765187.php 第 74 行.
NOTIC: [8] Use of undefined constant parent_id - assumed 'parent_id' E:\Workspace\php\www\myshop\Runtime\Cache\Home\8a1d6be79fc900f44e45dbf87a765187.php 第 74 行.
NOTIC: [8] Use of undefined constant cat_id - assumed 'cat_id' E:\Workspace\php\www\myshop\Runtime\Cache\Home\8a1d6be79fc900f44e45dbf87a765187.php 第 74 行.
NOTIC: [8] Use of undefined constant parent_id - assumed 'parent_id' E:\Workspace\php\www\myshop\Runtime\Cache\Home\8a1d6be79fc900f44e45dbf87a765187.php 第 74 行.
NOTIC: [8] Use of undefined constant cat_id - assumed 'cat_id' E:\Workspace\php\www\myshop\Runtime\Cache\Home\8a1d6be79fc900f44e45dbf87a765187.php 第 74 行.
NOTIC: [8] Use of undefined constant parent_id - assumed 'parent_id' E:\Workspace\php\www\myshop\Runtime\Cache\Home\8a1d6be79fc900f44e45dbf87a765187.php 第 74 行.
NOTIC: [8] Use of undefined constant cat_id - assumed 'cat_id' E:\Workspace\php\www\myshop\Runtime\Cache\Home\8a1d6be79fc900f44e45dbf87a765187.php 第 74 行.
NOTIC: [8] Use of undefined constant parent_id - assumed 'parent_id' E:\Workspace\php\www\myshop\Runtime\Cache\Home\8a1d6be79fc900f44e45dbf87a765187.php 第 74 行.
NOTIC: [8] Use of undefined constant cat_id - assumed 'cat_id' E:\Workspace\php\www\myshop\Runtime\Cache\Home\8a1d6be79fc900f44e45dbf87a765187.php 第 74 行.
NOTIC: [8] Use of undefined constant cat_id - assumed 'cat_id' E:\Workspace\php\www\myshop\Runtime\Cache\Home\8a1d6be79fc900f44e45dbf87a765187.php 第 74 行.
NOTIC: [8] Use of undefined constant parent_id - assumed 'parent_id' E:\Workspace\php\www\myshop\Runtime\Cache\Home\8a1d6be79fc900f44e45dbf87a765187.php 第 74 行.
NOTIC: [8] Use of undefined constant cat_id - assumed 'cat_id' E:\Workspace\php\www\myshop\Runtime\Cache\Home\8a1d6be79fc900f44e45dbf87a765187.php 第 74 行.
NOTIC: [8] Use of undefined constant cat_id - assumed 'cat_id' E:\Workspace\php\www\myshop\Runtime\Cache\Home\8a1d6be79fc900f44e45dbf87a765187.php 第 74 行.
NOTIC: [8] Use of undefined constant parent_id - assumed 'parent_id' E:\Workspace\php\www\myshop\Runtime\Cache\Home\8a1d6be79fc900f44e45dbf87a765187.php 第 74 行.
NOTIC: [8] Use of undefined constant cat_id - assumed 'cat_id' E:\Workspace\php\www\myshop\Runtime\Cache\Home\8a1d6be79fc900f44e45dbf87a765187.php 第 74 行.
NOTIC: [8] Use of undefined constant parent_id - assumed 'parent_id' E:\Workspace\php\www\myshop\Runtime\Cache\Home\8a1d6be79fc900f44e45dbf87a765187.php 第 74 行.
NOTIC: [8] Use of undefined constant cat_id - assumed 'cat_id' E:\Workspace\php\www\myshop\Runtime\Cache\Home\8a1d6be79fc900f44e45dbf87a765187.php 第 74 行.
NOTIC: [8] Use of undefined constant parent_id - assumed 'parent_id' E:\Workspace\php\www\myshop\Runtime\Cache\Home\8a1d6be79fc900f44e45dbf87a765187.php 第 74 行.
NOTIC: [8] Use of undefined constant cat_id - assumed 'cat_id' E:\Workspace\php\www\myshop\Runtime\Cache\Home\8a1d6be79fc900f44e45dbf87a765187.php 第 74 行.
NOTIC: [8] Use of undefined constant parent_id - assumed 'parent_id' E:\Workspace\php\www\myshop\Runtime\Cache\Home\8a1d6be79fc900f44e45dbf87a765187.php 第 74 行.
NOTIC: [8] Use of undefined constant cat_id - assumed 'cat_id' E:\Workspace\php\www\myshop\Runtime\Cache\Home\8a1d6be79fc900f44e45dbf87a765187.php 第 74 行.
NOTIC: [8] Use of undefined constant parent_id - assumed 'parent_id' E:\Workspace\php\www\myshop\Runtime\Cache\Home\8a1d6be79fc900f44e45dbf87a765187.php 第 74 行.
NOTIC: [8] Use of undefined constant cat_id - assumed 'cat_id' E:\Workspace\php\www\myshop\Runtime\Cache\Home\8a1d6be79fc900f44e45dbf87a765187.php 第 73 行.
NOTIC: [8] Use of undefined constant parent_id - assumed 'parent_id' E:\Workspace\php\www\myshop\Runtime\Cache\Home\8a1d6be79fc900f44e45dbf87a765187.php 第 73 行.
NOTIC: [8] Use of undefined constant cat_id - assumed 'cat_id' E:\Workspace\php\www\myshop\Runtime\Cache\Home\8a1d6be79fc900f44e45dbf87a765187.php 第 73 行.
NOTIC: [8] Use of undefined constant parent_id - assumed 'parent_id' E:\Workspace\php\www\myshop\Runtime\Cache\Home\8a1d6be79fc900f44e45dbf87a765187.php 第 73 行.
NOTIC: [8] Use of undefined constant cat_id - assumed 'cat_id' E:\Workspace\php\www\myshop\Runtime\Cache\Home\8a1d6be79fc900f44e45dbf87a765187.php 第 73 行.
NOTIC: [8] Use of undefined constant parent_id - assumed 'parent_id' E:\Workspace\php\www\myshop\Runtime\Cache\Home\8a1d6be79fc900f44e45dbf87a765187.php 第 73 行.
NOTIC: [8] Use of undefined constant cat_id - assumed 'cat_id' E:\Workspace\php\www\myshop\Runtime\Cache\Home\8a1d6be79fc900f44e45dbf87a765187.php 第 73 行.
NOTIC: [8] Use of undefined constant parent_id - assumed 'parent_id' E:\Workspace\php\www\myshop\Runtime\Cache\Home\8a1d6be79fc900f44e45dbf87a765187.php 第 73 行.
NOTIC: [8] Use of undefined constant cat_id - assumed 'cat_id' E:\Workspace\php\www\myshop\Runtime\Cache\Home\8a1d6be79fc900f44e45dbf87a765187.php 第 73 行.
NOTIC: [8] Use of undefined constant parent_id - assumed 'parent_id' E:\Workspace\php\www\myshop\Runtime\Cache\Home\8a1d6be79fc900f44e45dbf87a765187.php 第 73 行.
NOTIC: [8] Use of undefined constant cat_id - assumed 'cat_id' E:\Workspace\php\www\myshop\Runtime\Cache\Home\8a1d6be79fc900f44e45dbf87a765187.php 第 73 行.
NOTIC: [8] Use of undefined constant parent_id - assumed 'parent_id' E:\Workspace\php\www\myshop\Runtime\Cache\Home\8a1d6be79fc900f44e45dbf87a765187.php 第 73 行.
NOTIC: [8] Use of undefined constant cat_id - assumed 'cat_id' E:\Workspace\php\www\myshop\Runtime\Cache\Home\8a1d6be79fc900f44e45dbf87a765187.php 第 73 行.
NOTIC: [8] Use of undefined constant parent_id - assumed 'parent_id' E:\Workspace\php\www\myshop\Runtime\Cache\Home\8a1d6be79fc900f44e45dbf87a765187.php 第 73 行.
NOTIC: [8] Use of undefined constant cat_id - assumed 'cat_id' E:\Workspace\php\www\myshop\Runtime\Cache\Home\8a1d6be79fc900f44e45dbf87a765187.php 第 73 行.
NOTIC: [8] Use of undefined constant parent_id - assumed 'parent_id' E:\Workspace\php\www\myshop\Runtime\Cache\Home\8a1d6be79fc900f44e45dbf87a765187.php 第 73 行.
NOTIC: [8] Use of undefined constant cat_id - assumed 'cat_id' E:\Workspace\php\www\myshop\Runtime\Cache\Home\8a1d6be79fc900f44e45dbf87a765187.php 第 73 行.
NOTIC: [8] Use of undefined constant parent_id - assumed 'parent_id' E:\Workspace\php\www\myshop\Runtime\Cache\Home\8a1d6be79fc900f44e45dbf87a765187.php 第 73 行.
NOTIC: [8] Use of undefined constant cat_id - assumed 'cat_id' E:\Workspace\php\www\myshop\Runtime\Cache\Home\8a1d6be79fc900f44e45dbf87a765187.php 第 73 行.
NOTIC: [8] Use of undefined constant parent_id - assumed 'parent_id' E:\Workspace\php\www\myshop\Runtime\Cache\Home\8a1d6be79fc900f44e45dbf87a765187.php 第 73 行.
NOTIC: [8] Use of undefined constant cat_id - assumed 'cat_id' E:\Workspace\php\www\myshop\Runtime\Cache\Home\8a1d6be79fc900f44e45dbf87a765187.php 第 73 行.
NOTIC: [8] Use of undefined constant parent_id - assumed 'parent_id' E:\Workspace\php\www\myshop\Runtime\Cache\Home\8a1d6be79fc900f44e45dbf87a765187.php 第 73 行.
NOTIC: [8] Use of undefined constant cat_id - assumed 'cat_id' E:\Workspace\php\www\myshop\Runtime\Cache\Home\8a1d6be79fc900f44e45dbf87a765187.php 第 73 行.
NOTIC: [8] Use of undefined constant parent_id - assumed 'parent_id' E:\Workspace\php\www\myshop\Runtime\Cache\Home\8a1d6be79fc900f44e45dbf87a765187.php 第 73 行.
NOTIC: [8] Use of undefined constant cat_id - assumed 'cat_id' E:\Workspace\php\www\myshop\Runtime\Cache\Home\8a1d6be79fc900f44e45dbf87a765187.php 第 73 行.
NOTIC: [8] Use of undefined constant parent_id - assumed 'parent_id' E:\Workspace\php\www\myshop\Runtime\Cache\Home\8a1d6be79fc900f44e45dbf87a765187.php 第 73 行.
NOTIC: [8] Use of undefined constant cat_id - assumed 'cat_id' E:\Workspace\php\www\myshop\Runtime\Cache\Home\8a1d6be79fc900f44e45dbf87a765187.php 第 73 行.
NOTIC: [8] Use of undefined constant parent_id - assumed 'parent_id' E:\Workspace\php\www\myshop\Runtime\Cache\Home\8a1d6be79fc900f44e45dbf87a765187.php 第 73 行.
NOTIC: [8] Use of undefined constant cat_id - assumed 'cat_id' E:\Workspace\php\www\myshop\Runtime\Cache\Home\8a1d6be79fc900f44e45dbf87a765187.php 第 73 行.
NOTIC: [8] Use of undefined constant parent_id - assumed 'parent_id' E:\Workspace\php\www\myshop\Runtime\Cache\Home\8a1d6be79fc900f44e45dbf87a765187.php 第 73 行.
NOTIC: [8] Use of undefined constant cat_id - assumed 'cat_id' E:\Workspace\php\www\myshop\Runtime\Cache\Home\8a1d6be79fc900f44e45dbf87a765187.php 第 73 行.
NOTIC: [8] Use of undefined constant parent_id - assumed 'parent_id' E:\Workspace\php\www\myshop\Runtime\Cache\Home\8a1d6be79fc900f44e45dbf87a765187.php 第 73 行.
NOTIC: [8] Use of undefined constant cat_id - assumed 'cat_id' E:\Workspace\php\www\myshop\Runtime\Cache\Home\8a1d6be79fc900f44e45dbf87a765187.php 第 73 行.
NOTIC: [8] Use of undefined constant parent_id - assumed 'parent_id' E:\Workspace\php\www\myshop\Runtime\Cache\Home\8a1d6be79fc900f44e45dbf87a765187.php 第 73 行.
NOTIC: [8] Use of undefined constant cat_id - assumed 'cat_id' E:\Workspace\php\www\myshop\Runtime\Cache\Home\8a1d6be79fc900f44e45dbf87a765187.php 第 73 行.
NOTIC: [8] Use of undefined constant parent_id - assumed 'parent_id' E:\Workspace\php\www\myshop\Runtime\Cache\Home\8a1d6be79fc900f44e45dbf87a765187.php 第 73 行.
NOTIC: [8] Use of undefined constant cat_id - assumed 'cat_id' E:\Workspace\php\www\myshop\Runtime\Cache\Home\8a1d6be79fc900f44e45dbf87a765187.php 第 74 行.
NOTIC: [8] Use of undefined constant parent_id - assumed 'parent_id' E:\Workspace\php\www\myshop\Runtime\Cache\Home\8a1d6be79fc900f44e45dbf87a765187.php 第 74 行.
NOTIC: [8] Use of undefined constant cat_id - assumed 'cat_id' E:\Workspace\php\www\myshop\Runtime\Cache\Home\8a1d6be79fc900f44e45dbf87a765187.php 第 74 行.
NOTIC: [8] Use of undefined constant parent_id - assumed 'parent_id' E:\Workspace\php\www\myshop\Runtime\Cache\Home\8a1d6be79fc900f44e45dbf87a765187.php 第 74 行.
NOTIC: [8] Use of undefined constant cat_id - assumed 'cat_id' E:\Workspace\php\www\myshop\Runtime\Cache\Home\8a1d6be79fc900f44e45dbf87a765187.php 第 74 行.
NOTIC: [8] Use of undefined constant parent_id - assumed 'parent_id' E:\Workspace\php\www\myshop\Runtime\Cache\Home\8a1d6be79fc900f44e45dbf87a765187.php 第 74 行.
NOTIC: [8] Use of undefined constant cat_id - assumed 'cat_id' E:\Workspace\php\www\myshop\Runtime\Cache\Home\8a1d6be79fc900f44e45dbf87a765187.php 第 74 行.
NOTIC: [8] Use of undefined constant parent_id - assumed 'parent_id' E:\Workspace\php\www\myshop\Runtime\Cache\Home\8a1d6be79fc900f44e45dbf87a765187.php 第 74 行.
NOTIC: [8] Use of undefined constant cat_id - assumed 'cat_id' E:\Workspace\php\www\myshop\Runtime\Cache\Home\8a1d6be79fc900f44e45dbf87a765187.php 第 74 行.
NOTIC: [8] Use of undefined constant parent_id - assumed 'parent_id' E:\Workspace\php\www\myshop\Runtime\Cache\Home\8a1d6be79fc900f44e45dbf87a765187.php 第 74 行.
NOTIC: [8] Use of undefined constant cat_id - assumed 'cat_id' E:\Workspace\php\www\myshop\Runtime\Cache\Home\8a1d6be79fc900f44e45dbf87a765187.php 第 74 行.
NOTIC: [8] Use of undefined constant parent_id - assumed 'parent_id' E:\Workspace\php\www\myshop\Runtime\Cache\Home\8a1d6be79fc900f44e45dbf87a765187.php 第 74 行.
NOTIC: [8] Use of undefined constant cat_id - assumed 'cat_id' E:\Workspace\php\www\myshop\Runtime\Cache\Home\8a1d6be79fc900f44e45dbf87a765187.php 第 74 行.
NOTIC: [8] Use of undefined constant parent_id - assumed 'parent_id' E:\Workspace\php\www\myshop\Runtime\Cache\Home\8a1d6be79fc900f44e45dbf87a765187.php 第 74 行.
NOTIC: [8] Use of undefined constant cat_id - assumed 'cat_id' E:\Workspace\php\www\myshop\Runtime\Cache\Home\8a1d6be79fc900f44e45dbf87a765187.php 第 74 行.
NOTIC: [8] Use of undefined constant parent_id - assumed 'parent_id' E:\Workspace\php\www\myshop\Runtime\Cache\Home\8a1d6be79fc900f44e45dbf87a765187.php 第 74 行.
NOTIC: [8] Use of undefined constant cat_id - assumed 'cat_id' E:\Workspace\php\www\myshop\Runtime\Cache\Home\8a1d6be79fc900f44e45dbf87a765187.php 第 74 行.
NOTIC: [8] Use of undefined constant parent_id - assumed 'parent_id' E:\Workspace\php\www\myshop\Runtime\Cache\Home\8a1d6be79fc900f44e45dbf87a765187.php 第 74 行.
NOTIC: [8] Use of undefined constant cat_id - assumed 'cat_id' E:\Workspace\php\www\myshop\Runtime\Cache\Home\8a1d6be79fc900f44e45dbf87a765187.php 第 74 行.
NOTIC: [8] Use of undefined constant parent_id - assumed 'parent_id' E:\Workspace\php\www\myshop\Runtime\Cache\Home\8a1d6be79fc900f44e45dbf87a765187.php 第 74 行.
NOTIC: [8] Use of undefined constant cat_id - assumed 'cat_id' E:\Workspace\php\www\myshop\Runtime\Cache\Home\8a1d6be79fc900f44e45dbf87a765187.php 第 74 行.
NOTIC: [8] Use of undefined constant parent_id - assumed 'parent_id' E:\Workspace\php\www\myshop\Runtime\Cache\Home\8a1d6be79fc900f44e45dbf87a765187.php 第 74 行.
NOTIC: [8] Use of undefined constant cat_id - assumed 'cat_id' E:\Workspace\php\www\myshop\Runtime\Cache\Home\8a1d6be79fc900f44e45dbf87a765187.php 第 74 行.
NOTIC: [8] Use of undefined constant parent_id - assumed 'parent_id' E:\Workspace\php\www\myshop\Runtime\Cache\Home\8a1d6be79fc900f44e45dbf87a765187.php 第 74 行.
NOTIC: [8] Use of undefined constant cat_id - assumed 'cat_id' E:\Workspace\php\www\myshop\Runtime\Cache\Home\8a1d6be79fc900f44e45dbf87a765187.php 第 74 行.
NOTIC: [8] Use of undefined constant cat_id - assumed 'cat_id' E:\Workspace\php\www\myshop\Runtime\Cache\Home\8a1d6be79fc900f44e45dbf87a765187.php 第 74 行.
NOTIC: [8] Use of undefined constant parent_id - assumed 'parent_id' E:\Workspace\php\www\myshop\Runtime\Cache\Home\8a1d6be79fc900f44e45dbf87a765187.php 第 74 行.
NOTIC: [8] Use of undefined constant cat_id - assumed 'cat_id' E:\Workspace\php\www\myshop\Runtime\Cache\Home\8a1d6be79fc900f44e45dbf87a765187.php 第 74 行.
NOTIC: [8] Use of undefined constant cat_id - assumed 'cat_id' E:\Workspace\php\www\myshop\Runtime\Cache\Home\8a1d6be79fc900f44e45dbf87a765187.php 第 74 行.
NOTIC: [8] Use of undefined constant parent_id - assumed 'parent_id' E:\Workspace\php\www\myshop\Runtime\Cache\Home\8a1d6be79fc900f44e45dbf87a765187.php 第 74 行.
NOTIC: [8] Use of undefined constant cat_id - assumed 'cat_id' E:\Workspace\php\www\myshop\Runtime\Cache\Home\8a1d6be79fc900f44e45dbf87a765187.php 第 74 行.
NOTIC: [8] Use of undefined constant cat_id - assumed 'cat_id' E:\Workspace\php\www\myshop\Runtime\Cache\Home\8a1d6be79fc900f44e45dbf87a765187.php 第 73 行.
NOTIC: [8] Use of undefined constant parent_id - assumed 'parent_id' E:\Workspace\php\www\myshop\Runtime\Cache\Home\8a1d6be79fc900f44e45dbf87a765187.php 第 73 行.
NOTIC: [8] Use of undefined constant cat_id - assumed 'cat_id' E:\Workspace\php\www\myshop\Runtime\Cache\Home\8a1d6be79fc900f44e45dbf87a765187.php 第 73 行.
NOTIC: [8] Use of undefined constant parent_id - assumed 'parent_id' E:\Workspace\php\www\myshop\Runtime\Cache\Home\8a1d6be79fc900f44e45dbf87a765187.php 第 73 行.
NOTIC: [8] Use of undefined constant cat_id - assumed 'cat_id' E:\Workspace\php\www\myshop\Runtime\Cache\Home\8a1d6be79fc900f44e45dbf87a765187.php 第 73 行.
NOTIC: [8] Use of undefined constant parent_id - assumed 'parent_id' E:\Workspace\php\www\myshop\Runtime\Cache\Home\8a1d6be79fc900f44e45dbf87a765187.php 第 73 行.
NOTIC: [8] Use of undefined constant goods_img - assumed 'goods_img' E:\Workspace\php\www\myshop\Runtime\Cache\Home\8a1d6be79fc900f44e45dbf87a765187.php 第 162 行.
NOTIC: [8] Use of undefined constant goods_name - assumed 'goods_name' E:\Workspace\php\www\myshop\Runtime\Cache\Home\8a1d6be79fc900f44e45dbf87a765187.php 第 162 行.
NOTIC: [8] Use of undefined constant goods_name - assumed 'goods_name' E:\Workspace\php\www\myshop\Runtime\Cache\Home\8a1d6be79fc900f44e45dbf87a765187.php 第 167 行.
NOTIC: [8] Use of undefined constant goods_summary - assumed 'goods_summary' E:\Workspace\php\www\myshop\Runtime\Cache\Home\8a1d6be79fc900f44e45dbf87a765187.php 第 168 行.
NOTIC: [8] Use of undefined constant shop_price - assumed 'shop_price' E:\Workspace\php\www\myshop\Runtime\Cache\Home\8a1d6be79fc900f44e45dbf87a765187.php 第 170 行.
NOTIC: [8] Use of undefined constant goods_img - assumed 'goods_img' E:\Workspace\php\www\myshop\Runtime\Cache\Home\8a1d6be79fc900f44e45dbf87a765187.php 第 162 行.
NOTIC: [8] Use of undefined constant goods_name - assumed 'goods_name' E:\Workspace\php\www\myshop\Runtime\Cache\Home\8a1d6be79fc900f44e45dbf87a765187.php 第 162 行.
NOTIC: [8] Use of undefined constant goods_name - assumed 'goods_name' E:\Workspace\php\www\myshop\Runtime\Cache\Home\8a1d6be79fc900f44e45dbf87a765187.php 第 167 行.
NOTIC: [8] Use of undefined constant goods_summary - assumed 'goods_summary' E:\Workspace\php\www\myshop\Runtime\Cache\Home\8a1d6be79fc900f44e45dbf87a765187.php 第 168 行.
NOTIC: [8] Use of undefined constant shop_price - assumed 'shop_price' E:\Workspace\php\www\myshop\Runtime\Cache\Home\8a1d6be79fc900f44e45dbf87a765187.php 第 170 行.
NOTIC: [8] Use of undefined constant goods_img - assumed 'goods_img' E:\Workspace\php\www\myshop\Runtime\Cache\Home\8a1d6be79fc900f44e45dbf87a765187.php 第 162 行.
NOTIC: [8] Use of undefined constant goods_name - assumed 'goods_name' E:\Workspace\php\www\myshop\Runtime\Cache\Home\8a1d6be79fc900f44e45dbf87a765187.php 第 162 行.
NOTIC: [8] Use of undefined constant goods_name - assumed 'goods_name' E:\Workspace\php\www\myshop\Runtime\Cache\Home\8a1d6be79fc900f44e45dbf87a765187.php 第 167 行.
NOTIC: [8] Use of undefined constant goods_summary - assumed 'goods_summary' E:\Workspace\php\www\myshop\Runtime\Cache\Home\8a1d6be79fc900f44e45dbf87a765187.php 第 168 行.
NOTIC: [8] Use of undefined constant shop_price - assumed 'shop_price' E:\Workspace\php\www\myshop\Runtime\Cache\Home\8a1d6be79fc900f44e45dbf87a765187.php 第 170 行.
NOTIC: [8] Use of undefined constant goods_img - assumed 'goods_img' E:\Workspace\php\www\myshop\Runtime\Cache\Home\8a1d6be79fc900f44e45dbf87a765187.php 第 162 行.
NOTIC: [8] Use of undefined constant goods_name - assumed 'goods_name' E:\Workspace\php\www\myshop\Runtime\Cache\Home\8a1d6be79fc900f44e45dbf87a765187.php 第 162 行.
NOTIC: [8] Use of undefined constant goods_name - assumed 'goods_name' E:\Workspace\php\www\myshop\Runtime\Cache\Home\8a1d6be79fc900f44e45dbf87a765187.php 第 167 行.
NOTIC: [8] Use of undefined constant goods_summary - assumed 'goods_summary' E:\Workspace\php\www\myshop\Runtime\Cache\Home\8a1d6be79fc900f44e45dbf87a765187.php 第 168 行.
NOTIC: [8] Use of undefined constant shop_price - assumed 'shop_price' E:\Workspace\php\www\myshop\Runtime\Cache\Home\8a1d6be79fc900f44e45dbf87a765187.php 第 170 行.
NOTIC: [8] Use of undefined constant goods_img - assumed 'goods_img' E:\Workspace\php\www\myshop\Runtime\Cache\Home\8a1d6be79fc900f44e45dbf87a765187.php 第 188 行.
NOTIC: [8] Use of undefined constant goods_img - assumed 'goods_img' E:\Workspace\php\www\myshop\Runtime\Cache\Home\8a1d6be79fc900f44e45dbf87a765187.php 第 188 行.
NOTIC: [8] Use of undefined constant goods_img - assumed 'goods_img' E:\Workspace\php\www\myshop\Runtime\Cache\Home\8a1d6be79fc900f44e45dbf87a765187.php 第 188 行.
NOTIC: [8] Use of undefined constant goods_img - assumed 'goods_img' E:\Workspace\php\www\myshop\Runtime\Cache\Home\8a1d6be79fc900f44e45dbf87a765187.php 第 188 行.
INFO: Run Behavior\ParseTemplateBehavior [ RunTime:0.186464s ]
INFO: [ view_parse ] --END-- [ RunTime:0.186632s ]
INFO: [ view_filter ] --START--
INFO: Run Behavior\WriteHtmlCacheBehavior [ RunTime:0.026067s ]
INFO: [ view_filter ] --END-- [ RunTime:0.026199s ]
INFO: [ app_end ] --START--
INFO: Run Behavior\ShowPageTraceBehavior [ RunTime:0.006990s ]
INFO: [ app_end ] --END-- [ RunTime:0.007183s ]

[ 2017-08-06T11:56:14+08:00 ] ::1 /myshop/index.php/Home/Consumer/consumerlogin.html
INFO: [ app_init ] --START--
INFO: Run Behavior\BuildLiteBehavior [ RunTime:0.000014s ]
INFO: [ app_init ] --END-- [ RunTime:0.000390s ]
INFO: [ app_begin ] --START--
INFO: Run Behavior\ReadHtmlCacheBehavior [ RunTime:0.001172s ]
INFO: [ app_begin ] --END-- [ RunTime:0.001310s ]
INFO: [ view_parse ] --START--
INFO: [ template_filter ] --START--
INFO: Run Behavior\ContentReplaceBehavior [ RunTime:0.000065s ]
INFO: [ template_filter ] --END-- [ RunTime:0.000177s ]
INFO: Run Behavior\ParseTemplateBehavior [ RunTime:0.037266s ]
INFO: [ view_parse ] --END-- [ RunTime:0.037377s ]
INFO: [ view_filter ] --START--
INFO: Run Behavior\WriteHtmlCacheBehavior [ RunTime:0.001119s ]
INFO: [ view_filter ] --END-- [ RunTime:0.001226s ]
INFO: [ app_end ] --START--
INFO: Run Behavior\ShowPageTraceBehavior [ RunTime:0.001765s ]
INFO: [ app_end ] --END-- [ RunTime:0.001880s ]

[ 2017-08-06T11:56:15+08:00 ] ::1 /myshop/index.php/Home/Consumer/checknumber.html
INFO: [ app_init ] --START--
INFO: Run Behavior\BuildLiteBehavior [ RunTime:0.000025s ]
INFO: [ app_init ] --END-- [ RunTime:0.000695s ]
INFO: [ app_begin ] --START--
INFO: Run Behavior\ReadHtmlCacheBehavior [ RunTime:0.001183s ]
INFO: [ app_begin ] --END-- [ RunTime:0.001276s ]
INFO: [ app_end ] --START--
INFO: Run Behavior\ShowPageTraceBehavior [ RunTime:0.001802s ]
INFO: [ app_end ] --END-- [ RunTime:0.001990s ]

[ 2017-08-06T12:12:07+08:00 ] ::1 /myshop/index.php/Home/Index/userMain
INFO: [ app_init ] --START--
INFO: Run Behavior\BuildLiteBehavior [ RunTime:0.000014s ]
INFO: [ app_init ] --END-- [ RunTime:0.000417s ]
INFO: [ app_begin ] --START--
INFO: Run Behavior\ReadHtmlCacheBehavior [ RunTime:0.000642s ]
INFO: [ app_begin ] --END-- [ RunTime:0.000689s ]
SQL: SHOW COLUMNS FROM `category` [ RunTime:0.0293s ]
NOTIC: [2] array_reverse() expects parameter 1 to be array, null given E:\Workspace\php\www\myshop\Home\Controller\IndexController.class.php 第 12 行.
SQL: SELECT * FROM `category`  [ RunTime:0.0009s ]
SQL: SELECT * FROM `category`  [ RunTime:0.0007s ]
SQL: SELECT * FROM `category`  [ RunTime:0.0007s ]
SQL: SELECT * FROM `category`  [ RunTime:0.0007s ]
SQL: SELECT * FROM `category`  [ RunTime:0.0007s ]
SQL: SELECT * FROM `category`  [ RunTime:0.0007s ]
SQL: SELECT * FROM `category`  [ RunTime:0.0007s ]
SQL: SELECT * FROM `category`  [ RunTime:0.0007s ]
SQL: SELECT * FROM `category`  [ RunTime:0.0007s ]
SQL: SELECT * FROM `category`  [ RunTime:0.0010s ]
SQL: SELECT * FROM `category`  [ RunTime:0.0007s ]
SQL: SELECT * FROM `category`  [ RunTime:0.0007s ]
SQL: SELECT * FROM `category`  [ RunTime:0.0008s ]
SQL: SELECT * FROM `category`  [ RunTime:0.0007s ]
SQL: SELECT * FROM `category`  [ RunTime:0.0007s ]
SQL: SHOW COLUMNS FROM `goods` [ RunTime:0.0341s ]
SQL: SELECT `goods_id`,`goods_name`,`goods_img`,`goods_summary`,`shop_price` FROM `goods` WHERE ( warehouse_num>0 ) ORDER BY goods_addtime desc LIMIT 0,4   [ RunTime:0.0009s ]
SQL: SELECT `goods_id`,`goods_name`,`goods_img`,`goods_summary`,`shop_price` FROM `goods` WHERE ( warehouse_num>0 ) ORDER BY sale_num desc LIMIT 0,4   [ RunTime:0.0008s ]
INFO: [ view_parse ] --START--
INFO: [ template_filter ] --START--
INFO: Run Behavior\ContentReplaceBehavior [ RunTime:0.000211s ]
INFO: [ template_filter ] --END-- [ RunTime:0.000312s ]
NOTIC: [8] Use of undefined constant cat_id - assumed 'cat_id' E:\Workspace\php\www\myshop\Runtime\Cache\Home\8a1d6be79fc900f44e45dbf87a765187.php 第 73 行.
NOTIC: [8] Use of undefined constant parent_id - assumed 'parent_id' E:\Workspace\php\www\myshop\Runtime\Cache\Home\8a1d6be79fc900f44e45dbf87a765187.php 第 73 行.
NOTIC: [8] Use of undefined constant cat_id - assumed 'cat_id' E:\Workspace\php\www\myshop\Runtime\Cache\Home\8a1d6be79fc900f44e45dbf87a765187.php 第 73 行.
NOTIC: [8] Use of undefined constant parent_id - assumed 'parent_id' E:\Workspace\php\www\myshop\Runtime\Cache\Home\8a1d6be79fc900f44e45dbf87a765187.php 第 73 行.
NOTIC: [8] Use of undefined constant cat_id - assumed 'cat_id' E:\Workspace\php\www\myshop\Runtime\Cache\Home\8a1d6be79fc900f44e45dbf87a765187.php 第 74 行.
NOTIC: [8] Use of undefined constant parent_id - assumed 'parent_id' E:\Workspace\php\www\myshop\Runtime\Cache\Home\8a1d6be79fc900f44e45dbf87a765187.php 第 74 行.
NOTIC: [8] Use of undefined constant cat_id - assumed 'cat_id' E:\Workspace\php\www\myshop\Runtime\Cache\Home\8a1d6be79fc900f44e45dbf87a765187.php 第 74 行.
NOTIC: [8] Use of undefined constant parent_id - assumed 'parent_id' E:\Workspace\php\www\myshop\Runtime\Cache\Home\8a1d6be79fc900f44e45dbf87a765187.php 第 74 行.
NOTIC: [8] Use of undefined constant cat_id - assumed 'cat_id' E:\Workspace\php\www\myshop\Runtime\Cache\Home\8a1d6be79fc900f44e45dbf87a765187.php 第 74 行.
NOTIC: [8] Use of undefined constant parent_id - assumed 'parent_id' E:\Workspace\php\www\myshop\Runtime\Cache\Home\8a1d6be79fc900f44e45dbf87a765187.php 第 74 行.
NOTIC: [8] Use of undefined constant cat_id - assumed 'cat_id' E:\Workspace\php\www\myshop\Runtime\Cache\Home\8a1d6be79fc900f44e45dbf87a765187.php 第 74 行.
NOTIC: [8] Use of undefined constant cat_id - assumed 'cat_id' E:\Workspace\php\www\myshop\Runtime\Cache\Home\8a1d6be79fc900f44e45dbf87a765187.php 第 74 行.
NOTIC: [8] Use of undefined constant parent_id - assumed 'parent_id' E:\Workspace\php\www\myshop\Runtime\Cache\Home\8a1d6be79fc900f44e45dbf87a765187.php 第 74 行.
NOTIC: [8] Use of undefined constant cat_id - assumed 'cat_id' E:\Workspace\php\www\myshop\Runtime\Cache\Home\8a1d6be79fc900f44e45dbf87a765187.php 第 74 行.
NOTIC: [8] Use of undefined constant cat_id - assumed 'cat_id' E:\Workspace\php\www\myshop\Runtime\Cache\Home\8a1d6be79fc900f44e45dbf87a765187.php 第 74 行.
NOTIC: [8] Use of undefined constant parent_id - assumed 'parent_id' E:\Workspace\php\www\myshop\Runtime\Cache\Home\8a1d6be79fc900f44e45dbf87a765187.php 第 74 行.
NOTIC: [8] Use of undefined constant cat_id - assumed 'cat_id' E:\Workspace\php\www\myshop\Runtime\Cache\Home\8a1d6be79fc900f44e45dbf87a765187.php 第 74 行.
NOTIC: [8] Use of undefined constant cat_id - assumed 'cat_id' E:\Workspace\php\www\myshop\Runtime\Cache\Home\8a1d6be79fc900f44e45dbf87a765187.php 第 74 行.
NOTIC: [8] Use of undefined constant parent_id - assumed 'parent_id' E:\Workspace\php\www\myshop\Runtime\Cache\Home\8a1d6be79fc900f44e45dbf87a765187.php 第 74 行.
NOTIC: [8] Use of undefined constant cat_id - assumed 'cat_id' E:\Workspace\php\www\myshop\Runtime\Cache\Home\8a1d6be79fc900f44e45dbf87a765187.php 第 74 行.
NOTIC: [8] Use of undefined constant cat_id - assumed 'cat_id' E:\Workspace\php\www\myshop\Runtime\Cache\Home\8a1d6be79fc900f44e45dbf87a765187.php 第 74 行.
NOTIC: [8] Use of undefined constant parent_id - assumed 'parent_id' E:\Workspace\php\www\myshop\Runtime\Cache\Home\8a1d6be79fc900f44e45dbf87a765187.php 第 74 行.
NOTIC: [8] Use of undefined constant cat_id - assumed 'cat_id' E:\Workspace\php\www\myshop\Runtime\Cache\Home\8a1d6be79fc900f44e45dbf87a765187.php 第 74 行.
NOTIC: [8] Use of undefined constant parent_id - assumed 'parent_id' E:\Workspace\php\www\myshop\Runtime\Cache\Home\8a1d6be79fc900f44e45dbf87a765187.php 第 74 行.
NOTIC: [8] Use of undefined constant cat_id - assumed 'cat_id' E:\Workspace\php\www\myshop\Runtime\Cache\Home\8a1d6be79fc900f44e45dbf87a765187.php 第 74 行.
NOTIC: [8] Use of undefined constant parent_id - assumed 'parent_id' E:\Workspace\php\www\myshop\Runtime\Cache\Home\8a1d6be79fc900f44e45dbf87a765187.php 第 74 行.
NOTIC: [8] Use of undefined constant cat_id - assumed 'cat_id' E:\Workspace\php\www\myshop\Runtime\Cache\Home\8a1d6be79fc900f44e45dbf87a765187.php 第 74 行.
NOTIC: [8] Use of undefined constant parent_id - assumed 'parent_id' E:\Workspace\php\www\myshop\Runtime\Cache\Home\8a1d6be79fc900f44e45dbf87a765187.php 第 74 行.
NOTIC: [8] Use of undefined constant cat_id - assumed 'cat_id' E:\Workspace\php\www\myshop\Runtime\Cache\Home\8a1d6be79fc900f44e45dbf87a765187.php 第 74 行.
NOTIC: [8] Use of undefined constant parent_id - assumed 'parent_id' E:\Workspace\php\www\myshop\Runtime\Cache\Home\8a1d6be79fc900f44e45dbf87a765187.php 第 74 行.
NOTIC: [8] Use of undefined constant cat_id - assumed 'cat_id' E:\Workspace\php\www\myshop\Runtime\Cache\Home\8a1d6be79fc900f44e45dbf87a765187.php 第 74 行.
NOTIC: [8] Use of undefined constant parent_id - assumed 'parent_id' E:\Workspace\php\www\myshop\Runtime\Cache\Home\8a1d6be79fc900f44e45dbf87a765187.php 第 74 行.
NOTIC: [8] Use of undefined constant cat_id - assumed 'cat_id' E:\Workspace\php\www\myshop\Runtime\Cache\Home\8a1d6be79fc900f44e45dbf87a765187.php 第 74 行.
NOTIC: [8] Use of undefined constant parent_id - assumed 'parent_id' E:\Workspace\php\www\myshop\Runtime\Cache\Home\8a1d6be79fc900f44e45dbf87a765187.php 第 74 行.
NOTIC: [8] Use of undefined constant cat_id - assumed 'cat_id' E:\Workspace\php\www\myshop\Runtime\Cache\Home\8a1d6be79fc900f44e45dbf87a765187.php 第 74 行.
NOTIC: [8] Use of undefined constant parent_id - assumed 'parent_id' E:\Workspace\php\www\myshop\Runtime\Cache\Home\8a1d6be79fc900f44e45dbf87a765187.php 第 74 行.
NOTIC: [8] Use of undefined constant cat_id - assumed 'cat_id' E:\Workspace\php\www\myshop\Runtime\Cache\Home\8a1d6be79fc900f44e45dbf87a765187.php 第 73 行.
NOTIC: [8] Use of undefined constant parent_id - assumed 'parent_id' E:\Workspace\php\www\myshop\Runtime\Cache\Home\8a1d6be79fc900f44e45dbf87a765187.php 第 73 行.
NOTIC: [8] Use of undefined constant cat_id - assumed 'cat_id' E:\Workspace\php\www\myshop\Runtime\Cache\Home\8a1d6be79fc900f44e45dbf87a765187.php 第 73 行.
NOTIC: [8] Use of undefined constant parent_id - assumed 'parent_id' E:\Workspace\php\www\myshop\Runtime\Cache\Home\8a1d6be79fc900f44e45dbf87a765187.php 第 73 行.
NOTIC: [8] Use of undefined constant cat_id - assumed 'cat_id' E:\Workspace\php\www\myshop\Runtime\Cache\Home\8a1d6be79fc900f44e45dbf87a765187.php 第 73 行.
NOTIC: [8] Use of undefined constant parent_id - assumed 'parent_id' E:\Workspace\php\www\myshop\Runtime\Cache\Home\8a1d6be79fc900f44e45dbf87a765187.php 第 73 行.
NOTIC: [8] Use of undefined constant cat_id - assumed 'cat_id' E:\Workspace\php\www\myshop\Runtime\Cache\Home\8a1d6be79fc900f44e45dbf87a765187.php 第 73 行.
NOTIC: [8] Use of undefined constant parent_id - assumed 'parent_id' E:\Workspace\php\www\myshop\Runtime\Cache\Home\8a1d6be79fc900f44e45dbf87a765187.php 第 73 行.
NOTIC: [8] Use of undefined constant cat_id - assumed 'cat_id' E:\Workspace\php\www\myshop\Runtime\Cache\Home\8a1d6be79fc900f44e45dbf87a765187.php 第 73 行.
NOTIC: [8] Use of undefined constant parent_id - assumed 'parent_id' E:\Workspace\php\www\myshop\Runtime\Cache\Home\8a1d6be79fc900f44e45dbf87a765187.php 第 73 行.
NOTIC: [8] Use of undefined constant cat_id - assumed 'cat_id' E:\Workspace\php\www\myshop\Runtime\Cache\Home\8a1d6be79fc900f44e45dbf87a765187.php 第 74 行.
NOTIC: [8] Use of undefined constant parent_id - assumed 'parent_id' E:\Workspace\php\www\myshop\Runtime\Cache\Home\8a1d6be79fc900f44e45dbf87a765187.php 第 74 行.
NOTIC: [8] Use of undefined constant cat_id - assumed 'cat_id' E:\Workspace\php\www\myshop\Runtime\Cache\Home\8a1d6be79fc900f44e45dbf87a765187.php 第 74 行.
NOTIC: [8] Use of undefined constant parent_id - assumed 'parent_id' E:\Workspace\php\www\myshop\Runtime\Cache\Home\8a1d6be79fc900f44e45dbf87a765187.php 第 74 行.
NOTIC: [8] Use of undefined constant cat_id - assumed 'cat_id' E:\Workspace\php\www\myshop\Runtime\Cache\Home\8a1d6be79fc900f44e45dbf87a765187.php 第 74 行.
NOTIC: [8] Use of undefined constant parent_id - assumed 'parent_id' E:\Workspace\php\www\myshop\Runtime\Cache\Home\8a1d6be79fc900f44e45dbf87a765187.php 第 74 行.
NOTIC: [8] Use of undefined constant cat_id - assumed 'cat_id' E:\Workspace\php\www\myshop\Runtime\Cache\Home\8a1d6be79fc900f44e45dbf87a765187.php 第 74 行.
NOTIC: [8] Use of undefined constant parent_id - assumed 'parent_id' E:\Workspace\php\www\myshop\Runtime\Cache\Home\8a1d6be79fc900f44e45dbf87a765187.php 第 74 行.
NOTIC: [8] Use of undefined constant cat_id - assumed 'cat_id' E:\Workspace\php\www\myshop\Runtime\Cache\Home\8a1d6be79fc900f44e45dbf87a765187.php 第 74 行.
NOTIC: [8] Use of undefined constant parent_id - assumed 'parent_id' E:\Workspace\php\www\myshop\Runtime\Cache\Home\8a1d6be79fc900f44e45dbf87a765187.php 第 74 行.
NOTIC: [8] Use of undefined constant cat_id - assumed 'cat_id' E:\Workspace\php\www\myshop\Runtime\Cache\Home\8a1d6be79fc900f44e45dbf87a765187.php 第 74 行.
NOTIC: [8] Use of undefined constant parent_id - assumed 'parent_id' E:\Workspace\php\www\myshop\Runtime\Cache\Home\8a1d6be79fc900f44e45dbf87a765187.php 第 74 行.
NOTIC: [8] Use of undefined constant cat_id - assumed 'cat_id' E:\Workspace\php\www\myshop\Runtime\Cache\Home\8a1d6be79fc900f44e45dbf87a765187.php 第 74 行.
NOTIC: [8] Use of undefined constant parent_id - assumed 'parent_id' E:\Workspace\php\www\myshop\Runtime\Cache\Home\8a1d6be79fc900f44e45dbf87a765187.php 第 74 行.
NOTIC: [8] Use of undefined constant cat_id - assumed 'cat_id' E:\Workspace\php\www\myshop\Runtime\Cache\Home\8a1d6be79fc900f44e45dbf87a765187.php 第 74 行.
NOTIC: [8] Use of undefined constant parent_id - assumed 'parent_id' E:\Workspace\php\www\myshop\Runtime\Cache\Home\8a1d6be79fc900f44e45dbf87a765187.php 第 74 行.
NOTIC: [8] Use of undefined constant cat_id - assumed 'cat_id' E:\Workspace\php\www\myshop\Runtime\Cache\Home\8a1d6be79fc900f44e45dbf87a765187.php 第 74 行.
NOTIC: [8] Use of undefined constant cat_id - assumed 'cat_id' E:\Workspace\php\www\myshop\Runtime\Cache\Home\8a1d6be79fc900f44e45dbf87a765187.php 第 74 行.
NOTIC: [8] Use of undefined constant parent_id - assumed 'parent_id' E:\Workspace\php\www\myshop\Runtime\Cache\Home\8a1d6be79fc900f44e45dbf87a765187.php 第 74 行.
NOTIC: [8] Use of undefined constant cat_id - assumed 'cat_id' E:\Workspace\php\www\myshop\Runtime\Cache\Home\8a1d6be79fc900f44e45dbf87a765187.php 第 74 行.
NOTIC: [8] Use of undefined constant cat_id - assumed 'cat_id' E:\Workspace\php\www\myshop\Runtime\Cache\Home\8a1d6be79fc900f44e45dbf87a765187.php 第 74 行.
NOTIC: [8] Use of undefined constant parent_id - assumed 'parent_id' E:\Workspace\php\www\myshop\Runtime\Cache\Home\8a1d6be79fc900f44e45dbf87a765187.php 第 74 行.
NOTIC: [8] Use of undefined constant cat_id - assumed 'cat_id' E:\Workspace\php\www\myshop\Runtime\Cache\Home\8a1d6be79fc900f44e45dbf87a765187.php 第 74 行.
NOTIC: [8] Use of undefined constant parent_id - assumed 'parent_id' E:\Workspace\php\www\myshop\Runtime\Cache\Home\8a1d6be79fc900f44e45dbf87a765187.php 第 74 行.
NOTIC: [8] Use of undefined constant cat_id - assumed 'cat_id' E:\Workspace\php\www\myshop\Runtime\Cache\Home\8a1d6be79fc900f44e45dbf87a765187.php 第 74 行.
NOTIC: [8] Use of undefined constant parent_id - assumed 'parent_id' E:\Workspace\php\www\myshop\Runtime\Cache\Home\8a1d6be79fc900f44e45dbf87a765187.php 第 74 行.
NOTIC: [8] Use of undefined constant cat_id - assumed 'cat_id' E:\Workspace\php\www\myshop\Runtime\Cache\Home\8a1d6be79fc900f44e45dbf87a765187.php 第 74 行.
NOTIC: [8] Use of undefined constant parent_id - assumed 'parent_id' E:\Workspace\php\www\myshop\Runtime\Cache\Home\8a1d6be79fc900f44e45dbf87a765187.php 第 74 行.
NOTIC: [8] Use of undefined constant cat_id - assumed 'cat_id' E:\Workspace\php\www\myshop\Runtime\Cache\Home\8a1d6be79fc900f44e45dbf87a765187.php 第 74 行.
NOTIC: [8] Use of undefined constant parent_id - assumed 'parent_id' E:\Workspace\php\www\myshop\Runtime\Cache\Home\8a1d6be79fc900f44e45dbf87a765187.php 第 74 行.
NOTIC: [8] Use of undefined constant cat_id - assumed 'cat_id' E:\Workspace\php\www\myshop\Runtime\Cache\Home\8a1d6be79fc900f44e45dbf87a765187.php 第 73 行.
NOTIC: [8] Use of undefined constant parent_id - assumed 'parent_id' E:\Workspace\php\www\myshop\Runtime\Cache\Home\8a1d6be79fc900f44e45dbf87a765187.php 第 73 行.
NOTIC: [8] Use of undefined constant cat_id - assumed 'cat_id' E:\Workspace\php\www\myshop\Runtime\Cache\Home\8a1d6be79fc900f44e45dbf87a765187.php 第 73 行.
NOTIC: [8] Use of undefined constant parent_id - assumed 'parent_id' E:\Workspace\php\www\myshop\Runtime\Cache\Home\8a1d6be79fc900f44e45dbf87a765187.php 第 73 行.
NOTIC: [8] Use of undefined constant cat_id - assumed 'cat_id' E:\Workspace\php\www\myshop\Runtime\Cache\Home\8a1d6be79fc900f44e45dbf87a765187.php 第 73 行.
NOTIC: [8] Use of undefined constant parent_id - assumed 'parent_id' E:\Workspace\php\www\myshop\Runtime\Cache\Home\8a1d6be79fc900f44e45dbf87a765187.php 第 73 行.
NOTIC: [8] Use of undefined constant cat_id - assumed 'cat_id' E:\Workspace\php\www\myshop\Runtime\Cache\Home\8a1d6be79fc900f44e45dbf87a765187.php 第 73 行.
NOTIC: [8] Use of undefined constant parent_id - assumed 'parent_id' E:\Workspace\php\www\myshop\Runtime\Cache\Home\8a1d6be79fc900f44e45dbf87a765187.php 第 73 行.
NOTIC: [8] Use of undefined constant cat_id - assumed 'cat_id' E:\Workspace\php\www\myshop\Runtime\Cache\Home\8a1d6be79fc900f44e45dbf87a765187.php 第 73 行.
NOTIC: [8] Use of undefined constant parent_id - assumed 'parent_id' E:\Workspace\php\www\myshop\Runtime\Cache\Home\8a1d6be79fc900f44e45dbf87a765187.php 第 73 行.
NOTIC: [8] Use of undefined constant cat_id - assumed 'cat_id' E:\Workspace\php\www\myshop\Runtime\Cache\Home\8a1d6be79fc900f44e45dbf87a765187.php 第 73 行.
NOTIC: [8] Use of undefined constant parent_id - assumed 'parent_id' E:\Workspace\php\www\myshop\Runtime\Cache\Home\8a1d6be79fc900f44e45dbf87a765187.php 第 73 行.
NOTIC: [8] Use of undefined constant cat_id - assumed 'cat_id' E:\Workspace\php\www\myshop\Runtime\Cache\Home\8a1d6be79fc900f44e45dbf87a765187.php 第 73 行.
NOTIC: [8] Use of undefined constant parent_id - assumed 'parent_id' E:\Workspace\php\www\myshop\Runtime\Cache\Home\8a1d6be79fc900f44e45dbf87a765187.php 第 73 行.
NOTIC: [8] Use of undefined constant cat_id - assumed 'cat_id' E:\Workspace\php\www\myshop\Runtime\Cache\Home\8a1d6be79fc900f44e45dbf87a765187.php 第 73 行.
NOTIC: [8] Use of undefined constant parent_id - assumed 'parent_id' E:\Workspace\php\www\myshop\Runtime\Cache\Home\8a1d6be79fc900f44e45dbf87a765187.php 第 73 行.
NOTIC: [8] Use of undefined constant cat_id - assumed 'cat_id' E:\Workspace\php\www\myshop\Runtime\Cache\Home\8a1d6be79fc900f44e45dbf87a765187.php 第 73 行.
NOTIC: [8] Use of undefined constant parent_id - assumed 'parent_id' E:\Workspace\php\www\myshop\Runtime\Cache\Home\8a1d6be79fc900f44e45dbf87a765187.php 第 73 行.
NOTIC: [8] Use of undefined constant cat_id - assumed 'cat_id' E:\Workspace\php\www\myshop\Runtime\Cache\Home\8a1d6be79fc900f44e45dbf87a765187.php 第 73 行.
NOTIC: [8] Use of undefined constant parent_id - assumed 'parent_id' E:\Workspace\php\www\myshop\Runtime\Cache\Home\8a1d6be79fc900f44e45dbf87a765187.php 第 73 行.
NOTIC: [8] Use of undefined constant cat_id - assumed 'cat_id' E:\Workspace\php\www\myshop\Runtime\Cache\Home\8a1d6be79fc900f44e45dbf87a765187.php 第 73 行.
NOTIC: [8] Use of undefined constant parent_id - assumed 'parent_id' E:\Workspace\php\www\myshop\Runtime\Cache\Home\8a1d6be79fc900f44e45dbf87a765187.php 第 73 行.
NOTIC: [8] Use of undefined constant cat_id - assumed 'cat_id' E:\Workspace\php\www\myshop\Runtime\Cache\Home\8a1d6be79fc900f44e45dbf87a765187.php 第 73 行.
NOTIC: [8] Use of undefined constant parent_id - assumed 'parent_id' E:\Workspace\php\www\myshop\Runtime\Cache\Home\8a1d6be79fc900f44e45dbf87a765187.php 第 73 行.
NOTIC: [8] Use of undefined constant cat_id - assumed 'cat_id' E:\Workspace\php\www\myshop\Runtime\Cache\Home\8a1d6be79fc900f44e45dbf87a765187.php 第 73 行.
NOTIC: [8] Use of undefined constant parent_id - assumed 'parent_id' E:\Workspace\php\www\myshop\Runtime\Cache\Home\8a1d6be79fc900f44e45dbf87a765187.php 第 73 行.
NOTIC: [8] Use of undefined constant cat_id - assumed 'cat_id' E:\Workspace\php\www\myshop\Runtime\Cache\Home\8a1d6be79fc900f44e45dbf87a765187.php 第 73 行.
NOTIC: [8] Use of undefined constant parent_id - assumed 'parent_id' E:\Workspace\php\www\myshop\Runtime\Cache\Home\8a1d6be79fc900f44e45dbf87a765187.php 第 73 行.
NOTIC: [8] Use of undefined constant cat_id - assumed 'cat_id' E:\Workspace\php\www\myshop\Runtime\Cache\Home\8a1d6be79fc900f44e45dbf87a765187.php 第 73 行.
NOTIC: [8] Use of undefined constant parent_id - assumed 'parent_id' E:\Workspace\php\www\myshop\Runtime\Cache\Home\8a1d6be79fc900f44e45dbf87a765187.php 第 73 行.
NOTIC: [8] Use of undefined constant cat_id - assumed 'cat_id' E:\Workspace\php\www\myshop\Runtime\Cache\Home\8a1d6be79fc900f44e45dbf87a765187.php 第 73 行.
NOTIC: [8] Use of undefined constant parent_id - assumed 'parent_id' E:\Workspace\php\www\myshop\Runtime\Cache\Home\8a1d6be79fc900f44e45dbf87a765187.php 第 73 行.
NOTIC: [8] Use of undefined constant cat_id - assumed 'cat_id' E:\Workspace\php\www\myshop\Runtime\Cache\Home\8a1d6be79fc900f44e45dbf87a765187.php 第 73 行.
NOTIC: [8] Use of undefined constant parent_id - assumed 'parent_id' E:\Workspace\php\www\myshop\Runtime\Cache\Home\8a1d6be79fc900f44e45dbf87a765187.php 第 73 行.
NOTIC: [8] Use of undefined constant cat_id - assumed 'cat_id' E:\Workspace\php\www\myshop\Runtime\Cache\Home\8a1d6be79fc900f44e45dbf87a765187.php 第 73 行.
NOTIC: [8] Use of undefined constant parent_id - assumed 'parent_id' E:\Workspace\php\www\myshop\Runtime\Cache\Home\8a1d6be79fc900f44e45dbf87a765187.php 第 73 行.
NOTIC: [8] Use of undefined constant cat_id - assumed 'cat_id' E:\Workspace\php\www\myshop\Runtime\Cache\Home\8a1d6be79fc900f44e45dbf87a765187.php 第 74 行.
NOTIC: [8] Use of undefined constant parent_id - assumed 'parent_id' E:\Workspace\php\www\myshop\Runtime\Cache\Home\8a1d6be79fc900f44e45dbf87a765187.php 第 74 行.
NOTIC: [8] Use of undefined constant cat_id - assumed 'cat_id' E:\Workspace\php\www\myshop\Runtime\Cache\Home\8a1d6be79fc900f44e45dbf87a765187.php 第 74 行.
NOTIC: [8] Use of undefined constant parent_id - assumed 'parent_id' E:\Workspace\php\www\myshop\Runtime\Cache\Home\8a1d6be79fc900f44e45dbf87a765187.php 第 74 行.
NOTIC: [8] Use of undefined constant cat_id - assumed 'cat_id' E:\Workspace\php\www\myshop\Runtime\Cache\Home\8a1d6be79fc900f44e45dbf87a765187.php 第 74 行.
NOTIC: [8] Use of undefined constant parent_id - assumed 'parent_id' E:\Workspace\php\www\myshop\Runtime\Cache\Home\8a1d6be79fc900f44e45dbf87a765187.php 第 74 行.
NOTIC: [8] Use of undefined constant cat_id - assumed 'cat_id' E:\Workspace\php\www\myshop\Runtime\Cache\Home\8a1d6be79fc900f44e45dbf87a765187.php 第 74 行.
NOTIC: [8] Use of undefined constant parent_id - assumed 'parent_id' E:\Workspace\php\www\myshop\Runtime\Cache\Home\8a1d6be79fc900f44e45dbf87a765187.php 第 74 行.
NOTIC: [8] Use of undefined constant cat_id - assumed 'cat_id' E:\Workspace\php\www\myshop\Runtime\Cache\Home\8a1d6be79fc900f44e45dbf87a765187.php 第 74 行.
NOTIC: [8] Use of undefined constant parent_id - assumed 'parent_id' E:\Workspace\php\www\myshop\Runtime\Cache\Home\8a1d6be79fc900f44e45dbf87a765187.php 第 74 行.
NOTIC: [8] Use of undefined constant cat_id - assumed 'cat_id' E:\Workspace\php\www\myshop\Runtime\Cache\Home\8a1d6be79fc900f44e45dbf87a765187.php 第 74 行.
NOTIC: [8] Use of undefined constant parent_id - assumed 'parent_id' E:\Workspace\php\www\myshop\Runtime\Cache\Home\8a1d6be79fc900f44e45dbf87a765187.php 第 74 行.
NOTIC: [8] Use of undefined constant cat_id - assumed 'cat_id' E:\Workspace\php\www\myshop\Runtime\Cache\Home\8a1d6be79fc900f44e45dbf87a765187.php 第 74 行.
NOTIC: [8] Use of undefined constant parent_id - assumed 'parent_id' E:\Workspace\php\www\myshop\Runtime\Cache\Home\8a1d6be79fc900f44e45dbf87a765187.php 第 74 行.
NOTIC: [8] Use of undefined constant cat_id - assumed 'cat_id' E:\Workspace\php\www\myshop\Runtime\Cache\Home\8a1d6be79fc900f44e45dbf87a765187.php 第 74 行.
NOTIC: [8] Use of undefined constant parent_id - assumed 'parent_id' E:\Workspace\php\www\myshop\Runtime\Cache\Home\8a1d6be79fc900f44e45dbf87a765187.php 第 74 行.
NOTIC: [8] Use of undefined constant cat_id - assumed 'cat_id' E:\Workspace\php\www\myshop\Runtime\Cache\Home\8a1d6be79fc900f44e45dbf87a765187.php 第 74 行.
NOTIC: [8] Use of undefined constant parent_id - assumed 'parent_id' E:\Workspace\php\www\myshop\Runtime\Cache\Home\8a1d6be79fc900f44e45dbf87a765187.php 第 74 行.
NOTIC: [8] Use of undefined constant cat_id - assumed 'cat_id' E:\Workspace\php\www\myshop\Runtime\Cache\Home\8a1d6be79fc900f44e45dbf87a765187.php 第 74 行.
NOTIC: [8] Use of undefined constant parent_id - assumed 'parent_id' E:\Workspace\php\www\myshop\Runtime\Cache\Home\8a1d6be79fc900f44e45dbf87a765187.php 第 74 行.
NOTIC: [8] Use of undefined constant cat_id - assumed 'cat_id' E:\Workspace\php\www\myshop\Runtime\Cache\Home\8a1d6be79fc900f44e45dbf87a765187.php 第 74 行.
NOTIC: [8] Use of undefined constant parent_id - assumed 'parent_id' E:\Workspace\php\www\myshop\Runtime\Cache\Home\8a1d6be79fc900f44e45dbf87a765187.php 第 74 行.
NOTIC: [8] Use of undefined constant cat_id - assumed 'cat_id' E:\Workspace\php\www\myshop\Runtime\Cache\Home\8a1d6be79fc900f44e45dbf87a765187.php 第 74 行.
NOTIC: [8] Use of undefined constant parent_id - assumed 'parent_id' E:\Workspace\php\www\myshop\Runtime\Cache\Home\8a1d6be79fc900f44e45dbf87a765187.php 第 74 行.
NOTIC: [8] Use of undefined constant cat_id - assumed 'cat_id' E:\Workspace\php\www\myshop\Runtime\Cache\Home\8a1d6be79fc900f44e45dbf87a765187.php 第 74 行.
NOTIC: [8] Use of undefined constant cat_id - assumed 'cat_id' E:\Workspace\php\www\myshop\Runtime\Cache\Home\8a1d6be79fc900f44e45dbf87a765187.php 第 74 行.
NOTIC: [8] Use of undefined constant parent_id - assumed 'parent_id' E:\Workspace\php\www\myshop\Runtime\Cache\Home\8a1d6be79fc900f44e45dbf87a765187.php 第 74 行.
NOTIC: [8] Use of undefined constant cat_id - assumed 'cat_id' E:\Workspace\php\www\myshop\Runtime\Cache\Home\8a1d6be79fc900f44e45dbf87a765187.php 第 74 行.
NOTIC: [8] Use of undefined constant cat_id - assumed 'cat_id' E:\Workspace\php\www\myshop\Runtime\Cache\Home\8a1d6be79fc900f44e45dbf87a765187.php 第 74 行.
NOTIC: [8] Use of undefined constant parent_id - assumed 'parent_id' E:\Workspace\php\www\myshop\Runtime\Cache\Home\8a1d6be79fc900f44e45dbf87a765187.php 第 74 行.
NOTIC: [8] Use of undefined constant cat_id - assumed 'cat_id' E:\Workspace\php\www\myshop\Runtime\Cache\Home\8a1d6be79fc900f44e45dbf87a765187.php 第 74 行.
NOTIC: [8] Use of undefined constant cat_id - assumed 'cat_id' E:\Workspace\php\www\myshop\Runtime\Cache\Home\8a1d6be79fc900f44e45dbf87a765187.php 第 73 行.
NOTIC: [8] Use of undefined constant parent_id - assumed 'parent_id' E:\Workspace\php\www\myshop\Runtime\Cache\Home\8a1d6be79fc900f44e45dbf87a765187.php 第 73 行.
NOTIC: [8] Use of undefined constant cat_id - assumed 'cat_id' E:\Workspace\php\www\myshop\Runtime\Cache\Home\8a1d6be79fc900f44e45dbf87a765187.php 第 73 行.
NOTIC: [8] Use of undefined constant parent_id - assumed 'parent_id' E:\Workspace\php\www\myshop\Runtime\Cache\Home\8a1d6be79fc900f44e45dbf87a765187.php 第 73 行.
NOTIC: [8] Use of undefined constant cat_id - assumed 'cat_id' E:\Workspace\php\www\myshop\Runtime\Cache\Home\8a1d6be79fc900f44e45dbf87a765187.php 第 73 行.
NOTIC: [8] Use of undefined constant parent_id - assumed 'parent_id' E:\Workspace\php\www\myshop\Runtime\Cache\Home\8a1d6be79fc900f44e45dbf87a765187.php 第 73 行.
NOTIC: [8] Use of undefined constant goods_img - assumed 'goods_img' E:\Workspace\php\www\myshop\Runtime\Cache\Home\8a1d6be79fc900f44e45dbf87a765187.php 第 162 行.
NOTIC: [8] Use of undefined constant goods_name - assumed 'goods_name' E:\Workspace\php\www\myshop\Runtime\Cache\Home\8a1d6be79fc900f44e45dbf87a765187.php 第 162 行.
NOTIC: [8] Use of undefined constant goods_name - assumed 'goods_name' E:\Workspace\php\www\myshop\Runtime\Cache\Home\8a1d6be79fc900f44e45dbf87a765187.php 第 167 行.
NOTIC: [8] Use of undefined constant goods_summary - assumed 'goods_summary' E:\Workspace\php\www\myshop\Runtime\Cache\Home\8a1d6be79fc900f44e45dbf87a765187.php 第 168 行.
NOTIC: [8] Use of undefined constant shop_price - assumed 'shop_price' E:\Workspace\php\www\myshop\Runtime\Cache\Home\8a1d6be79fc900f44e45dbf87a765187.php 第 170 行.
NOTIC: [8] Use of undefined constant goods_img - assumed 'goods_img' E:\Workspace\php\www\myshop\Runtime\Cache\Home\8a1d6be79fc900f44e45dbf87a765187.php 第 162 行.
NOTIC: [8] Use of undefined constant goods_name - assumed 'goods_name' E:\Workspace\php\www\myshop\Runtime\Cache\Home\8a1d6be79fc900f44e45dbf87a765187.php 第 162 行.
NOTIC: [8] Use of undefined constant goods_name - assumed 'goods_name' E:\Workspace\php\www\myshop\Runtime\Cache\Home\8a1d6be79fc900f44e45dbf87a765187.php 第 167 行.
NOTIC: [8] Use of undefined constant goods_summary - assumed 'goods_summary' E:\Workspace\php\www\myshop\Runtime\Cache\Home\8a1d6be79fc900f44e45dbf87a765187.php 第 168 行.
NOTIC: [8] Use of undefined constant shop_price - assumed 'shop_price' E:\Workspace\php\www\myshop\Runtime\Cache\Home\8a1d6be79fc900f44e45dbf87a765187.php 第 170 行.
NOTIC: [8] Use of undefined constant goods_img - assumed 'goods_img' E:\Workspace\php\www\myshop\Runtime\Cache\Home\8a1d6be79fc900f44e45dbf87a765187.php 第 162 行.
NOTIC: [8] Use of undefined constant goods_name - assumed 'goods_name' E:\Workspace\php\www\myshop\Runtime\Cache\Home\8a1d6be79fc900f44e45dbf87a765187.php 第 162 行.
NOTIC: [8] Use of undefined constant goods_name - assumed 'goods_name' E:\Workspace\php\www\myshop\Runtime\Cache\Home\8a1d6be79fc900f44e45dbf87a765187.php 第 167 行.
NOTIC: [8] Use of undefined constant goods_summary - assumed 'goods_summary' E:\Workspace\php\www\myshop\Runtime\Cache\Home\8a1d6be79fc900f44e45dbf87a765187.php 第 168 行.
NOTIC: [8] Use of undefined constant shop_price - assumed 'shop_price' E:\Workspace\php\www\myshop\Runtime\Cache\Home\8a1d6be79fc900f44e45dbf87a765187.php 第 170 行.
NOTIC: [8] Use of undefined constant goods_img - assumed 'goods_img' E:\Workspace\php\www\myshop\Runtime\Cache\Home\8a1d6be79fc900f44e45dbf87a765187.php 第 162 行.
NOTIC: [8] Use of undefined constant goods_name - assumed 'goods_name' E:\Workspace\php\www\myshop\Runtime\Cache\Home\8a1d6be79fc900f44e45dbf87a765187.php 第 162 行.
NOTIC: [8] Use of undefined constant goods_name - assumed 'goods_name' E:\Workspace\php\www\myshop\Runtime\Cache\Home\8a1d6be79fc900f44e45dbf87a765187.php 第 167 行.
NOTIC: [8] Use of undefined constant goods_summary - assumed 'goods_summary' E:\Workspace\php\www\myshop\Runtime\Cache\Home\8a1d6be79fc900f44e45dbf87a765187.php 第 168 行.
NOTIC: [8] Use of undefined constant shop_price - assumed 'shop_price' E:\Workspace\php\www\myshop\Runtime\Cache\Home\8a1d6be79fc900f44e45dbf87a765187.php 第 170 行.
NOTIC: [8] Use of undefined constant goods_img - assumed 'goods_img' E:\Workspace\php\www\myshop\Runtime\Cache\Home\8a1d6be79fc900f44e45dbf87a765187.php 第 188 行.
NOTIC: [8] Use of undefined constant goods_img - assumed 'goods_img' E:\Workspace\php\www\myshop\Runtime\Cache\Home\8a1d6be79fc900f44e45dbf87a765187.php 第 188 行.
NOTIC: [8] Use of undefined constant goods_img - assumed 'goods_img' E:\Workspace\php\www\myshop\Runtime\Cache\Home\8a1d6be79fc900f44e45dbf87a765187.php 第 188 行.
NOTIC: [8] Use of undefined constant goods_img - assumed 'goods_img' E:\Workspace\php\www\myshop\Runtime\Cache\Home\8a1d6be79fc900f44e45dbf87a765187.php 第 188 行.
INFO: Run Behavior\ParseTemplateBehavior [ RunTime:0.052505s ]
INFO: [ view_parse ] --END-- [ RunTime:0.052619s ]
INFO: [ view_filter ] --START--
INFO: Run Behavior\WriteHtmlCacheBehavior [ RunTime:0.000829s ]
INFO: [ view_filter ] --END-- [ RunTime:0.000900s ]
INFO: [ app_end ] --START--
INFO: Run Behavior\ShowPageTraceBehavior [ RunTime:0.001449s ]
INFO: [ app_end ] --END-- [ RunTime:0.001537s ]

